#
# A fatal error has been detected by the Java Runtime Environment:
#
#  EXCEPTION_PRIV_INSTRUCTION (0xc0000096) at pc=0x000001e6ded9b371, pid=13132, tid=5164
#
# JRE version: OpenJDK Runtime Environment (11.0.15) (build 11.0.15+0-b2043.56-8887301)
# Java VM: OpenJDK 64-Bit Server VM (11.0.15+0-b2043.56-8887301, mixed mode, tiered, compressed oops, g1 gc, windows-amd64)
# Problematic frame:
# J 10549 c1 org.gradle.internal.execution.steps.SkipEmptyWorkStep.execute(Lorg/gradle/internal/execution/UnitOfWork;Lorg/gradle/internal/execution/steps/Context;)Lorg/gradle/internal/execution/steps/Result; (10 bytes) @ 0x000001e6ded9b371 [0x000001e6ded9b360+0x0000000000000011]
#
# No core dump will be written. Minidumps are not enabled by default on client versions of Windows
#
# If you would like to submit a bug report, please visit:
#   https://bugreport.java.com/bugreport/crash.jsp
#

---------------  S U M M A R Y ------------

Command Line: --add-opens=java.base/java.util=ALL-UNNAMED --add-opens=java.base/java.lang=ALL-UNNAMED --add-opens=java.base/java.lang.invoke=ALL-UNNAMED --add-opens=java.base/java.util=ALL-UNNAMED --add-opens=java.prefs/java.util.prefs=ALL-UNNAMED --add-opens=java.prefs/java.util.prefs=ALL-UNNAMED --add-opens=java.base/java.nio.charset=ALL-UNNAMED --add-opens=java.base/java.net=ALL-UNNAMED --add-opens=java.base/java.util.concurrent.atomic=ALL-UNNAMED -Xmx2048m -Dfile.encoding=UTF-8 -Duser.country=US -Duser.language=en -Duser.variant org.gradle.launcher.daemon.bootstrap.GradleDaemon 7.5

Host: Intel(R) Core(TM) i5-4210U CPU @ 1.70GHz, 4 cores, 7G,  Windows 10 , 64 bit Build 19041 (10.0.19041.2546)
Time: Sun Mar 19 17:17:23 2023 India Standard Time elapsed time: 23.727414 seconds (0d 0h 0m 23s)

---------------  T H R E A D  ---------------

Current thread (0x000001e6f6e24800):  JavaThread "Unconstrained build operations Thread 14" [_thread_in_Java, id=5164, stack(0x000000461f800000,0x000000461f900000)]

Stack: [0x000000461f800000,0x000000461f900000],  sp=0x000000461f8fd4e8,  free space=1013k
Native frames: (J=compiled Java code, j=interpreted, Vv=VM code, C=native code)
C  0x000001e6ded9b371


siginfo: EXCEPTION_PRIV_INSTRUCTION (0xc0000096)


Register to memory mapping:

RIP=0x000001e6ded9b371 is at entry_point+17 in (nmethod*)0x000001e6ded9b190
RAX=0x0000000100662c78 is a pointer to class: 
org.gradle.internal.execution.steps.SkipEmptyWorkStep {0x0000000100662c80}
RBX=0x0000000100bdf310 is a pointer to class: 
org.gradle.internal.execution.steps.LoadPreviousExecutionStateStep$1 {0x0000000100bdf318}
RCX=0x0 is NULL
RDX=0x0000000082ba8e08 is an oop: org.gradle.internal.execution.steps.SkipEmptyWorkStep 
{0x0000000082ba8e08} - klass: 'org/gradle/internal/execution/steps/SkipEmptyWorkStep'
RSP=0x000000461f8fd4e8 is pointing into the stack for thread: 0x000001e6f6e24800
RBP=0x000000461f8fe4d8 is pointing into the stack for thread: 0x000001e6f6e24800
RSI=0x00000000897f94c0 is an oop: org.gradle.internal.execution.steps.LoadPreviousExecutionStateStep$1 
{0x00000000897f94c0} - klass: 'org/gradle/internal/execution/steps/LoadPreviousExecutionStateStep$1'
RDI=0x000001e6808be320 is pointing into metadata
R8 =0x00000000899f76e8 is an oop: org.gradle.api.internal.artifacts.transform.DefaultTransformerInvocationFactory$ImmutableTransformerExecution 
{0x00000000899f76e8} - klass: 'org/gradle/api/internal/artifacts/transform/DefaultTransformerInvocationFactory$ImmutableTransformerExecution'
R9 =0x00000000897f94c0 is an oop: org.gradle.internal.execution.steps.LoadPreviousExecutionStateStep$1 
{0x00000000897f94c0} - klass: 'org/gradle/internal/execution/steps/LoadPreviousExecutionStateStep$1'
R10=0x0000000100662c78 is a pointer to class: 
org.gradle.internal.execution.steps.SkipEmptyWorkStep {0x0000000100662c80}
R11=0x00000000000002e8 is an unknown value
R12=0x0 is NULL
R13=0x0 is NULL
R14=0x0 is NULL
R15=0x000001e6f6e24800 is a thread


Registers:
RAX=0x0000000100662c78, RBX=0x0000000100bdf310, RCX=0x0000000000000000, RDX=0x0000000082ba8e08
RSP=0x000000461f8fd4e8, RBP=0x000000461f8fe4d8, RSI=0x00000000897f94c0, RDI=0x000001e6808be320
R8 =0x00000000899f76e8, R9 =0x00000000897f94c0, R10=0x0000000100662c78, R11=0x00000000000002e8
R12=0x0000000000000000, R13=0x0000000000000000, R14=0x0000000000000000, R15=0x000001e6f6e24800
RIP=0x000001e6ded9b371, EFLAGS=0x0000000000010246

Top of Stack: (sp=0x000000461f8fd4e8)
0x000000461f8fd4e8:   000001e6df0df45c 0000000000000010
0x000000461f8fd4f8:   00000000897f8dc8 0000000000000020
0x000000461f8fd508:   00000000897f9068 0000000080fa1be0
0x000000461f8fd518:   0000000080fa6518 00000000897f8a70
0x000000461f8fd528:   00000000897f8c88 000000461f8fe4d8
0x000000461f8fd538:   000001e6de277894 000000461f8fe4d8
0x000000461f8fd548:   000001e6de21b7f7 00000000897f8f48
0x000000461f8fd558:   000001e6dec8fa0c 0000000000000020
0x000000461f8fd568:   00000000897f8d80 000000461f8fe4d8
0x000000461f8fd578:   000001e6dec347b8 0000000000000000
0x000000461f8fd588:   00000000897f90a8 000000461f8fe4d8
0x000000461f8fd598:   00000000816f57c0 00000000897f90a8
0x000000461f8fd5a8:   00000000816f5660 0000000080fa6470
0x000000461f8fd5b8:   00000000897f94c0 000000461f8fe4d8
0x000000461f8fd5c8:   000001e6deca008c 000000461f8fe4d8
0x000000461f8fd5d8:   000001e6ded9a5c4 000000461f8fe4d8 

Instructions: (pc=0x000001e6ded9b371)
0x000001e6ded9b271:   00 00 00 00 00 00 00 00 00 00 00 00 00 00 00 00
0x000001e6ded9b281:   00 00 00 00 00 00 00 00 00 00 00 00 00 00 00 60
0x000001e6ded9b291:   b3 d9 de e6 01 00 00 80 b3 d9 de e6 01 00 00 60
0x000001e6ded9b2a1:   b3 d9 de e6 01 00 00 e4 03 00 00 88 03 00 00 d0
0x000001e6ded9b2b1:   01 00 00 d0 03 00 00 18 04 00 00 20 04 00 00 00
0x000001e6ded9b2c1:   00 00 00 58 04 00 00 a8 04 00 00 b0 04 00 00 b0
0x000001e6ded9b2d1:   04 00 00 b0 04 00 00 20 00 00 00 35 29 00 00 03
0x000001e6ded9b2e1:   00 00 00 00 00 00 00 00 00 00 00 02 00 00 00 00
0x000001e6ded9b2f1:   00 00 00 00 00 00 00 e0 01 00 00 ff ff ff ff ff
0x000001e6ded9b301:   ff ff ff 00 00 00 00 0b 60 21 c0 2e c0 16 c0 27
0x000001e6ded9b311:   64 10 c0 8b c0 1f c0 0a c0 1c 34 11 b0 04 c0 17
0x000001e6ded9b321:   64 0e 64 35 64 1a 00 01 f8 89 fe 05 50 00 c0 0a
0x000001e6ded9b331:   64 05 64 03 f8 5b d2 58 29 f8 7f 05 70 0e 60 01
0x000001e6ded9b341:   f8 2e ff 0e 90 0c 64 00 00 00 00 00 00 00 00 00
0x000001e6ded9b351:   00 00 00 00 00 00 00 00 00 00 00 00 00 00 00 44
0x000001e6ded9b361:   8b 52 08 49 c1 e2 03 4c 3b d0 0f 85 0f 00 55 fe
0x000001e6ded9b371:   66 66 66 0f 1f 84 00 00 00 00 00 66 66 66 90 89
0x000001e6ded9b381:   84 24 00 90 ff ff 55 48 83 ec 30 48 be d0 bd 26
0x000001e6ded9b391:   80 e6 01 00 00 8b be 00 01 00 00 83 c7 08 89 be
0x000001e6ded9b3a1:   00 01 00 00 81 e7 f8 1f 00 00 83 ff 00 0f 84 38
0x000001e6ded9b3b1:   01 00 00 49 83 f9 00 75 16 48 bf d0 bd 26 80 e6
0x000001e6ded9b3c1:   01 00 00 80 8f 39 01 00 00 01 e9 de 00 00 00 48
0x000001e6ded9b3d1:   bb d0 de 42 00 01 00 00 00 41 8b 79 08 48 c1 e7
0x000001e6ded9b3e1:   03 48 3b 5f 20 0f 84 1b 00 00 00 48 3b fb 0f 84
0x000001e6ded9b3f1:   12 00 00 00 57 53 e8 04 6c 5f fe 5f 5f 83 ff 00
0x000001e6ded9b401:   0f 84 8b 00 00 00 48 bf d0 bd 26 80 e6 01 00 00
0x000001e6ded9b411:   41 8b 59 08 48 c1 e3 03 48 3b 9f 50 01 00 00 75
0x000001e6ded9b421:   0d 48 83 87 58 01 00 00 01 e9 7f 00 00 00 48 3b
0x000001e6ded9b431:   9f 60 01 00 00 75 0d 48 83 87 68 01 00 00 01 e9
0x000001e6ded9b441:   69 00 00 00 48 81 bf 50 01 00 00 00 00 00 00 75
0x000001e6ded9b451:   17 48 89 9f 50 01 00 00 48 c7 87 58 01 00 00 01
0x000001e6ded9b461:   00 00 00 e9 45 00 00 00 48 81 bf 60 01 00 00 00 


Stack slot to memory mapping:
stack at sp + 0 slots: 0x000001e6df0df45c is at entry_point+604 in (nmethod*)0x000001e6df0def90
stack at sp + 1 slots: 0x0000000000000010 is an unknown value
stack at sp + 2 slots: 0x00000000897f8dc8 is an oop: java.lang.StringBuilder 
{0x00000000897f8dc8} - klass: 'java/lang/StringBuilder'
stack at sp + 3 slots: 0x0000000000000020 is an unknown value
stack at sp + 4 slots: 0x00000000897f9068 is an oop: org.gradle.cache.internal.AsyncCacheAccessDecoratedCache$$Lambda$334/0x000000010046d840 
{0x00000000897f9068} - klass: 'org/gradle/cache/internal/AsyncCacheAccessDecoratedCache$$Lambda$334'
stack at sp + 5 slots: 0x0000000080fa1be0 is an oop: org.gradle.cache.internal.CacheAccessWorker 
{0x0000000080fa1be0} - klass: 'org/gradle/cache/internal/CacheAccessWorker'
stack at sp + 6 slots: 0x0000000080fa6518 is an oop: org.gradle.cache.internal.LockOnDemandCrossProcessCacheAccess$UnlockAction 
{0x0000000080fa6518} - klass: 'org/gradle/cache/internal/LockOnDemandCrossProcessCacheAccess$UnlockAction'
stack at sp + 7 slots: 
[error occurred during error reporting (inspecting top of stack), id 0xc0000005, EXCEPTION_ACCESS_VIOLATION (0xc0000005) at pc=0x00007ff8d1ea88a6]



---------------  P R O C E S S  ---------------

Threads class SMR info:
_java_thread_list=0x000001e6f9a527a0, length=91, elements={
0x000001e6d7f89000, 0x000001e6f3b03000, 0x000001e6f3b06800, 0x000001e6f4493800,
0x000001e6f3b1e000, 0x000001e6f3b20800, 0x000001e6f3b2c000, 0x000001e6f3b2d000,
0x000001e6f3b33000, 0x000001e6f45d8800, 0x000001e6f708e800, 0x000001e6f5234800,
0x000001e6f51f3000, 0x000001e6f5293800, 0x000001e6f53b5000, 0x000001e6f708d000,
0x000001e6f5444000, 0x000001e6f7061800, 0x000001e6f6506000, 0x000001e6f6643800,
0x000001e6f4bf4800, 0x000001e6f6b81800, 0x000001e6f6b7d800, 0x000001e6f6b7c000,
0x000001e6f6b7d000, 0x000001e6f6b82800, 0x000001e6f6b7e800, 0x000001e6f6b7f800,
0x000001e6f6b80000, 0x000001e6f6b81000, 0x000001e6f6b25800, 0x000001e6f6b28000,
0x000001e6f6b29000, 0x000001e6f6b26800, 0x000001e6f6b31000, 0x000001e6f6b2b800,
0x000001e6f6b2e000, 0x000001e6f6b2f800, 0x000001e6f6b30000, 0x000001e6f6b32000,
0x000001e6f6b2c000, 0x000001e6f6b32800, 0x000001e6f6e27000, 0x000001e6f6e28800,
0x000001e6f6e25800, 0x000001e6f6e28000, 0x000001e6f6e23000, 0x000001e6f6e26800,
0x000001e6f6e24000, 0x000001e6f6e29800, 0x000001e6f6e2a800, 0x000001e6f6e24800,
0x000001e6f6e2d800, 0x000001e6f6e2c000, 0x000001e6f6e2e800, 0x000001e6f6e2f000,
0x000001e6f6e2d000, 0x000001e6f6e30000, 0x000001e6f6e2b000, 0x000001e6f6e31000,
0x000001e6f6e31800, 0x000001e6f4aa6000, 0x000001e6f4aa6800, 0x000001e6f4aa7800,
0x000001e6f4aa8800, 0x000001e6f4aa9000, 0x000001e6f4aaa000, 0x000001e6f4aa4800,
0x000001e6f4aab000, 0x000001e6f4aa5000, 0x000001e6f4aab800, 0x000001e6f4aaf000,
0x000001e6f4aaf800, 0x000001e6f4ab0800, 0x000001e6f4ab1800, 0x000001e6f4aac800,
0x000001e6f4aae000, 0x000001e6f4ab2000, 0x000001e6f4ab3000, 0x000001e6f4aad800,
0x000001e6f797a800, 0x000001e6f797d800, 0x000001e6f797e800, 0x000001e6f7979800,
0x000001e6f797b000, 0x000001e6f7978800, 0x000001e6f797f000, 0x000001e6f7983800,
0x000001e6f7981000, 0x000001e6f7981800, 0x000001e6f7984000
}

Java Threads: ( => current thread )
  0x000001e6d7f89000 JavaThread "main" [_thread_blocked, id=1396, stack(0x000000461bb00000,0x000000461bc00000)]
  0x000001e6f3b03000 JavaThread "Reference Handler" daemon [_thread_blocked, id=804, stack(0x000000461c200000,0x000000461c300000)]
  0x000001e6f3b06800 JavaThread "Finalizer" daemon [_thread_blocked, id=7400, stack(0x000000461c300000,0x000000461c400000)]
  0x000001e6f4493800 JavaThread "Signal Dispatcher" daemon [_thread_blocked, id=11944, stack(0x000000461c400000,0x000000461c500000)]
  0x000001e6f3b1e000 JavaThread "Attach Listener" daemon [_thread_blocked, id=2176, stack(0x000000461c500000,0x000000461c600000)]
  0x000001e6f3b20800 JavaThread "Service Thread" daemon [_thread_blocked, id=9880, stack(0x000000461c600000,0x000000461c700000)]
  0x000001e6f3b2c000 JavaThread "C2 CompilerThread0" daemon [_thread_blocked, id=11368, stack(0x000000461c700000,0x000000461c800000)]
  0x000001e6f3b2d000 JavaThread "C1 CompilerThread0" daemon [_thread_blocked, id=5276, stack(0x000000461c800000,0x000000461c900000)]
  0x000001e6f3b33000 JavaThread "Sweeper thread" daemon [_thread_blocked, id=1716, stack(0x000000461c900000,0x000000461ca00000)]
  0x000001e6f45d8800 JavaThread "Common-Cleaner" daemon [_thread_blocked, id=12684, stack(0x000000461ca00000,0x000000461cb00000)]
  0x000001e6f708e800 JavaThread "Daemon health stats" [_thread_blocked, id=13112, stack(0x000000461cf00000,0x000000461d000000)]
  0x000001e6f5234800 JavaThread "Incoming local TCP Connector on port 63386" [_thread_in_native, id=836, stack(0x000000461cc00000,0x000000461cd00000)]
  0x000001e6f51f3000 JavaThread "Daemon periodic checks" [_thread_blocked, id=8168, stack(0x000000461d000000,0x000000461d100000)]
  0x000001e6f5293800 JavaThread "Daemon" [_thread_blocked, id=11624, stack(0x000000461d100000,0x000000461d200000)]
  0x000001e6f53b5000 JavaThread "Handler for socket connection from /127.0.0.1:63386 to /127.0.0.1:63387" [_thread_in_native, id=7536, stack(0x000000461d200000,0x000000461d300000)]
  0x000001e6f708d000 JavaThread "Cancel handler" [_thread_blocked, id=5208, stack(0x000000461d300000,0x000000461d400000)]
  0x000001e6f5444000 JavaThread "Daemon worker" [_thread_blocked, id=8372, stack(0x000000461d400000,0x000000461d500000)]
  0x000001e6f7061800 JavaThread "C2 CompilerThread1" daemon [_thread_in_native, id=6504, stack(0x000000461d500000,0x000000461d600000)]
  0x000001e6f6506000 JavaThread "Asynchronous log dispatcher for DefaultDaemonConnection: socket connection from /127.0.0.1:63386 to /127.0.0.1:63387" [_thread_blocked, id=8580, stack(0x000000461d600000,0x000000461d700000)]
  0x000001e6f6643800 JavaThread "Stdin handler" [_thread_blocked, id=5128, stack(0x000000461d700000,0x000000461d800000)]
  0x000001e6f4bf4800 JavaThread "Daemon client event forwarder" [_thread_blocked, id=11632, stack(0x000000461d900000,0x000000461da00000)]
  0x000001e6f6b81800 JavaThread "Cache worker for journal cache (C:\Users\ashish aggarwal\.gradle\caches\journal-1)" [_thread_blocked, id=10696, stack(0x000000461da00000,0x000000461db00000)]
  0x000001e6f6b7d800 JavaThread "File lock request listener" [_thread_in_native, id=11220, stack(0x000000461db00000,0x000000461dc00000)]
  0x000001e6f6b7c000 JavaThread "Cache worker for file hash cache (C:\Users\ashish aggarwal\.gradle\caches\7.5\fileHashes)" [_thread_blocked, id=2320, stack(0x000000461dc00000,0x000000461dd00000)]
  0x000001e6f6b7d000 JavaThread "File watcher server" daemon [_thread_in_native, id=6368, stack(0x000000461dd00000,0x000000461de00000)]
  0x000001e6f6b82800 JavaThread "File watcher consumer" daemon [_thread_blocked, id=7084, stack(0x000000461de00000,0x000000461df00000)]
  0x000001e6f6b7e800 JavaThread "Cache worker for checksums cache (C:\Users\ashish aggarwal\AndroidStudioProjects\YourMoney\.gradle\7.5\checksums)" [_thread_blocked, id=6572, stack(0x000000461df00000,0x000000461e000000)]
  0x000001e6f6b7f800 JavaThread "Cache worker for cache directory md-rule (C:\Users\ashish aggarwal\.gradle\caches\7.5\md-rule)" [_thread_blocked, id=10448, stack(0x000000461e000000,0x000000461e100000)]
  0x000001e6f6b80000 JavaThread "Cache worker for file content cache (C:\Users\ashish aggarwal\.gradle\caches\7.5\fileContent)" [_thread_blocked, id=108, stack(0x000000461e100000,0x000000461e200000)]
  0x000001e6f6b81000 JavaThread "Cache worker for file hash cache (C:\Users\ashish aggarwal\AndroidStudioProjects\YourMoney\.gradle\7.5\fileHashes)" [_thread_blocked, id=9188, stack(0x000000461e200000,0x000000461e300000)]
  0x000001e6f6b25800 JavaThread "Cache worker for cache directory md-supplier (C:\Users\ashish aggarwal\.gradle\caches\7.5\md-supplier)" [_thread_blocked, id=11628, stack(0x000000461e300000,0x000000461e400000)]
  0x000001e6f6b28000 JavaThread "Cache worker for execution history cache (C:\Users\ashish aggarwal\.gradle\caches\7.5\executionHistory)" [_thread_blocked, id=6248, stack(0x000000461e400000,0x000000461e500000)]
  0x000001e6f6b29000 JavaThread "jar transforms" [_thread_blocked, id=7188, stack(0x000000461e500000,0x000000461e600000)]
  0x000001e6f6b26800 JavaThread "jar transforms Thread 2" [_thread_blocked, id=6596, stack(0x000000461e600000,0x000000461e700000)]
  0x000001e6f6b31000 JavaThread "jar transforms Thread 3" [_thread_blocked, id=2840, stack(0x000000461e700000,0x000000461e800000)]
  0x000001e6f6b2b800 JavaThread "jar transforms Thread 4" [_thread_blocked, id=9256, stack(0x000000461e800000,0x000000461e900000)]
  0x000001e6f6b2e000 JavaThread "Cache worker for dependencies-accessors (C:\Users\ashish aggarwal\AndroidStudioProjects\YourMoney\.gradle\7.5\dependencies-accessors)" [_thread_blocked, id=1240, stack(0x000000461e900000,0x000000461ea00000)]
  0x000001e6f6b2f800 JavaThread "Cache worker for Build Output Cleanup Cache (C:\Users\ashish aggarwal\AndroidStudioProjects\YourMoney\.gradle\buildOutputCleanup)" [_thread_blocked, id=11868, stack(0x000000461ea00000,0x000000461eb00000)]
  0x000001e6f6b30000 JavaThread "Unconstrained build operations" [_thread_blocked, id=5088, stack(0x000000461eb00000,0x000000461ec00000)]
  0x000001e6f6b32000 JavaThread "Unconstrained build operations Thread 2" [_thread_blocked, id=11936, stack(0x000000461ec00000,0x000000461ed00000)]
  0x000001e6f6b2c000 JavaThread "Unconstrained build operations Thread 3" [_thread_blocked, id=2064, stack(0x000000461ed00000,0x000000461ee00000)]
  0x000001e6f6b32800 JavaThread "Unconstrained build operations Thread 4" [_thread_blocked, id=10476, stack(0x000000461ee00000,0x000000461ef00000)]
  0x000001e6f6e27000 JavaThread "Unconstrained build operations Thread 5" [_thread_blocked, id=3452, stack(0x000000461ef00000,0x000000461f000000)]
  0x000001e6f6e28800 JavaThread "Unconstrained build operations Thread 6" [_thread_blocked, id=1188, stack(0x000000461f000000,0x000000461f100000)]
  0x000001e6f6e25800 JavaThread "Unconstrained build operations Thread 7" [_thread_blocked, id=11128, stack(0x000000461f100000,0x000000461f200000)]
  0x000001e6f6e28000 JavaThread "Unconstrained build operations Thread 8" [_thread_blocked, id=672, stack(0x000000461f200000,0x000000461f300000)]
  0x000001e6f6e23000 JavaThread "Unconstrained build operations Thread 9" [_thread_blocked, id=10848, stack(0x000000461f300000,0x000000461f400000)]
  0x000001e6f6e26800 JavaThread "Unconstrained build operations Thread 10" [_thread_blocked, id=12140, stack(0x000000461f400000,0x000000461f500000)]
  0x000001e6f6e24000 JavaThread "Unconstrained build operations Thread 11" [_thread_blocked, id=4440, stack(0x000000461f500000,0x000000461f600000)]
  0x000001e6f6e29800 JavaThread "Unconstrained build operations Thread 12" [_thread_in_vm, id=2180, stack(0x000000461f600000,0x000000461f700000)]
  0x000001e6f6e2a800 JavaThread "Unconstrained build operations Thread 13" [_thread_blocked, id=5900, stack(0x000000461f700000,0x000000461f800000)]
=>0x000001e6f6e24800 JavaThread "Unconstrained build operations Thread 14" [_thread_in_Java, id=5164, stack(0x000000461f800000,0x000000461f900000)]
  0x000001e6f6e2d800 JavaThread "Unconstrained build operations Thread 15" [_thread_blocked, id=9736, stack(0x000000461f900000,0x000000461fa00000)]
  0x000001e6f6e2c000 JavaThread "Unconstrained build operations Thread 16" [_thread_blocked, id=7752, stack(0x000000461fa00000,0x000000461fb00000)]
  0x000001e6f6e2e800 JavaThread "Unconstrained build operations Thread 17" [_thread_blocked, id=10112, stack(0x000000461fb00000,0x000000461fc00000)]
  0x000001e6f6e2f000 JavaThread "Unconstrained build operations Thread 18" [_thread_blocked, id=1896, stack(0x000000461fc00000,0x000000461fd00000)]
  0x000001e6f6e2d000 JavaThread "Unconstrained build operations Thread 19" [_thread_blocked, id=10864, stack(0x000000461fd00000,0x000000461fe00000)]
  0x000001e6f6e30000 JavaThread "Unconstrained build operations Thread 20" [_thread_blocked, id=12160, stack(0x000000461fe00000,0x000000461ff00000)]
  0x000001e6f6e2b000 JavaThread "Unconstrained build operations Thread 21" [_thread_blocked, id=5100, stack(0x000000461ff00000,0x0000004620000000)]
  0x000001e6f6e31000 JavaThread "Unconstrained build operations Thread 22" [_thread_blocked, id=9260, stack(0x0000004620000000,0x0000004620100000)]
  0x000001e6f6e31800 JavaThread "Unconstrained build operations Thread 23" [_thread_blocked, id=11568, stack(0x0000004620100000,0x0000004620200000)]
  0x000001e6f4aa6000 JavaThread "Unconstrained build operations Thread 24" [_thread_blocked, id=13296, stack(0x0000004620200000,0x0000004620300000)]
  0x000001e6f4aa6800 JavaThread "Unconstrained build operations Thread 25" [_thread_blocked, id=10180, stack(0x0000004620300000,0x0000004620400000)]
  0x000001e6f4aa7800 JavaThread "Unconstrained build operations Thread 26" [_thread_blocked, id=8184, stack(0x0000004620400000,0x0000004620500000)]
  0x000001e6f4aa8800 JavaThread "Unconstrained build operations Thread 27" [_thread_blocked, id=1892, stack(0x0000004620500000,0x0000004620600000)]
  0x000001e6f4aa9000 JavaThread "Unconstrained build operations Thread 28" [_thread_blocked, id=10616, stack(0x0000004620600000,0x0000004620700000)]
  0x000001e6f4aaa000 JavaThread "Unconstrained build operations Thread 29" [_thread_blocked, id=12396, stack(0x0000004620700000,0x0000004620800000)]
  0x000001e6f4aa4800 JavaThread "Unconstrained build operations Thread 30" [_thread_blocked, id=6996, stack(0x0000004620800000,0x0000004620900000)]
  0x000001e6f4aab000 JavaThread "Unconstrained build operations Thread 31" [_thread_in_vm, id=8612, stack(0x0000004620900000,0x0000004620a00000)]
  0x000001e6f4aa5000 JavaThread "Unconstrained build operations Thread 32" [_thread_blocked, id=12688, stack(0x0000004620a00000,0x0000004620b00000)]
  0x000001e6f4aab800 JavaThread "Unconstrained build operations Thread 33" [_thread_blocked, id=9120, stack(0x0000004620b00000,0x0000004620c00000)]
  0x000001e6f4aaf000 JavaThread "Unconstrained build operations Thread 34" [_thread_blocked, id=12960, stack(0x0000004620c00000,0x0000004620d00000)]
  0x000001e6f4aaf800 JavaThread "Unconstrained build operations Thread 35" [_thread_blocked, id=4708, stack(0x0000004620d00000,0x0000004620e00000)]
  0x000001e6f4ab0800 JavaThread "Unconstrained build operations Thread 36" [_thread_blocked, id=10752, stack(0x0000004620e00000,0x0000004620f00000)]
  0x000001e6f4ab1800 JavaThread "Unconstrained build operations Thread 37" [_thread_blocked, id=8968, stack(0x0000004620f00000,0x0000004621000000)]
  0x000001e6f4aac800 JavaThread "Unconstrained build operations Thread 38" [_thread_blocked, id=12608, stack(0x0000004621000000,0x0000004621100000)]
  0x000001e6f4aae000 JavaThread "Unconstrained build operations Thread 39" [_thread_blocked, id=12720, stack(0x0000004621100000,0x0000004621200000)]
  0x000001e6f4ab2000 JavaThread "Unconstrained build operations Thread 40" [_thread_blocked, id=1268, stack(0x0000004621200000,0x0000004621300000)]
  0x000001e6f4ab3000 JavaThread "build event listener" [_thread_blocked, id=8288, stack(0x0000004621300000,0x0000004621400000)]
  0x000001e6f4aad800 JavaThread "Memory manager" [_thread_blocked, id=12916, stack(0x0000004621400000,0x0000004621500000)]
  0x000001e6f797a800 JavaThread "pool-3-thread-1" [_thread_blocked, id=5616, stack(0x0000004621500000,0x0000004621600000)]
  0x000001e6f797d800 JavaThread "build event listener" [_thread_blocked, id=10608, stack(0x0000004621600000,0x0000004621700000)]
  0x000001e6f797e800 JavaThread "included builds" [_thread_blocked, id=8876, stack(0x0000004621700000,0x0000004621800000)]
  0x000001e6f7979800 JavaThread "Execution worker" [_thread_blocked, id=6048, stack(0x0000004621800000,0x0000004621900000)]
  0x000001e6f797b000 JavaThread "Execution worker Thread 2" [_thread_blocked, id=12384, stack(0x0000004621900000,0x0000004621a00000)]
  0x000001e6f7978800 JavaThread "Execution worker Thread 3" [_thread_blocked, id=6564, stack(0x0000004621a00000,0x0000004621b00000)]
  0x000001e6f797f000 JavaThread "Cache worker for execution history cache (C:\Users\ashish aggarwal\AndroidStudioProjects\YourMoney\.gradle\7.5\executionHistory)" [_thread_blocked, id=7308, stack(0x0000004621b00000,0x0000004621c00000)]
  0x000001e6f7983800 JavaThread "WorkerExecutor Queue" [_thread_blocked, id=9772, stack(0x0000004621c00000,0x0000004621d00000)]
  0x000001e6f7981000 JavaThread "RMI Scheduler(0)" daemon [_thread_blocked, id=5536, stack(0x0000004621d00000,0x0000004621e00000)]
  0x000001e6f7981800 JavaThread "RMI RenewClean-[127.0.0.1:17772,org.jetbrains.kotlin.daemon.common.LoopbackNetworkInterface$ClientLoopbackSocketFactory@1c112a6f]" daemon [_thread_blocked, id=3704, stack(0x0000004621e00000,0x0000004621f00000)]
  0x000001e6f7984000 JavaThread "RMI GC Daemon" daemon [_thread_blocked, id=12932, stack(0x0000004621f00000,0x0000004622000000)]

Other Threads:
  0x000001e6f3afe800 VMThread "VM Thread" [stack: 0x000000461c100000,0x000000461c200000] [id=5068] _threads_hazard_ptr=0x000001e6f9a527a0
  0x000001e6f45e2000 WatcherThread [stack: 0x000000461cb00000,0x000000461cc00000] [id=10512]
  0x000001e6d7e1c000 GCTaskThread "GC Thread#0" [stack: 0x000000461bc00000,0x000000461bd00000] [id=12860]
  0x000001e6f5049800 GCTaskThread "GC Thread#1" [stack: 0x000000461cd00000,0x000000461ce00000] [id=12716]
  0x000001e6f5098800 GCTaskThread "GC Thread#2" [stack: 0x000000461ce00000,0x000000461cf00000] [id=12700]
  0x000001e6f7062000 GCTaskThread "GC Thread#3" [stack: 0x000000461d800000,0x000000461d900000] [id=6780]
  0x000001e6d7fce000 ConcurrentGCThread "G1 Main Marker" [stack: 0x000000461bd00000,0x000000461be00000] [id=12280]
  0x000001e6d7fcf000 ConcurrentGCThread "G1 Conc#0" [stack: 0x000000461be00000,0x000000461bf00000] [id=5232]
  0x000001e6d805c800 ConcurrentGCThread "G1 Refine#0" [stack: 0x000000461bf00000,0x000000461c000000] [id=5320]
  0x000001e6d805d800 ConcurrentGCThread "G1 Young RemSet Sampling" [stack: 0x000000461c000000,0x000000461c100000] [id=11360]

Threads with active compile tasks:
C2 CompilerThread1    23809 12109       4       java.util.TimSort::sort (229 bytes)

VM state:synchronizing (normal execution)

VM Mutex/Monitor currently owned by a thread:  ([mutex/lock_event])
[0x000001e6d7f85fb0] Safepoint_lock - owner thread: 0x000001e6f3afe800
[0x000001e6d7f849c0] Threads_lock - owner thread: 0x000001e6f3afe800
[0x000001e6d7f86160] Compile_lock - owner thread: 0x000001e6f7983800

Heap address: 0x0000000080000000, size: 2048 MB, Compressed Oops mode: 32-bit
Narrow klass base: 0x0000000000000000, Narrow klass shift: 3
Compressed class space size: 1073741824 Address: 0x0000000100000000

Heap:
 garbage-first heap   total 227328K, used 168394K [0x0000000080000000, 0x0000000100000000)
  region size 1024K, 82 young (83968K), 8 survivors (8192K)
 Metaspace       used 99252K, capacity 101985K, committed 102276K, reserved 1138688K
  class space    used 12746K, capacity 13747K, committed 13848K, reserved 1048576K
Heap Regions: E=young(eden), S=young(survivor), O=old, HS=humongous(starts), HC=humongous(continues), CS=collection set, F=free, A=archive, TAMS=top-at-mark-start (previous, next)
|   0|0x0000000080000000, 0x0000000080100000, 0x0000000080100000|100%|HS|  |TAMS 0x0000000080100000, 0x0000000080000000| Complete 
|   1|0x0000000080100000, 0x0000000080200000, 0x0000000080200000|100%|HC|  |TAMS 0x0000000080200000, 0x0000000080100000| Complete 
|   2|0x0000000080200000, 0x0000000080300000, 0x0000000080300000|100%|HC|  |TAMS 0x0000000080300000, 0x0000000080200000| Complete 
|   3|0x0000000080300000, 0x0000000080400000, 0x0000000080400000|100%| O|  |TAMS 0x0000000080400000, 0x0000000080300000| Untracked 
|   4|0x0000000080400000, 0x0000000080500000, 0x0000000080500000|100%| O|  |TAMS 0x0000000080500000, 0x0000000080400000| Untracked 
|   5|0x0000000080500000, 0x0000000080600000, 0x0000000080600000|100%| O|  |TAMS 0x0000000080600000, 0x0000000080500000| Untracked 
|   6|0x0000000080600000, 0x0000000080700000, 0x0000000080700000|100%| O|  |TAMS 0x0000000080700000, 0x0000000080600000| Untracked 
|   7|0x0000000080700000, 0x0000000080800000, 0x0000000080800000|100%| O|  |TAMS 0x0000000080800000, 0x0000000080700000| Untracked 
|   8|0x0000000080800000, 0x0000000080900000, 0x0000000080900000|100%| O|  |TAMS 0x0000000080900000, 0x0000000080800000| Untracked 
|   9|0x0000000080900000, 0x0000000080a00000, 0x0000000080a00000|100%| O|  |TAMS 0x0000000080a00000, 0x0000000080900000| Untracked 
|  10|0x0000000080a00000, 0x0000000080b00000, 0x0000000080b00000|100%| O|  |TAMS 0x0000000080b00000, 0x0000000080a00000| Untracked 
|  11|0x0000000080b00000, 0x0000000080c00000, 0x0000000080c00000|100%| O|  |TAMS 0x0000000080c00000, 0x0000000080b00000| Untracked 
|  12|0x0000000080c00000, 0x0000000080d00000, 0x0000000080d00000|100%| O|  |TAMS 0x0000000080d00000, 0x0000000080c00000| Untracked 
|  13|0x0000000080d00000, 0x0000000080e00000, 0x0000000080e00000|100%| O|  |TAMS 0x0000000080e00000, 0x0000000080d00000| Untracked 
|  14|0x0000000080e00000, 0x0000000080f00000, 0x0000000080f00000|100%| O|  |TAMS 0x0000000080f00000, 0x0000000080e00000| Untracked 
|  15|0x0000000080f00000, 0x0000000081000000, 0x0000000081000000|100%| O|  |TAMS 0x0000000081000000, 0x0000000080f00000| Untracked 
|  16|0x0000000081000000, 0x0000000081100000, 0x0000000081100000|100%|HS|  |TAMS 0x0000000081100000, 0x0000000081000000| Complete 
|  17|0x0000000081100000, 0x0000000081200000, 0x0000000081200000|100%| O|  |TAMS 0x0000000081200000, 0x0000000081100000| Untracked 
|  18|0x0000000081200000, 0x0000000081300000, 0x0000000081300000|100%| O|  |TAMS 0x0000000081300000, 0x0000000081200000| Untracked 
|  19|0x0000000081300000, 0x0000000081400000, 0x0000000081400000|100%| O|  |TAMS 0x0000000081400000, 0x0000000081300000| Untracked 
|  20|0x0000000081400000, 0x0000000081500000, 0x0000000081500000|100%| O|  |TAMS 0x0000000081500000, 0x0000000081400000| Untracked 
|  21|0x0000000081500000, 0x0000000081600000, 0x0000000081600000|100%| O|  |TAMS 0x0000000081600000, 0x0000000081500000| Untracked 
|  22|0x0000000081600000, 0x0000000081700000, 0x0000000081700000|100%| O|  |TAMS 0x0000000081700000, 0x0000000081600000| Untracked 
|  23|0x0000000081700000, 0x0000000081800000, 0x0000000081800000|100%| O|  |TAMS 0x0000000081800000, 0x0000000081700000| Untracked 
|  24|0x0000000081800000, 0x0000000081900000, 0x0000000081900000|100%| O|  |TAMS 0x0000000081900000, 0x0000000081800000| Untracked 
|  25|0x0000000081900000, 0x0000000081a00000, 0x0000000081a00000|100%| O|  |TAMS 0x0000000081a00000, 0x0000000081900000| Untracked 
|  26|0x0000000081a00000, 0x0000000081b00000, 0x0000000081b00000|100%| O|  |TAMS 0x0000000081b00000, 0x0000000081a00000| Untracked 
|  27|0x0000000081b00000, 0x0000000081c00000, 0x0000000081c00000|100%| O|  |TAMS 0x0000000081c00000, 0x0000000081b00000| Untracked 
|  28|0x0000000081c00000, 0x0000000081d00000, 0x0000000081d00000|100%| O|  |TAMS 0x0000000081d00000, 0x0000000081c00000| Untracked 
|  29|0x0000000081d00000, 0x0000000081e00000, 0x0000000081e00000|100%|HS|  |TAMS 0x0000000081e00000, 0x0000000081d00000| Complete 
|  30|0x0000000081e00000, 0x0000000081f00000, 0x0000000081f00000|100%|HS|  |TAMS 0x0000000081f00000, 0x0000000081e00000| Complete 
|  31|0x0000000081f00000, 0x0000000082000000, 0x0000000082000000|100%|HS|  |TAMS 0x0000000082000000, 0x0000000081f00000| Complete 
|  32|0x0000000082000000, 0x0000000082100000, 0x0000000082100000|100%|HC|  |TAMS 0x0000000082100000, 0x0000000082000000| Complete 
|  33|0x0000000082100000, 0x0000000082200000, 0x0000000082200000|100%|HC|  |TAMS 0x0000000082200000, 0x0000000082100000| Complete 
|  34|0x0000000082200000, 0x0000000082300000, 0x0000000082300000|100%| O|  |TAMS 0x0000000082200000, 0x0000000082200000| Untracked 
|  35|0x0000000082300000, 0x0000000082400000, 0x0000000082400000|100%| O|  |TAMS 0x0000000082400000, 0x0000000082300000| Untracked 
|  36|0x0000000082400000, 0x0000000082500000, 0x0000000082500000|100%| O|  |TAMS 0x0000000082500000, 0x0000000082400000| Untracked 
|  37|0x0000000082500000, 0x0000000082600000, 0x0000000082600000|100%| O|  |TAMS 0x0000000082500000, 0x0000000082500000| Untracked 
|  38|0x0000000082600000, 0x0000000082700000, 0x0000000082700000|100%| O|  |TAMS 0x0000000082700000, 0x0000000082600000| Untracked 
|  39|0x0000000082700000, 0x0000000082800000, 0x0000000082800000|100%| O|  |TAMS 0x0000000082700000, 0x0000000082700000| Untracked 
|  40|0x0000000082800000, 0x0000000082900000, 0x0000000082900000|100%| O|  |TAMS 0x0000000082800000, 0x0000000082800000| Untracked 
|  41|0x0000000082900000, 0x0000000082a00000, 0x0000000082a00000|100%| O|  |TAMS 0x0000000082a00000, 0x0000000082900000| Untracked 
|  42|0x0000000082a00000, 0x0000000082b00000, 0x0000000082b00000|100%| O|  |TAMS 0x0000000082a00000, 0x0000000082a00000| Untracked 
|  43|0x0000000082b00000, 0x0000000082c00000, 0x0000000082c00000|100%| O|  |TAMS 0x0000000082c00000, 0x0000000082b00000| Untracked 
|  44|0x0000000082c00000, 0x0000000082d00000, 0x0000000082d00000|100%| O|  |TAMS 0x0000000082d00000, 0x0000000082c00000| Untracked 
|  45|0x0000000082d00000, 0x0000000082e00000, 0x0000000082e00000|100%| O|  |TAMS 0x0000000082e00000, 0x0000000082d00000| Untracked 
|  46|0x0000000082e00000, 0x0000000082f00000, 0x0000000082f00000|100%| O|  |TAMS 0x0000000082f00000, 0x0000000082e00000| Untracked 
|  47|0x0000000082f00000, 0x0000000083000000, 0x0000000083000000|100%| O|  |TAMS 0x0000000083000000, 0x0000000082f00000| Untracked 
|  48|0x0000000083000000, 0x0000000083100000, 0x0000000083100000|100%| O|  |TAMS 0x0000000083100000, 0x0000000083000000| Untracked 
|  49|0x0000000083100000, 0x0000000083200000, 0x0000000083200000|100%| O|  |TAMS 0x0000000083200000, 0x0000000083100000| Untracked 
|  50|0x0000000083200000, 0x0000000083300000, 0x0000000083300000|100%| O|  |TAMS 0x0000000083300000, 0x0000000083200000| Untracked 
|  51|0x0000000083300000, 0x0000000083400000, 0x0000000083400000|100%| O|  |TAMS 0x0000000083400000, 0x0000000083300000| Untracked 
|  52|0x0000000083400000, 0x0000000083500000, 0x0000000083500000|100%| O|  |TAMS 0x0000000083500000, 0x0000000083400000| Untracked 
|  53|0x0000000083500000, 0x0000000083600000, 0x0000000083600000|100%| O|  |TAMS 0x0000000083600000, 0x0000000083500000| Untracked 
|  54|0x0000000083600000, 0x0000000083700000, 0x0000000083700000|100%| O|  |TAMS 0x0000000083700000, 0x0000000083600000| Untracked 
|  55|0x0000000083700000, 0x0000000083800000, 0x0000000083800000|100%| O|  |TAMS 0x0000000083800000, 0x0000000083700000| Untracked 
|  56|0x0000000083800000, 0x0000000083900000, 0x0000000083900000|100%| O|  |TAMS 0x0000000083900000, 0x0000000083800000| Untracked 
|  57|0x0000000083900000, 0x0000000083a00000, 0x0000000083a00000|100%| O|  |TAMS 0x00000000839e2600, 0x0000000083900000| Untracked 
|  58|0x0000000083a00000, 0x0000000083b00000, 0x0000000083b00000|100%| O|  |TAMS 0x0000000083a00000, 0x0000000083a00000| Untracked 
|  59|0x0000000083b00000, 0x0000000083c00000, 0x0000000083c00000|100%| O|  |TAMS 0x0000000083b00000, 0x0000000083b00000| Untracked 
|  60|0x0000000083c00000, 0x0000000083d00000, 0x0000000083d00000|100%| O|  |TAMS 0x0000000083c00000, 0x0000000083c00000| Untracked 
|  61|0x0000000083d00000, 0x0000000083e00000, 0x0000000083e00000|100%| O|  |TAMS 0x0000000083d00000, 0x0000000083d00000| Untracked 
|  62|0x0000000083e00000, 0x0000000083f00000, 0x0000000083f00000|100%| O|  |TAMS 0x0000000083e00000, 0x0000000083e00000| Untracked 
|  63|0x0000000083f00000, 0x0000000084000000, 0x0000000084000000|100%| O|  |TAMS 0x0000000083f00000, 0x0000000083f00000| Untracked 
|  64|0x0000000084000000, 0x0000000084100000, 0x0000000084100000|100%| O|  |TAMS 0x0000000084000000, 0x0000000084000000| Untracked 
|  65|0x0000000084100000, 0x0000000084200000, 0x0000000084200000|100%| O|  |TAMS 0x0000000084100000, 0x0000000084100000| Untracked 
|  66|0x0000000084200000, 0x0000000084300000, 0x0000000084300000|100%| O|  |TAMS 0x0000000084200000, 0x0000000084200000| Untracked 
|  67|0x0000000084300000, 0x0000000084400000, 0x0000000084400000|100%| O|  |TAMS 0x0000000084300000, 0x0000000084300000| Untracked 
|  68|0x0000000084400000, 0x0000000084500000, 0x0000000084500000|100%| O|  |TAMS 0x0000000084400000, 0x0000000084400000| Untracked 
|  69|0x0000000084500000, 0x0000000084600000, 0x0000000084600000|100%| O|  |TAMS 0x0000000084500000, 0x0000000084500000| Untracked 
|  70|0x0000000084600000, 0x0000000084700000, 0x0000000084700000|100%| O|  |TAMS 0x0000000084600000, 0x0000000084600000| Untracked 
|  71|0x0000000084700000, 0x0000000084800000, 0x0000000084800000|100%| O|  |TAMS 0x0000000084700000, 0x0000000084700000| Untracked 
|  72|0x0000000084800000, 0x0000000084900000, 0x0000000084900000|100%| O|  |TAMS 0x0000000084800000, 0x0000000084800000| Untracked 
|  73|0x0000000084900000, 0x0000000084a00000, 0x0000000084a00000|100%| O|  |TAMS 0x0000000084900000, 0x0000000084900000| Untracked 
|  74|0x0000000084a00000, 0x0000000084b00000, 0x0000000084b00000|100%| O|  |TAMS 0x0000000084a00000, 0x0000000084a00000| Untracked 
|  75|0x0000000084b00000, 0x0000000084c00000, 0x0000000084c00000|100%| O|  |TAMS 0x0000000084b00000, 0x0000000084b00000| Untracked 
|  76|0x0000000084c00000, 0x0000000084d00000, 0x0000000084d00000|100%| O|  |TAMS 0x0000000084c00000, 0x0000000084c00000| Untracked 
|  77|0x0000000084d00000, 0x0000000084e00000, 0x0000000084e00000|100%| O|  |TAMS 0x0000000084d00000, 0x0000000084d00000| Untracked 
|  78|0x0000000084e00000, 0x0000000084f00000, 0x0000000084f00000|100%| O|  |TAMS 0x0000000084e00000, 0x0000000084e00000| Untracked 
|  79|0x0000000084f00000, 0x0000000085000000, 0x0000000085000000|100%| O|  |TAMS 0x0000000084f00000, 0x0000000084f00000| Untracked 
|  80|0x0000000085000000, 0x0000000085100000, 0x0000000085100000|100%| O|  |TAMS 0x0000000085000000, 0x0000000085000000| Untracked 
|  81|0x0000000085100000, 0x0000000085200000, 0x0000000085200000|100%| O|  |TAMS 0x0000000085100000, 0x0000000085100000| Untracked 
|  82|0x0000000085200000, 0x0000000085300000, 0x0000000085300000|100%| O|  |TAMS 0x0000000085200000, 0x0000000085200000| Untracked 
|  83|0x0000000085300000, 0x0000000085400000, 0x0000000085400000|100%| O|  |TAMS 0x0000000085300000, 0x0000000085300000| Untracked 
|  84|0x0000000085400000, 0x0000000085472a00, 0x0000000085500000| 44%| O|  |TAMS 0x0000000085400000, 0x0000000085400000| Untracked 
|  85|0x0000000085500000, 0x0000000085500000, 0x0000000085600000|  0%| F|  |TAMS 0x0000000085500000, 0x0000000085500000| Untracked 
|  86|0x0000000085600000, 0x0000000085600000, 0x0000000085700000|  0%| F|  |TAMS 0x0000000085600000, 0x0000000085600000| Untracked 
|  87|0x0000000085700000, 0x0000000085700000, 0x0000000085800000|  0%| F|  |TAMS 0x0000000085700000, 0x0000000085700000| Untracked 
|  88|0x0000000085800000, 0x0000000085800000, 0x0000000085900000|  0%| F|  |TAMS 0x0000000085800000, 0x0000000085800000| Untracked 
|  89|0x0000000085900000, 0x0000000085900000, 0x0000000085a00000|  0%| F|  |TAMS 0x0000000085900000, 0x0000000085900000| Untracked 
|  90|0x0000000085a00000, 0x0000000085a00000, 0x0000000085b00000|  0%| F|  |TAMS 0x0000000085a00000, 0x0000000085a00000| Untracked 
|  91|0x0000000085b00000, 0x0000000085b00000, 0x0000000085c00000|  0%| F|  |TAMS 0x0000000085b00000, 0x0000000085b00000| Untracked 
|  92|0x0000000085c00000, 0x0000000085c00000, 0x0000000085d00000|  0%| F|  |TAMS 0x0000000085c00000, 0x0000000085c00000| Untracked 
|  93|0x0000000085d00000, 0x0000000085d00000, 0x0000000085e00000|  0%| F|  |TAMS 0x0000000085d00000, 0x0000000085d00000| Untracked 
|  94|0x0000000085e00000, 0x0000000085e00000, 0x0000000085f00000|  0%| F|  |TAMS 0x0000000085e00000, 0x0000000085e00000| Untracked 
|  95|0x0000000085f00000, 0x0000000085f00000, 0x0000000086000000|  0%| F|  |TAMS 0x0000000085f00000, 0x0000000085f00000| Untracked 
|  96|0x0000000086000000, 0x0000000086000000, 0x0000000086100000|  0%| F|  |TAMS 0x0000000086000000, 0x0000000086000000| Untracked 
|  97|0x0000000086100000, 0x0000000086100000, 0x0000000086200000|  0%| F|  |TAMS 0x0000000086100000, 0x0000000086100000| Untracked 
|  98|0x0000000086200000, 0x0000000086200000, 0x0000000086300000|  0%| F|  |TAMS 0x0000000086200000, 0x0000000086200000| Untracked 
|  99|0x0000000086300000, 0x0000000086300000, 0x0000000086400000|  0%| F|  |TAMS 0x0000000086300000, 0x0000000086300000| Untracked 
| 100|0x0000000086400000, 0x0000000086400000, 0x0000000086500000|  0%| F|  |TAMS 0x0000000086400000, 0x0000000086400000| Untracked 
| 101|0x0000000086500000, 0x0000000086500000, 0x0000000086600000|  0%| F|  |TAMS 0x0000000086500000, 0x0000000086500000| Untracked 
| 102|0x0000000086600000, 0x0000000086600000, 0x0000000086700000|  0%| F|  |TAMS 0x0000000086600000, 0x0000000086600000| Untracked 
| 103|0x0000000086700000, 0x0000000086700000, 0x0000000086800000|  0%| F|  |TAMS 0x0000000086700000, 0x0000000086700000| Untracked 
| 104|0x0000000086800000, 0x0000000086800000, 0x0000000086900000|  0%| F|  |TAMS 0x0000000086800000, 0x0000000086800000| Untracked 
| 105|0x0000000086900000, 0x0000000086900000, 0x0000000086a00000|  0%| F|  |TAMS 0x0000000086900000, 0x0000000086900000| Untracked 
| 106|0x0000000086a00000, 0x0000000086a00000, 0x0000000086b00000|  0%| F|  |TAMS 0x0000000086a00000, 0x0000000086a00000| Untracked 
| 107|0x0000000086b00000, 0x0000000086b00000, 0x0000000086c00000|  0%| F|  |TAMS 0x0000000086b00000, 0x0000000086b00000| Untracked 
| 108|0x0000000086c00000, 0x0000000086c00000, 0x0000000086d00000|  0%| F|  |TAMS 0x0000000086c00000, 0x0000000086c00000| Untracked 
| 109|0x0000000086d00000, 0x0000000086d00000, 0x0000000086e00000|  0%| F|  |TAMS 0x0000000086d00000, 0x0000000086d00000| Untracked 
| 110|0x0000000086e00000, 0x0000000086e00000, 0x0000000086f00000|  0%| F|  |TAMS 0x0000000086e00000, 0x0000000086e00000| Untracked 
| 111|0x0000000086f00000, 0x0000000086f00000, 0x0000000087000000|  0%| F|  |TAMS 0x0000000086f00000, 0x0000000086f00000| Untracked 
| 112|0x0000000087000000, 0x0000000087000000, 0x0000000087100000|  0%| F|  |TAMS 0x0000000087000000, 0x0000000087000000| Untracked 
| 113|0x0000000087100000, 0x0000000087100000, 0x0000000087200000|  0%| F|  |TAMS 0x0000000087100000, 0x0000000087100000| Untracked 
| 114|0x0000000087200000, 0x0000000087200000, 0x0000000087300000|  0%| F|  |TAMS 0x0000000087200000, 0x0000000087200000| Untracked 
| 115|0x0000000087300000, 0x0000000087300000, 0x0000000087400000|  0%| F|  |TAMS 0x0000000087300000, 0x0000000087300000| Untracked 
| 116|0x0000000087400000, 0x0000000087400000, 0x0000000087500000|  0%| F|  |TAMS 0x0000000087400000, 0x0000000087400000| Untracked 
| 117|0x0000000087500000, 0x0000000087500000, 0x0000000087600000|  0%| F|  |TAMS 0x0000000087500000, 0x0000000087500000| Untracked 
| 118|0x0000000087600000, 0x0000000087600000, 0x0000000087700000|  0%| F|  |TAMS 0x0000000087600000, 0x0000000087600000| Untracked 
| 119|0x0000000087700000, 0x0000000087700000, 0x0000000087800000|  0%| F|  |TAMS 0x0000000087700000, 0x0000000087700000| Untracked 
| 120|0x0000000087800000, 0x0000000087800000, 0x0000000087900000|  0%| F|  |TAMS 0x0000000087800000, 0x0000000087800000| Untracked 
| 121|0x0000000087900000, 0x0000000087900000, 0x0000000087a00000|  0%| F|  |TAMS 0x0000000087900000, 0x0000000087900000| Untracked 
| 122|0x0000000087a00000, 0x0000000087a00000, 0x0000000087b00000|  0%| F|  |TAMS 0x0000000087a00000, 0x0000000087a00000| Untracked 
| 123|0x0000000087b00000, 0x0000000087b00000, 0x0000000087c00000|  0%| F|  |TAMS 0x0000000087b00000, 0x0000000087b00000| Untracked 
| 124|0x0000000087c00000, 0x0000000087c00000, 0x0000000087d00000|  0%| F|  |TAMS 0x0000000087c00000, 0x0000000087c00000| Untracked 
| 125|0x0000000087d00000, 0x0000000087d00000, 0x0000000087e00000|  0%| F|  |TAMS 0x0000000087d00000, 0x0000000087d00000| Untracked 
| 126|0x0000000087e00000, 0x0000000087e00000, 0x0000000087f00000|  0%| F|  |TAMS 0x0000000087e00000, 0x0000000087e00000| Untracked 
| 127|0x0000000087f00000, 0x0000000087f00000, 0x0000000088000000|  0%| F|  |TAMS 0x0000000087f00000, 0x0000000087f00000| Untracked 
| 128|0x0000000088000000, 0x0000000088000000, 0x0000000088100000|  0%| F|  |TAMS 0x0000000088000000, 0x0000000088000000| Untracked 
| 129|0x0000000088100000, 0x0000000088100000, 0x0000000088200000|  0%| F|  |TAMS 0x0000000088100000, 0x0000000088100000| Untracked 
| 130|0x0000000088200000, 0x0000000088200000, 0x0000000088300000|  0%| F|  |TAMS 0x0000000088200000, 0x0000000088200000| Untracked 
| 131|0x0000000088300000, 0x0000000088300000, 0x0000000088400000|  0%| F|  |TAMS 0x0000000088300000, 0x0000000088300000| Untracked 
| 132|0x0000000088400000, 0x0000000088400000, 0x0000000088500000|  0%| F|  |TAMS 0x0000000088400000, 0x0000000088400000| Untracked 
| 133|0x0000000088500000, 0x0000000088500000, 0x0000000088600000|  0%| F|  |TAMS 0x0000000088500000, 0x0000000088500000| Untracked 
| 134|0x0000000088600000, 0x0000000088700000, 0x0000000088700000|100%| S|CS|TAMS 0x0000000088600000, 0x0000000088600000| Complete 
| 135|0x0000000088700000, 0x0000000088800000, 0x0000000088800000|100%| S|CS|TAMS 0x0000000088700000, 0x0000000088700000| Complete 
| 136|0x0000000088800000, 0x0000000088900000, 0x0000000088900000|100%| S|CS|TAMS 0x0000000088800000, 0x0000000088800000| Complete 
| 137|0x0000000088900000, 0x0000000088a00000, 0x0000000088a00000|100%| S|CS|TAMS 0x0000000088900000, 0x0000000088900000| Complete 
| 138|0x0000000088a00000, 0x0000000088b00000, 0x0000000088b00000|100%| S|CS|TAMS 0x0000000088a00000, 0x0000000088a00000| Complete 
| 139|0x0000000088b00000, 0x0000000088c00000, 0x0000000088c00000|100%| S|CS|TAMS 0x0000000088b00000, 0x0000000088b00000| Complete 
| 140|0x0000000088c00000, 0x0000000088d00000, 0x0000000088d00000|100%| S|CS|TAMS 0x0000000088c00000, 0x0000000088c00000| Complete 
| 141|0x0000000088d00000, 0x0000000088e00000, 0x0000000088e00000|100%| S|CS|TAMS 0x0000000088d00000, 0x0000000088d00000| Complete 
| 142|0x0000000088e00000, 0x0000000088e00000, 0x0000000088f00000|  0%| F|  |TAMS 0x0000000088e00000, 0x0000000088e00000| Untracked 
| 143|0x0000000088f00000, 0x0000000088f00000, 0x0000000089000000|  0%| F|  |TAMS 0x0000000088f00000, 0x0000000088f00000| Untracked 
| 144|0x0000000089000000, 0x0000000089000000, 0x0000000089100000|  0%| F|  |TAMS 0x0000000089000000, 0x0000000089000000| Untracked 
| 145|0x0000000089100000, 0x0000000089100000, 0x0000000089200000|  0%| F|  |TAMS 0x0000000089100000, 0x0000000089100000| Untracked 
| 146|0x0000000089200000, 0x0000000089200000, 0x0000000089300000|  0%| F|  |TAMS 0x0000000089200000, 0x0000000089200000| Untracked 
| 147|0x0000000089300000, 0x0000000089300000, 0x0000000089400000|  0%| F|  |TAMS 0x0000000089300000, 0x0000000089300000| Untracked 
| 148|0x0000000089400000, 0x0000000089430e90, 0x0000000089500000| 19%| E|  |TAMS 0x0000000089400000, 0x0000000089400000| Complete 
| 149|0x0000000089500000, 0x0000000089600000, 0x0000000089600000|100%| E|CS|TAMS 0x0000000089500000, 0x0000000089500000| Complete 
| 150|0x0000000089600000, 0x0000000089700000, 0x0000000089700000|100%| E|CS|TAMS 0x0000000089600000, 0x0000000089600000| Complete 
| 151|0x0000000089700000, 0x0000000089800000, 0x0000000089800000|100%| E|CS|TAMS 0x0000000089700000, 0x0000000089700000| Complete 
| 152|0x0000000089800000, 0x0000000089900000, 0x0000000089900000|100%| E|CS|TAMS 0x0000000089800000, 0x0000000089800000| Complete 
| 153|0x0000000089900000, 0x0000000089a00000, 0x0000000089a00000|100%| E|CS|TAMS 0x0000000089900000, 0x0000000089900000| Complete 
| 154|0x0000000089a00000, 0x0000000089b00000, 0x0000000089b00000|100%| E|  |TAMS 0x0000000089a00000, 0x0000000089a00000| Complete 
| 155|0x0000000089b00000, 0x0000000089c00000, 0x0000000089c00000|100%| E|CS|TAMS 0x0000000089b00000, 0x0000000089b00000| Complete 
| 156|0x0000000089c00000, 0x0000000089d00000, 0x0000000089d00000|100%| E|CS|TAMS 0x0000000089c00000, 0x0000000089c00000| Complete 
| 157|0x0000000089d00000, 0x0000000089e00000, 0x0000000089e00000|100%| E|CS|TAMS 0x0000000089d00000, 0x0000000089d00000| Complete 
| 158|0x0000000089e00000, 0x0000000089f00000, 0x0000000089f00000|100%| E|CS|TAMS 0x0000000089e00000, 0x0000000089e00000| Complete 
| 159|0x0000000089f00000, 0x000000008a000000, 0x000000008a000000|100%| E|CS|TAMS 0x0000000089f00000, 0x0000000089f00000| Complete 
| 160|0x000000008a000000, 0x000000008a100000, 0x000000008a100000|100%| E|CS|TAMS 0x000000008a000000, 0x000000008a000000| Complete 
| 161|0x000000008a100000, 0x000000008a200000, 0x000000008a200000|100%| E|CS|TAMS 0x000000008a100000, 0x000000008a100000| Complete 
| 162|0x000000008a200000, 0x000000008a300000, 0x000000008a300000|100%| E|CS|TAMS 0x000000008a200000, 0x000000008a200000| Complete 
| 163|0x000000008a300000, 0x000000008a400000, 0x000000008a400000|100%| E|CS|TAMS 0x000000008a300000, 0x000000008a300000| Complete 
| 164|0x000000008a400000, 0x000000008a500000, 0x000000008a500000|100%| E|CS|TAMS 0x000000008a400000, 0x000000008a400000| Complete 
| 165|0x000000008a500000, 0x000000008a600000, 0x000000008a600000|100%| E|CS|TAMS 0x000000008a500000, 0x000000008a500000| Complete 
| 166|0x000000008a600000, 0x000000008a700000, 0x000000008a700000|100%| E|CS|TAMS 0x000000008a600000, 0x000000008a600000| Complete 
| 167|0x000000008a700000, 0x000000008a800000, 0x000000008a800000|100%| E|CS|TAMS 0x000000008a700000, 0x000000008a700000| Complete 
| 168|0x000000008a800000, 0x000000008a900000, 0x000000008a900000|100%| E|CS|TAMS 0x000000008a800000, 0x000000008a800000| Complete 
| 169|0x000000008a900000, 0x000000008aa00000, 0x000000008aa00000|100%| E|CS|TAMS 0x000000008a900000, 0x000000008a900000| Complete 
| 170|0x000000008aa00000, 0x000000008ab00000, 0x000000008ab00000|100%| E|CS|TAMS 0x000000008aa00000, 0x000000008aa00000| Complete 
| 171|0x000000008ab00000, 0x000000008ac00000, 0x000000008ac00000|100%| E|CS|TAMS 0x000000008ab00000, 0x000000008ab00000| Complete 
| 172|0x000000008ac00000, 0x000000008ad00000, 0x000000008ad00000|100%| E|CS|TAMS 0x000000008ac00000, 0x000000008ac00000| Complete 
| 173|0x000000008ad00000, 0x000000008ae00000, 0x000000008ae00000|100%| E|CS|TAMS 0x000000008ad00000, 0x000000008ad00000| Complete 
| 174|0x000000008ae00000, 0x000000008af00000, 0x000000008af00000|100%| E|CS|TAMS 0x000000008ae00000, 0x000000008ae00000| Complete 
| 175|0x000000008af00000, 0x000000008b000000, 0x000000008b000000|100%| E|CS|TAMS 0x000000008af00000, 0x000000008af00000| Complete 
| 176|0x000000008b000000, 0x000000008b100000, 0x000000008b100000|100%| E|CS|TAMS 0x000000008b000000, 0x000000008b000000| Complete 
| 177|0x000000008b100000, 0x000000008b200000, 0x000000008b200000|100%| E|CS|TAMS 0x000000008b100000, 0x000000008b100000| Complete 
| 178|0x000000008b200000, 0x000000008b300000, 0x000000008b300000|100%| E|CS|TAMS 0x000000008b200000, 0x000000008b200000| Complete 
| 179|0x000000008b300000, 0x000000008b400000, 0x000000008b400000|100%| E|CS|TAMS 0x000000008b300000, 0x000000008b300000| Complete 
| 180|0x000000008b400000, 0x000000008b500000, 0x000000008b500000|100%| E|CS|TAMS 0x000000008b400000, 0x000000008b400000| Complete 
| 181|0x000000008b500000, 0x000000008b600000, 0x000000008b600000|100%| E|CS|TAMS 0x000000008b500000, 0x000000008b500000| Complete 
| 182|0x000000008b600000, 0x000000008b700000, 0x000000008b700000|100%| E|CS|TAMS 0x000000008b600000, 0x000000008b600000| Complete 
| 183|0x000000008b700000, 0x000000008b800000, 0x000000008b800000|100%| E|CS|TAMS 0x000000008b700000, 0x000000008b700000| Complete 
| 184|0x000000008b800000, 0x000000008b900000, 0x000000008b900000|100%| E|CS|TAMS 0x000000008b800000, 0x000000008b800000| Complete 
| 185|0x000000008b900000, 0x000000008ba00000, 0x000000008ba00000|100%| E|CS|TAMS 0x000000008b900000, 0x000000008b900000| Complete 
| 186|0x000000008ba00000, 0x000000008bb00000, 0x000000008bb00000|100%| E|CS|TAMS 0x000000008ba00000, 0x000000008ba00000| Complete 
| 187|0x000000008bb00000, 0x000000008bc00000, 0x000000008bc00000|100%| E|CS|TAMS 0x000000008bb00000, 0x000000008bb00000| Complete 
| 188|0x000000008bc00000, 0x000000008bd00000, 0x000000008bd00000|100%| E|CS|TAMS 0x000000008bc00000, 0x000000008bc00000| Complete 
| 189|0x000000008bd00000, 0x000000008be00000, 0x000000008be00000|100%| E|CS|TAMS 0x000000008bd00000, 0x000000008bd00000| Complete 
| 190|0x000000008be00000, 0x000000008bf00000, 0x000000008bf00000|100%| E|CS|TAMS 0x000000008be00000, 0x000000008be00000| Complete 
| 191|0x000000008bf00000, 0x000000008c000000, 0x000000008c000000|100%| E|CS|TAMS 0x000000008bf00000, 0x000000008bf00000| Complete 
| 192|0x000000008c000000, 0x000000008c100000, 0x000000008c100000|100%| E|CS|TAMS 0x000000008c000000, 0x000000008c000000| Complete 
| 193|0x000000008c100000, 0x000000008c200000, 0x000000008c200000|100%| E|CS|TAMS 0x000000008c100000, 0x000000008c100000| Complete 
| 194|0x000000008c200000, 0x000000008c300000, 0x000000008c300000|100%| E|CS|TAMS 0x000000008c200000, 0x000000008c200000| Complete 
| 195|0x000000008c300000, 0x000000008c400000, 0x000000008c400000|100%| E|CS|TAMS 0x000000008c300000, 0x000000008c300000| Complete 
| 196|0x000000008c400000, 0x000000008c500000, 0x000000008c500000|100%| E|CS|TAMS 0x000000008c400000, 0x000000008c400000| Complete 
| 197|0x000000008c500000, 0x000000008c600000, 0x000000008c600000|100%| E|CS|TAMS 0x000000008c500000, 0x000000008c500000| Complete 
| 198|0x000000008c600000, 0x000000008c700000, 0x000000008c700000|100%| E|CS|TAMS 0x000000008c600000, 0x000000008c600000| Complete 
| 199|0x000000008c700000, 0x000000008c800000, 0x000000008c800000|100%| E|CS|TAMS 0x000000008c700000, 0x000000008c700000| Complete 
| 200|0x000000008c800000, 0x000000008c900000, 0x000000008c900000|100%| E|CS|TAMS 0x000000008c800000, 0x000000008c800000| Complete 
| 201|0x000000008c900000, 0x000000008ca00000, 0x000000008ca00000|100%| E|CS|TAMS 0x000000008c900000, 0x000000008c900000| Complete 
| 202|0x000000008ca00000, 0x000000008cb00000, 0x000000008cb00000|100%| E|CS|TAMS 0x000000008ca00000, 0x000000008ca00000| Complete 
| 203|0x000000008cb00000, 0x000000008cc00000, 0x000000008cc00000|100%| E|CS|TAMS 0x000000008cb00000, 0x000000008cb00000| Complete 
| 204|0x000000008cc00000, 0x000000008cd00000, 0x000000008cd00000|100%| E|CS|TAMS 0x000000008cc00000, 0x000000008cc00000| Complete 
| 205|0x000000008cd00000, 0x000000008ce00000, 0x000000008ce00000|100%| E|CS|TAMS 0x000000008cd00000, 0x000000008cd00000| Complete 
| 206|0x000000008ce00000, 0x000000008cf00000, 0x000000008cf00000|100%| E|CS|TAMS 0x000000008ce00000, 0x000000008ce00000| Complete 
| 207|0x000000008cf00000, 0x000000008d000000, 0x000000008d000000|100%| E|CS|TAMS 0x000000008cf00000, 0x000000008cf00000| Complete 
| 208|0x000000008d000000, 0x000000008d100000, 0x000000008d100000|100%| E|CS|TAMS 0x000000008d000000, 0x000000008d000000| Complete 
| 209|0x000000008d100000, 0x000000008d200000, 0x000000008d200000|100%| E|CS|TAMS 0x000000008d100000, 0x000000008d100000| Complete 
| 210|0x000000008d200000, 0x000000008d300000, 0x000000008d300000|100%| E|CS|TAMS 0x000000008d200000, 0x000000008d200000| Complete 
| 211|0x000000008d300000, 0x000000008d400000, 0x000000008d400000|100%| E|CS|TAMS 0x000000008d300000, 0x000000008d300000| Complete 
| 212|0x000000008d400000, 0x000000008d500000, 0x000000008d500000|100%| E|CS|TAMS 0x000000008d400000, 0x000000008d400000| Complete 
| 213|0x000000008d500000, 0x000000008d600000, 0x000000008d600000|100%| E|CS|TAMS 0x000000008d500000, 0x000000008d500000| Complete 
| 214|0x000000008d600000, 0x000000008d700000, 0x000000008d700000|100%| E|CS|TAMS 0x000000008d600000, 0x000000008d600000| Complete 
| 215|0x000000008d700000, 0x000000008d800000, 0x000000008d800000|100%| E|CS|TAMS 0x000000008d700000, 0x000000008d700000| Complete 
| 216|0x000000008d800000, 0x000000008d900000, 0x000000008d900000|100%| E|CS|TAMS 0x000000008d800000, 0x000000008d800000| Complete 
| 217|0x000000008d900000, 0x000000008da00000, 0x000000008da00000|100%| E|CS|TAMS 0x000000008d900000, 0x000000008d900000| Complete 
| 218|0x000000008da00000, 0x000000008db00000, 0x000000008db00000|100%| E|CS|TAMS 0x000000008da00000, 0x000000008da00000| Complete 
| 219|0x000000008db00000, 0x000000008dc00000, 0x000000008dc00000|100%| E|CS|TAMS 0x000000008db00000, 0x000000008db00000| Complete 
| 220|0x000000008dc00000, 0x000000008dd00000, 0x000000008dd00000|100%| E|CS|TAMS 0x000000008dc00000, 0x000000008dc00000| Complete 
| 221|0x000000008dd00000, 0x000000008de00000, 0x000000008de00000|100%| E|CS|TAMS 0x000000008dd00000, 0x000000008dd00000| Complete 

Card table byte_map: [0x000001e6eccc0000,0x000001e6ed0c0000] _byte_map_base: 0x000001e6ec8c0000

Marking Bits (Prev, Next): (CMBitMap*) 0x000001e6d7fc4568, (CMBitMap*) 0x000001e6d7fc45a0
 Prev Bits: [0x000001e6ed4c0000, 0x000001e6ef4c0000)
 Next Bits: [0x000001e6ef4c0000, 0x000001e6f14c0000)

Polling page: 0x000001e6d8060000

Metaspace:

Usage:
  Non-class:     86.17 MB capacity,    84.48 MB ( 98%) used,     1.38 MB (  2%) free+waste,   315.31 KB ( <1%) overhead. 
      Class:     13.42 MB capacity,    12.45 MB ( 93%) used,   858.16 KB (  6%) free+waste,   142.06 KB (  1%) overhead. 
       Both:     99.59 MB capacity,    96.93 MB ( 97%) used,     2.22 MB (  2%) free+waste,   457.38 KB ( <1%) overhead. 

Virtual space:
  Non-class space:       88.00 MB reserved,      86.36 MB ( 98%) committed 
      Class space:        1.00 GB reserved,      13.52 MB (  1%) committed 
             Both:        1.09 GB reserved,      99.88 MB (  9%) committed 

Chunk freelists:
   Non-Class:  0 bytes
       Class:  0 bytes
        Both:  0 bytes

MaxMetaspaceSize: 17179869184.00 GB
CompressedClassSpaceSize: 1.00 GB
Initial GC threshold: 20.80 MB
Current GC threshold: 115.43 MB
CDS: off

CodeHeap 'non-profiled nmethods': size=120064Kb used=6568Kb max_used=6568Kb free=113495Kb
 bounds [0x000001e6e4d60000, 0x000001e6e53d0000, 0x000001e6ec2a0000]
CodeHeap 'profiled nmethods': size=120000Kb used=25556Kb max_used=25556Kb free=94443Kb
 bounds [0x000001e6dd830000, 0x000001e6df130000, 0x000001e6e4d60000]
CodeHeap 'non-nmethods': size=5696Kb used=2420Kb max_used=2446Kb free=3275Kb
 bounds [0x000001e6dd2a0000, 0x000001e6dd510000, 0x000001e6dd830000]
 total_blobs=12951 nmethods=11994 adapters=869
 compilation: enabled
              stopped_count=0, restarted_count=0
 full_count=0

Compilation events (20 events):
Event: 23.696 Thread 0x000001e6f3b2d000 12107       3       org.gradle.api.internal.artifacts.transform.TransformingAsyncArtifactListener$TransformedArtifact$$Lambda$1028/0x0000000100c22c40::apply (12 bytes)
Event: 23.696 Thread 0x000001e6f3b2d000 nmethod 12107 0x000001e6df11dd90 code [0x000001e6df11df60, 0x000001e6df11e228]
Event: 23.696 Thread 0x000001e6f3b2d000 12108       3       org.gradle.api.internal.artifacts.transform.TransformingAsyncArtifactListener$TransformedArtifact::lambda$createInvocation$0 (14 bytes)
Event: 23.696 Thread 0x000001e6f3b2d000 nmethod 12108 0x000001e6df11e390 code [0x000001e6df11e560, 0x000001e6df11e6c8]
Event: 23.702 Thread 0x000001e6f3b2d000 12110       3       org.gradle.tooling.internal.provider.runner.ClientBuildEventGenerator::started (168 bytes)
Event: 23.703 Thread 0x000001e6f3b2d000 nmethod 12110 0x000001e6df11e810 code [0x000001e6df11eb20, 0x000001e6df11fbc8]
Event: 23.704 Thread 0x000001e6f3b2d000 12111       3       org.gradle.internal.work.DefaultWorkerLeaseService$3::run (48 bytes)
Event: 23.705 Thread 0x000001e6f3b2d000 nmethod 12111 0x000001e6df120090 code [0x000001e6df1202e0, 0x000001e6df120c68]
Event: 23.705 Thread 0x000001e6f3b2d000 12112   !   3       org.gradle.internal.work.DefaultWorkerLeaseService::withLocks (53 bytes)
Event: 23.706 Thread 0x000001e6f3b2d000 nmethod 12112 0x000001e6df120f90 code [0x000001e6df121240, 0x000001e6df121ed8]
Event: 23.707 Thread 0x000001e6f3b2d000 12113       3       org.gradle.api.internal.artifacts.transform.TransformationResult$Builder$$Lambda$1068/0x0000000100c2dc40::accept (12 bytes)
Event: 23.707 Thread 0x000001e6f3b2d000 nmethod 12113 0x000001e6df122410 code [0x000001e6df1225e0, 0x000001e6df122988]
Event: 23.712 Thread 0x000001e6f7061800 nmethod 12104 0x000001e6e53c3390 code [0x000001e6e53c35a0, 0x000001e6e53c3ef8]
Event: 23.712 Thread 0x000001e6f7061800 12109       4       java.util.TimSort::sort (229 bytes)
Event: 23.717 Thread 0x000001e6f3b2d000 12114       3       com.google.common.base.Predicates$CompositionPredicate::apply (20 bytes)
Event: 23.717 Thread 0x000001e6f3b2d000 nmethod 12114 0x000001e6df122b10 code [0x000001e6df122ce0, 0x000001e6df122f78]
Event: 23.717 Thread 0x000001e6f3b2d000 12115       3       com.google.common.collect.Maps$EntryFunction$1::apply (9 bytes)
Event: 23.717 Thread 0x000001e6f3b2d000 nmethod 12115 0x000001e6df123090 code [0x000001e6df123260, 0x000001e6df123588]
Event: 23.723 Thread 0x000001e6f3b2d000 12116       3       com.google.common.collect.Iterators$5::computeNext (45 bytes)
Event: 23.723 Thread 0x000001e6f3b2d000 nmethod 12116 0x000001e6df123690 code [0x000001e6df1238a0, 0x000001e6df123dc8]

GC Heap History (20 events):
Event: 10.439 GC heap before
{Heap before GC invocations=11 (full 0):
 garbage-first heap   total 157696K, used 120663K [0x0000000080000000, 0x0000000100000000)
  region size 1024K, 84 young (86016K), 4 survivors (4096K)
 Metaspace       used 52774K, capacity 54273K, committed 54556K, reserved 1097728K
  class space    used 6705K, capacity 7265K, committed 7320K, reserved 1048576K
}
Event: 10.457 GC heap after
{Heap after GC invocations=12 (full 0):
 garbage-first heap   total 157696K, used 48128K [0x0000000080000000, 0x0000000100000000)
  region size 1024K, 11 young (11264K), 11 survivors (11264K)
 Metaspace       used 52774K, capacity 54273K, committed 54556K, reserved 1097728K
  class space    used 6705K, capacity 7265K, committed 7320K, reserved 1048576K
}
Event: 12.052 GC heap before
{Heap before GC invocations=12 (full 0):
 garbage-first heap   total 157696K, used 124928K [0x0000000080000000, 0x0000000100000000)
  region size 1024K, 79 young (80896K), 11 survivors (11264K)
 Metaspace       used 61705K, capacity 63412K, committed 63644K, reserved 1103872K
  class space    used 7758K, capacity 8389K, committed 8472K, reserved 1048576K
}
Event: 12.076 GC heap after
{Heap after GC invocations=13 (full 0):
 garbage-first heap   total 157696K, used 60416K [0x0000000080000000, 0x0000000100000000)
  region size 1024K, 8 young (8192K), 8 survivors (8192K)
 Metaspace       used 61705K, capacity 63412K, committed 63644K, reserved 1103872K
  class space    used 7758K, capacity 8389K, committed 8472K, reserved 1048576K
}
Event: 13.389 GC heap before
{Heap before GC invocations=13 (full 0):
 garbage-first heap   total 157696K, used 120832K [0x0000000080000000, 0x0000000100000000)
  region size 1024K, 67 young (68608K), 8 survivors (8192K)
 Metaspace       used 66997K, capacity 68750K, committed 69020K, reserved 1110016K
  class space    used 8430K, capacity 9102K, committed 9240K, reserved 1048576K
}
Event: 13.403 GC heap after
{Heap after GC invocations=14 (full 0):
 garbage-first heap   total 189440K, used 57587K [0x0000000080000000, 0x0000000100000000)
  region size 1024K, 4 young (4096K), 4 survivors (4096K)
 Metaspace       used 66997K, capacity 68750K, committed 69020K, reserved 1110016K
  class space    used 8430K, capacity 9102K, committed 9240K, reserved 1048576K
}
Event: 14.013 GC heap before
{Heap before GC invocations=14 (full 0):
 garbage-first heap   total 189440K, used 86259K [0x0000000080000000, 0x0000000100000000)
  region size 1024K, 33 young (33792K), 4 survivors (4096K)
 Metaspace       used 68823K, capacity 70542K, committed 70660K, reserved 1110016K
  class space    used 8672K, capacity 9311K, committed 9368K, reserved 1048576K
}
Event: 14.025 GC heap after
{Heap after GC invocations=15 (full 0):
 garbage-first heap   total 189440K, used 59477K [0x0000000080000000, 0x0000000100000000)
  region size 1024K, 6 young (6144K), 6 survivors (6144K)
 Metaspace       used 68823K, capacity 70542K, committed 70660K, reserved 1110016K
  class space    used 8672K, capacity 9311K, committed 9368K, reserved 1048576K
}
Event: 15.190 GC heap before
{Heap before GC invocations=16 (full 0):
 garbage-first heap   total 189440K, used 139349K [0x0000000080000000, 0x0000000100000000)
  region size 1024K, 84 young (86016K), 6 survivors (6144K)
 Metaspace       used 72169K, capacity 73813K, committed 73988K, reserved 1114112K
  class space    used 9147K, capacity 9805K, committed 9880K, reserved 1048576K
}
Event: 15.210 GC heap after
{Heap after GC invocations=17 (full 0):
 garbage-first heap   total 189440K, used 64091K [0x0000000080000000, 0x0000000100000000)
  region size 1024K, 10 young (10240K), 10 survivors (10240K)
 Metaspace       used 72169K, capacity 73813K, committed 73988K, reserved 1114112K
  class space    used 9147K, capacity 9805K, committed 9880K, reserved 1048576K
}
Event: 17.017 GC heap before
{Heap before GC invocations=17 (full 0):
 garbage-first heap   total 189440K, used 143963K [0x0000000080000000, 0x0000000100000000)
  region size 1024K, 88 young (90112K), 10 survivors (10240K)
 Metaspace       used 79847K, capacity 81739K, committed 81924K, reserved 1120256K
  class space    used 10337K, capacity 11078K, committed 11160K, reserved 1048576K
}
Event: 17.045 GC heap after
{Heap after GC invocations=18 (full 0):
 garbage-first heap   total 189440K, used 68725K [0x0000000080000000, 0x0000000100000000)
  region size 1024K, 10 young (10240K), 10 survivors (10240K)
 Metaspace       used 79847K, capacity 81739K, committed 81924K, reserved 1120256K
  class space    used 10337K, capacity 11078K, committed 11160K, reserved 1048576K
}
Event: 18.491 GC heap before
{Heap before GC invocations=18 (full 0):
 garbage-first heap   total 189440K, used 147573K [0x0000000080000000, 0x0000000100000000)
  region size 1024K, 87 young (89088K), 10 survivors (10240K)
 Metaspace       used 85725K, capacity 87843K, committed 88068K, reserved 1126400K
  class space    used 11105K, capacity 11891K, committed 11928K, reserved 1048576K
}
Event: 18.518 GC heap after
{Heap after GC invocations=19 (full 0):
 garbage-first heap   total 189440K, used 75318K [0x0000000080000000, 0x0000000100000000)
  region size 1024K, 11 young (11264K), 11 survivors (11264K)
 Metaspace       used 85725K, capacity 87843K, committed 88068K, reserved 1126400K
  class space    used 11105K, capacity 11891K, committed 11928K, reserved 1048576K
}
Event: 19.540 GC heap before
{Heap before GC invocations=19 (full 0):
 garbage-first heap   total 189440K, used 149046K [0x0000000080000000, 0x0000000100000000)
  region size 1024K, 84 young (86016K), 11 survivors (11264K)
 Metaspace       used 88937K, capacity 91264K, committed 91396K, reserved 1128448K
  class space    used 11509K, capacity 12390K, committed 12440K, reserved 1048576K
}
Event: 19.578 GC heap after
{Heap after GC invocations=20 (full 0):
 garbage-first heap   total 189440K, used 86152K [0x0000000080000000, 0x0000000100000000)
  region size 1024K, 11 young (11264K), 11 survivors (11264K)
 Metaspace       used 88937K, capacity 91264K, committed 91396K, reserved 1128448K
  class space    used 11509K, capacity 12390K, committed 12440K, reserved 1048576K
}
Event: 21.188 GC heap before
{Heap before GC invocations=20 (full 0):
 garbage-first heap   total 189440K, used 149640K [0x0000000080000000, 0x0000000100000000)
  region size 1024K, 74 young (75776K), 11 survivors (11264K)
 Metaspace       used 90462K, capacity 92917K, committed 93060K, reserved 1130496K
  class space    used 11650K, capacity 12557K, committed 12568K, reserved 1048576K
}
Event: 21.220 GC heap after
{Heap after GC invocations=21 (full 0):
 garbage-first heap   total 227328K, used 92106K [0x0000000080000000, 0x0000000100000000)
  region size 1024K, 6 young (6144K), 6 survivors (6144K)
 Metaspace       used 90462K, capacity 92917K, committed 93060K, reserved 1130496K
  class space    used 11650K, capacity 12557K, committed 12568K, reserved 1048576K
}
Event: 22.359 GC heap before
{Heap before GC invocations=21 (full 0):
 garbage-first heap   total 227328K, used 173002K [0x0000000080000000, 0x0000000100000000)
  region size 1024K, 86 young (88064K), 6 survivors (6144K)
 Metaspace       used 95057K, capacity 97576K, committed 97796K, reserved 1134592K
  class space    used 12219K, capacity 13173K, committed 13208K, reserved 1048576K
}
Event: 22.374 GC heap after
{Heap after GC invocations=22 (full 0):
 garbage-first heap   total 227328K, used 94666K [0x0000000080000000, 0x0000000100000000)
  region size 1024K, 8 young (8192K), 8 survivors (8192K)
 Metaspace       used 95057K, capacity 97576K, committed 97796K, reserved 1134592K
  class space    used 12219K, capacity 13173K, committed 13208K, reserved 1048576K
}

Deoptimization events (20 events):
Event: 23.548 Thread 0x000001e6f4aaa000 Uncommon trap: trap_request=0xffffffd6 fr.pc=0x000001e6e53b4a80 relative=0x0000000000001a60
Event: 23.548 Thread 0x000001e6f4aaa000 Uncommon trap: reason=array_check action=maybe_recompile pc=0x000001e6e53b4a80 method=java.util.TimSort.reverseRange([Ljava/lang/Object;II)V @ 27 c2
Event: 23.548 Thread 0x000001e6f4aaa000 DEOPT PACKING pc=0x000001e6e53b4a80 sp=0x00000046207fdb70
Event: 23.548 Thread 0x000001e6f4aaa000 DEOPT UNPACKING pc=0x000001e6dd2ea1af sp=0x00000046207fd9c0 mode 2
Event: 23.594 Thread 0x000001e6f4aab800 DEOPT PACKING pc=0x000001e6df0607c4 sp=0x0000004620bfcd80
Event: 23.595 Thread 0x000001e6f4aab800 DEOPT UNPACKING pc=0x000001e6dd2ea95e sp=0x0000004620bfc320 mode 0
Event: 23.663 Thread 0x000001e6f7983800 Uncommon trap: trap_request=0xffffffc6 fr.pc=0x000001e6e5079664 relative=0x0000000000000a64
Event: 23.663 Thread 0x000001e6f7983800 Uncommon trap: reason=bimorphic_or_optimized_type_check action=maybe_recompile pc=0x000001e6e5079664 method=java.util.WeakHashMap.eq(Ljava/lang/Object;Ljava/lang/Object;)Z @ 7 c2
Event: 23.663 Thread 0x000001e6f7983800 DEOPT PACKING pc=0x000001e6e5079664 sp=0x0000004621cfc7e0
Event: 23.664 Thread 0x000001e6f7983800 DEOPT UNPACKING pc=0x000001e6dd2ea1af sp=0x0000004621cfc750 mode 2
Event: 23.666 Thread 0x000001e6f797e800 Uncommon trap: trap_request=0xffffff5c fr.pc=0x000001e6e53bf86c relative=0x000000000000038c
Event: 23.667 Thread 0x000001e6f797e800 Uncommon trap: reason=speculate_null_assert action=make_not_entrant pc=0x000001e6e53bf86c method=org.gradle.tooling.internal.provider.runner.ClientBuildEventGenerator.finished(Lorg/gradle/internal/operations/BuildOperationDescriptor;Lorg/gradle/internal/o
Event: 23.667 Thread 0x000001e6f797e800 DEOPT PACKING pc=0x000001e6e53bf86c sp=0x00000046217fd850
Event: 23.667 Thread 0x000001e6f797e800 DEOPT UNPACKING pc=0x000001e6dd2ea1af sp=0x00000046217fd7a0 mode 2
Event: 23.694 Thread 0x000001e6f797e800 Uncommon trap: trap_request=0xffffffde fr.pc=0x000001e6e53a0168 relative=0x00000000000048a8
Event: 23.694 Thread 0x000001e6f797e800 Uncommon trap: reason=class_check action=maybe_recompile pc=0x000001e6e53a0168 method=org.gradle.internal.snapshot.impl.AbstractValueProcessor.processValue(Ljava/lang/Object;Lorg/gradle/internal/snapshot/impl/AbstractValueProcessor$ValueVisitor;)Ljava/lan
Event: 23.694 Thread 0x000001e6f797e800 DEOPT PACKING pc=0x000001e6e53a0168 sp=0x00000046217f9930
Event: 23.694 Thread 0x000001e6f797e800 DEOPT UNPACKING pc=0x000001e6dd2ea1af sp=0x00000046217f9948 mode 2
Event: 23.707 Thread 0x000001e6f6e24800 DEOPT PACKING pc=0x000001e6df0607c4 sp=0x000000461f8fd140
Event: 23.707 Thread 0x000001e6f6e24800 DEOPT UNPACKING pc=0x000001e6dd2ea95e sp=0x000000461f8fc6e0 mode 0

Classes redefined (0 events):
No events

Internal exceptions (20 events):
Event: 21.151 Thread 0x000001e6f797b000 Exception <a 'java/lang/NoSuchMethodError'{0x0000000087bb21b0}: <clinit>> (0x0000000087bb21b0) thrown at [src/hotspot/share/prims/jni.cpp, line 1367]
Event: 21.152 Thread 0x000001e6f797b000 Exception <a 'java/lang/NoSuchMethodError'{0x0000000087bb5638}: <clinit>> (0x0000000087bb5638) thrown at [src/hotspot/share/prims/jni.cpp, line 1367]
Event: 21.153 Thread 0x000001e6f797b000 Exception <a 'java/lang/NoSuchMethodError'{0x0000000087bcca00}: <clinit>> (0x0000000087bcca00) thrown at [src/hotspot/share/prims/jni.cpp, line 1367]
Event: 21.153 Thread 0x000001e6f797b000 Exception <a 'java/lang/NoSuchMethodError'{0x0000000087bcdc38}: <clinit>> (0x0000000087bcdc38) thrown at [src/hotspot/share/prims/jni.cpp, line 1367]
Event: 21.420 Thread 0x000001e6f797b000 Implicit null exception at 0x000001e6e5302158 to 0x000001e6e5302728
Event: 22.746 Thread 0x000001e6f797b000 Implicit null exception at 0x000001e6e4efe42c to 0x000001e6e4efe46b
Event: 22.832 Thread 0x000001e6f797b000 Exception <a 'java/lang/NoSuchMethodError'{0x000000008c112850}: 'void java.lang.invoke.DirectMethodHandle$Holder.invokeVirtual(java.lang.Object, java.lang.Object)'> (0x000000008c112850) thrown at [src/hotspot/share/interpreter/linkResolver.cpp, line 773]
Event: 23.049 Thread 0x000001e6f797b000 Implicit null exception at 0x000001e6e4d98074 to 0x000001e6e4d98580
Event: 23.147 Thread 0x000001e6f797b000 Exception <a 'java/lang/NoSuchMethodError'{0x000000008b8cfbc0}: <clinit>> (0x000000008b8cfbc0) thrown at [src/hotspot/share/prims/jni.cpp, line 1367]
Event: 23.149 Thread 0x000001e6f797b000 Exception <a 'java/lang/NoSuchMethodError'{0x000000008b8eb2b8}: <clinit>> (0x000000008b8eb2b8) thrown at [src/hotspot/share/prims/jni.cpp, line 1367]
Event: 23.149 Thread 0x000001e6f797b000 Exception <a 'java/lang/NoSuchMethodError'{0x000000008b8ecb30}: <clinit>> (0x000000008b8ecb30) thrown at [src/hotspot/share/prims/jni.cpp, line 1367]
Event: 23.159 Thread 0x000001e6f797b000 Exception <a 'java/lang/NoSuchMethodError'{0x000000008b746348}: <clinit>> (0x000000008b746348) thrown at [src/hotspot/share/prims/jni.cpp, line 1367]
Event: 23.514 Thread 0x000001e6f7983800 Exception <a 'java/lang/NoSuchMethodError'{0x000000008a3e87b0}: <clinit>> (0x000000008a3e87b0) thrown at [src/hotspot/share/prims/jni.cpp, line 1367]
Event: 23.515 Thread 0x000001e6f7983800 Exception <a 'java/lang/NoSuchMethodError'{0x000000008a3f4840}: <clinit>> (0x000000008a3f4840) thrown at [src/hotspot/share/prims/jni.cpp, line 1367]
Event: 23.557 Thread 0x000001e6f7983800 Exception <a 'java/lang/NoSuchMethodError'{0x000000008a025308}: 'java.lang.Object java.lang.invoke.DirectMethodHandle$Holder.invokeSpecial(java.lang.Object, java.lang.Object, int, int, java.lang.Object, int, java.lang.Object, java.lang.Object)'> (0x000000008a025308) thrown at [src/hotspot/share/interpreter/linkResolver.cpp, line 773]
Event: 23.558 Thread 0x000001e6f7983800 Exception <a 'java/lang/NoSuchMethodError'{0x000000008a028bf0}: 'java.lang.Object java.lang.invoke.DelegatingMethodHandle$Holder.reinvoke_L(java.lang.Object, int, int, java.lang.Object, int, java.lang.Object, java.lang.Object)'> (0x000000008a028bf0) thrown at [src/hotspot/share/interpreter/linkResolver.cpp, line 773]
Event: 23.561 Thread 0x000001e6f7983800 Exception <a 'java/lang/NoSuchMethodError'{0x000000008a0626d8}: 'java.lang.Object java.lang.invoke.DirectMethodHandle$Holder.invokeStatic(java.lang.Object, java.lang.Object, java.lang.Object, java.lang.Object, java.lang.Object, java.lang.Object, java.lang.Object, java.lang.Object, int)'> (0x000000008a0626d8) thrown at [src/hotspot/share/interpreter/linkResolver.cpp, line 773]
Event: 23.563 Thread 0x000001e6f7983800 Exception <a 'java/lang/NoSuchMethodError'{0x000000008a08cea0}: 'java.lang.Object java.lang.invoke.DirectMethodHandle$Holder.invokeStatic(java.lang.Object, java.lang.Object, java.lang.Object, java.lang.Object, java.lang.Object, java.lang.Object, java.lang.Object, java.lang.Object, int, int)'> (0x000000008a08cea0) thrown at [src/hotspot/share/interpreter/linkResolver.cpp, line 773]
Event: 23.566 Thread 0x000001e6f7983800 Exception <a 'java/lang/NoSuchMethodError'{0x000000008a0ce0f0}: 'java.lang.Object java.lang.invoke.DirectMethodHandle$Holder.invokeStatic(java.lang.Object, java.lang.Object, java.lang.Object, java.lang.Object, java.lang.Object, java.lang.Object, java.lang.Object, java.lang.Object, int, int, java.lang.Object)'> (0x000000008a0ce0f0) thrown at [src/hotspot/share/interpreter/linkResolver.cpp, line 773]
Event: 23.571 Thread 0x000001e6f7983800 Exception <a 'java/lang/NoSuchMethodError'{0x0000000089f24428}: 'java.lang.Object java.lang.invoke.DirectMethodHandle$Holder.invokeStatic(java.lang.Object, java.lang.Object, java.lang.Object, java.lang.Object, java.lang.Object, java.lang.Object, java.lang.Object, java.lang.Object, int, int, java.lang.Object, java.lang.Object)'> (0x0000000089f24428) thrown at [src/hotspot/share/interpreter/linkResolver.cpp, line 773]

Events (20 events):
Event: 23.578 loading class sun/rmi/transport/GC$LatencyRequest done
Event: 23.578 loading class sun/rmi/transport/GC$Daemon
Event: 23.578 loading class sun/rmi/transport/GC$Daemon done
Event: 23.578 loading class sun/rmi/transport/GC$Daemon$1
Event: 23.578 loading class sun/rmi/transport/GC$Daemon$1 done
Event: 23.659 Thread 0x000001e6f7984000 Thread added: 0x000001e6f7984000
Event: 23.660 Executing VM operation: RevokeBias
Event: 23.663 Executing VM operation: RevokeBias done
Event: 23.663 loading class sun/rmi/transport/DGCClient$EndpointEntry$RefEntry
Event: 23.663 loading class sun/rmi/transport/DGCClient$EndpointEntry$RefEntry done
Event: 23.663 loading class sun/rmi/transport/DGCClient$EndpointEntry$RefEntry$PhantomLiveRef
Event: 23.663 loading class sun/rmi/transport/DGCClient$EndpointEntry$RefEntry$PhantomLiveRef done
Event: 23.663 loading class java/rmi/dgc/Lease
Event: 23.663 loading class java/rmi/dgc/Lease done
Event: 23.693 loading class org/gradle/api/internal/file/FileCollectionFactory
Event: 23.693 loading class org/gradle/api/internal/file/FileCollectionFactory done
Event: 23.693 loading class org/gradle/api/file/FileCollection
Event: 23.693 loading class org/gradle/api/file/FileCollection done
Event: 23.693 loading class org/gradle/api/internal/file/FileCollectionFactory
Event: 23.693 loading class org/gradle/api/internal/file/FileCollectionFactory done


Dynamic libraries:
0x00007ff6da780000 - 0x00007ff6da78a000 	C:\Program Files\Android\Android Studio\jbr\bin\java.exe
0x00007ff9227d0000 - 0x00007ff9229c8000 	C:\Windows\SYSTEM32\ntdll.dll
0x00007ff920910000 - 0x00007ff9209cf000 	C:\Windows\System32\KERNEL32.DLL
0x00007ff920120000 - 0x00007ff9203f2000 	C:\Windows\System32\KERNELBASE.dll
0x00007ff920020000 - 0x00007ff920120000 	C:\Windows\System32\ucrtbase.dll
0x00007ff90ff60000 - 0x00007ff90ff7b000 	C:\Program Files\Android\Android Studio\jbr\bin\VCRUNTIME140.dll
0x00007ff90e550000 - 0x00007ff90e567000 	C:\Program Files\Android\Android Studio\jbr\bin\jli.dll
0x00007ff922420000 - 0x00007ff9225c1000 	C:\Windows\System32\USER32.dll
0x00007ff920400000 - 0x00007ff920422000 	C:\Windows\System32\win32u.dll
0x00007ff91f2d0000 - 0x00007ff91f56a000 	C:\Windows\WinSxS\amd64_microsoft.windows.common-controls_6595b64144ccf1df_6.0.19041.1110_none_60b5254171f9507e\COMCTL32.dll
0x00007ff921250000 - 0x00007ff92127b000 	C:\Windows\System32\GDI32.dll
0x00007ff922300000 - 0x00007ff92239e000 	C:\Windows\System32\msvcrt.dll
0x00007ff9206c0000 - 0x00007ff9207cf000 	C:\Windows\System32\gdi32full.dll
0x00007ff91ff80000 - 0x00007ff92001d000 	C:\Windows\System32\msvcp_win.dll
0x00007ff9221c0000 - 0x00007ff9221f0000 	C:\Windows\System32\IMM32.DLL
0x00007ff8ff550000 - 0x00007ff8ff5dd000 	C:\Program Files\Android\Android Studio\jbr\bin\msvcp140.dll
0x00007ff91ae00000 - 0x00007ff91ae0c000 	C:\Windows\SYSTEM32\VCRUNTIME140_1.dll
0x00007ff8d1d00000 - 0x00007ff8d28bc000 	C:\Program Files\Android\Android Studio\jbr\bin\server\jvm.dll
0x00007ff9221f0000 - 0x00007ff92229e000 	C:\Windows\System32\ADVAPI32.dll
0x00007ff921900000 - 0x00007ff92199c000 	C:\Windows\System32\sechost.dll
0x00007ff921540000 - 0x00007ff921664000 	C:\Windows\System32\RPCRT4.dll
0x00007ff9209d0000 - 0x00007ff9209d8000 	C:\Windows\System32\PSAPI.DLL
0x00007ff91b650000 - 0x00007ff91b659000 	C:\Windows\SYSTEM32\WSOCK32.dll
0x00007ff915040000 - 0x00007ff91504a000 	C:\Windows\SYSTEM32\VERSION.dll
0x00007ff911ff0000 - 0x00007ff912017000 	C:\Windows\SYSTEM32\WINMM.dll
0x00007ff922150000 - 0x00007ff9221bb000 	C:\Windows\System32\WS2_32.dll
0x00007ff91d720000 - 0x00007ff91d732000 	C:\Windows\SYSTEM32\kernel.appcore.dll
0x00007ff91b640000 - 0x00007ff91b650000 	C:\Program Files\Android\Android Studio\jbr\bin\verify.dll
0x00007ff91f950000 - 0x00007ff91fb34000 	C:\Windows\SYSTEM32\DBGHELP.DLL
0x00007ff91f6a0000 - 0x00007ff91f6d5000 	C:\Windows\SYSTEM32\dbgcore.DLL
0x00007ff9204a0000 - 0x00007ff920522000 	C:\Windows\System32\bcryptPrimitives.dll
0x00007ff91aba0000 - 0x00007ff91abc8000 	C:\Program Files\Android\Android Studio\jbr\bin\java.dll
0x00007ff918460000 - 0x00007ff91846a000 	C:\Program Files\Android\Android Studio\jbr\bin\jimage.dll
0x00007ff918300000 - 0x00007ff918318000 	C:\Program Files\Android\Android Studio\jbr\bin\zip.dll
0x00007ff921a00000 - 0x00007ff922145000 	C:\Windows\System32\SHELL32.dll
0x00007ff91d920000 - 0x00007ff91e0b2000 	C:\Windows\SYSTEM32\windows.storage.dll
0x00007ff9209e0000 - 0x00007ff920d35000 	C:\Windows\System32\combase.dll
0x00007ff91f230000 - 0x00007ff91f260000 	C:\Windows\SYSTEM32\Wldp.dll
0x00007ff921850000 - 0x00007ff9218fd000 	C:\Windows\System32\SHCORE.dll
0x00007ff921670000 - 0x00007ff9216c5000 	C:\Windows\System32\shlwapi.dll
0x00007ff91fe10000 - 0x00007ff91fe2f000 	C:\Windows\SYSTEM32\profapi.dll
0x00007ff9182c0000 - 0x00007ff9182d9000 	C:\Program Files\Android\Android Studio\jbr\bin\net.dll
0x00007ff919e60000 - 0x00007ff919f6a000 	C:\Windows\SYSTEM32\WINHTTP.dll
0x00007ff91f100000 - 0x00007ff91f16a000 	C:\Windows\system32\mswsock.dll
0x00007ff90d5b0000 - 0x00007ff90d5c3000 	C:\Program Files\Android\Android Studio\jbr\bin\nio.dll
0x00007ff902660000 - 0x00007ff902687000 	C:\Users\ashish aggarwal\.gradle\native\e1d6ef7f7dcc3fd88c89a11ec53ec762bb8ba0a96d01ffa2cd45eb1d1d8dd5c5\windows-amd64\native-platform.dll
0x00007ff8f2630000 - 0x00007ff8f2774000 	C:\Users\ashish aggarwal\.gradle\native\0d407fdbe67a94daf76414ababcb853783967236a71b16ec16e742cd7a986fd3\windows-amd64\native-platform-file-events.dll
0x00007ff918450000 - 0x00007ff91845a000 	C:\Program Files\Android\Android Studio\jbr\bin\management.dll
0x00007ff9182f0000 - 0x00007ff9182fb000 	C:\Program Files\Android\Android Studio\jbr\bin\management_ext.dll
0x00007ff91fc60000 - 0x00007ff91fc78000 	C:\Windows\SYSTEM32\CRYPTSP.dll
0x00007ff91e910000 - 0x00007ff91e944000 	C:\Windows\system32\rsaenh.dll
0x00007ff920690000 - 0x00007ff9206b7000 	C:\Windows\System32\bcrypt.dll
0x00007ff91fdd0000 - 0x00007ff91fdfe000 	C:\Windows\SYSTEM32\USERENV.dll
0x00007ff91f1f0000 - 0x00007ff91f1fc000 	C:\Windows\SYSTEM32\CRYPTBASE.dll
0x00007ff91ec80000 - 0x00007ff91ecbb000 	C:\Windows\SYSTEM32\IPHLPAPI.DLL
0x00007ff922780000 - 0x00007ff922788000 	C:\Windows\System32\NSI.dll
0x00007ff9157b0000 - 0x00007ff9157c7000 	C:\Windows\SYSTEM32\dhcpcsvc6.DLL
0x00007ff9155a0000 - 0x00007ff9155bd000 	C:\Windows\SYSTEM32\dhcpcsvc.DLL
0x00007ff91ecc0000 - 0x00007ff91ed8b000 	C:\Windows\SYSTEM32\DNSAPI.dll
0x00007ff91ad80000 - 0x00007ff91ad87000 	C:\Program Files\Android\Android Studio\jbr\bin\rmi.dll

dbghelp: loaded successfully - version: 4.0.5 - missing functions: none
symbol engine: initialized successfully - sym options: 0x614 - pdb path: .;C:\Program Files\Android\Android Studio\jbr\bin;C:\Windows\SYSTEM32;C:\Windows\WinSxS\amd64_microsoft.windows.common-controls_6595b64144ccf1df_6.0.19041.1110_none_60b5254171f9507e;C:\Program Files\Android\Android Studio\jbr\bin\server;C:\Users\ashish aggarwal\.gradle\native\e1d6ef7f7dcc3fd88c89a11ec53ec762bb8ba0a96d01ffa2cd45eb1d1d8dd5c5\windows-amd64;C:\Users\ashish aggarwal\.gradle\native\0d407fdbe67a94daf76414ababcb853783967236a71b16ec16e742cd7a986fd3\windows-amd64

VM Arguments:
jvm_args: --add-opens=java.base/java.util=ALL-UNNAMED --add-opens=java.base/java.lang=ALL-UNNAMED --add-opens=java.base/java.lang.invoke=ALL-UNNAMED --add-opens=java.base/java.util=ALL-UNNAMED --add-opens=java.prefs/java.util.prefs=ALL-UNNAMED --add-opens=java.prefs/java.util.prefs=ALL-UNNAMED --add-opens=java.base/java.nio.charset=ALL-UNNAMED --add-opens=java.base/java.net=ALL-UNNAMED --add-opens=java.base/java.util.concurrent.atomic=ALL-UNNAMED -Xmx2048m -Dfile.encoding=UTF-8 -Duser.country=US -Duser.language=en -Duser.variant 
java_command: org.gradle.launcher.daemon.bootstrap.GradleDaemon 7.5
java_class_path (initial): C:\Users\ashish aggarwal\.gradle\wrapper\dists\gradle-7.5-bin\f1w0cc9nuo0eivz97x2xlu9sv\gradle-7.5\lib\gradle-launcher-7.5.jar
Launcher Type: SUN_STANDARD

[Global flags]
     intx CICompilerCount                          = 3                                         {product} {ergonomic}
     uint ConcGCThreads                            = 1                                         {product} {ergonomic}
     uint G1ConcRefinementThreads                  = 4                                         {product} {ergonomic}
   size_t G1HeapRegionSize                         = 1048576                                   {product} {ergonomic}
    uintx GCDrainStackTargetSize                   = 64                                        {product} {ergonomic}
   size_t InitialHeapSize                          = 134217728                                 {product} {ergonomic}
   size_t MarkStackSize                            = 4194304                                   {product} {ergonomic}
   size_t MaxHeapSize                              = 2147483648                                {product} {command line}
   size_t MaxNewSize                               = 1287651328                                {product} {ergonomic}
   size_t MinHeapDeltaBytes                        = 1048576                                   {product} {ergonomic}
    uintx NonNMethodCodeHeapSize                   = 5830732                                {pd product} {ergonomic}
    uintx NonProfiledCodeHeapSize                  = 122913754                              {pd product} {ergonomic}
    uintx ProfiledCodeHeapSize                     = 122913754                              {pd product} {ergonomic}
    uintx ReservedCodeCacheSize                    = 251658240                              {pd product} {ergonomic}
     bool SegmentedCodeCache                       = true                                      {product} {ergonomic}
     bool UseCompressedClassPointers               = true                                 {lp64_product} {ergonomic}
     bool UseCompressedOops                        = true                                 {lp64_product} {ergonomic}
     bool UseG1GC                                  = true                                      {product} {ergonomic}
     bool UseLargePagesIndividualAllocation        = false                                  {pd product} {ergonomic}

Logging:
Log output configuration:
 #0: stdout all=warning uptime,level,tags
 #1: stderr all=off uptime,level,tags

Environment Variables:
JAVA_HOME=C:\Program Files\Eclipse Adoptium\jdk-17.0.6.10-hotspot\
PATH=C:\Program Files\Eclipse Adoptium\jdk-17.0.6.10-hotspot\bin;C:\Program Files\Common Files\Oracle\Java\javapath;C:\Windows\system32;C:\Windows;C:\Windows\System32\Wbem;C:\Windows\System32\WindowsPowerShell\v1.0\;C:\Windows\System32\OpenSSH\;C:\Program Files\PowerShell\7\;C:\Users\ashish aggarwal\AppData\Local\Android\Sdk\platform-tools;C:\Program Files\Git\cmd;C:\Program Files\Git\mingw64\bin\;C:\Users\ashish aggarwal\AppData\Local\Microsoft\WindowsApps;C:\Program Files\Git\bin;C:\Users\ashish aggarwal\AppData\Local\Programs\Microsoft VS Code\bin
USERNAME=ashish-aggarwal
OS=Windows_NT
PROCESSOR_IDENTIFIER=Intel64 Family 6 Model 69 Stepping 1, GenuineIntel



---------------  S Y S T E M  ---------------

OS: Windows 10 , 64 bit Build 19041 (10.0.19041.2546)
OS uptime: 0 days 5:33 hours

CPU:total 4 (initial active 4) (2 cores per cpu, 2 threads per core) family 6 model 69 stepping 1 microcode 0x25, cmov, cx8, fxsr, mmx, sse, sse2, sse3, ssse3, sse4.1, sse4.2, popcnt, avx, avx2, aes, clmul, erms, lzcnt, ht, tsc, tscinvbit, bmi1, bmi2, fma

Memory: 4k page, system-wide physical 8123M (1570M free)
TotalPageFile size 11963M (AvailPageFile size 2990M)
current process WorkingSet (physical memory assigned to process): 495M, peak: 499M
current process commit charge ("private bytes"): 523M, peak: 527M

vm_info: OpenJDK 64-Bit Server VM (11.0.15+0-b2043.56-8887301) for windows-amd64 JRE (11.0.15+0-b2043.56-8887301), built on Jul 29 2022 23:19:47 by "builduser" with unknown MS VC++:1929

END.
