#
# A fatal error has been detected by the Java Runtime Environment:
#
#  EXCEPTION_ACCESS_VIOLATION (0xc0000005) at pc=0x00007ff8d1e27e52, pid=5440, tid=2604
#
# JRE version: OpenJDK Runtime Environment (11.0.15) (build 11.0.15+0-b2043.56-8887301)
# Java VM: OpenJDK 64-Bit Server VM (11.0.15+0-b2043.56-8887301, mixed mode, tiered, compressed oops, g1 gc, windows-amd64)
# Problematic frame:
# V  [jvm.dll+0x127e52]
#
# No core dump will be written. Minidumps are not enabled by default on client versions of Windows
#
# If you would like to submit a bug report, please visit:
#   https://bugreport.java.com/bugreport/crash.jsp
#

---------------  S U M M A R Y ------------

Command Line: --add-opens=java.base/java.util=ALL-UNNAMED --add-opens=java.base/java.lang=ALL-UNNAMED --add-opens=java.base/java.lang.invoke=ALL-UNNAMED --add-opens=java.base/java.util=ALL-UNNAMED --add-opens=java.prefs/java.util.prefs=ALL-UNNAMED --add-opens=java.prefs/java.util.prefs=ALL-UNNAMED --add-opens=java.base/java.nio.charset=ALL-UNNAMED --add-opens=java.base/java.net=ALL-UNNAMED --add-opens=java.base/java.util.concurrent.atomic=ALL-UNNAMED -Xmx2048m -Dfile.encoding=UTF-8 -Duser.country=US -Duser.language=en -Duser.variant org.gradle.launcher.daemon.bootstrap.GradleDaemon 7.5

Host: Intel(R) Core(TM) i5-4210U CPU @ 1.70GHz, 4 cores, 7G,  Windows 10 , 64 bit Build 19041 (10.0.19041.2546)
Time: Sun Mar 19 17:36:26 2023 India Standard Time elapsed time: 943.465408 seconds (0d 0h 15m 43s)

---------------  T H R E A D  ---------------

Current thread (0x0000018986803800):  JavaThread "C2 CompilerThread0" daemon [_thread_in_native, id=2604, stack(0x0000003dcad00000,0x0000003dcae00000)]


Current CompileTask:
C2: 943465 24262       4       groovy.lang.MetaClassImpl::inheritInterfaceNewMetaMethods (195 bytes)

Stack: [0x0000003dcad00000,0x0000003dcae00000],  sp=0x0000003dcadfb810,  free space=1006k
Native frames: (J=compiled Java code, j=interpreted, Vv=VM code, C=native code)
V  [jvm.dll+0x127e52]
V  [jvm.dll+0x1f775d]
V  [jvm.dll+0x1f7846]
V  [jvm.dll+0x1b398d]
V  [jvm.dll+0x22163e]
V  [jvm.dll+0x220498]
V  [jvm.dll+0x19e851]
V  [jvm.dll+0x230479]
V  [jvm.dll+0x22e5ef]
V  [jvm.dll+0x794de1]
V  [jvm.dll+0x78dc24]
V  [jvm.dll+0x6400f6]
C  [ucrtbase.dll+0x21bb2]
C  [KERNEL32.DLL+0x17614]
C  [ntdll.dll+0x526a1]


siginfo: EXCEPTION_ACCESS_VIOLATION (0xc0000005), reading address 0x0000000000000000


Register to memory mapping:

RIP=0x00007ff8d1e27e52 jvm.dll
RAX=0x0 is NULL
RBX=0x0000018989d68518 points into unknown readable memory: 0x000001898742ab48 | 48 ab 42 87 89 01 00 00
RCX=0x0000003dcadfbca0 is pointing into the stack for thread: 0x0000018986803800
RDX=0x0000000090328278 is an unallocated location in the heap
RSP=0x0000003dcadfb810 is pointing into the stack for thread: 0x0000018986803800
RBP=0x0000003dcadfbca0 is pointing into the stack for thread: 0x0000018986803800
RSI=0x0000018989d68518 points into unknown readable memory: 0x000001898742ab48 | 48 ab 42 87 89 01 00 00
RDI=0x0 is NULL
R8 =0x00007ff8d25c16d0 jvm.dll
R9 =0x0 is NULL
R10=0x0 is NULL
R11=0x0000000000000001 is an unknown value
R12=0x000001898cec4be0 points into unknown readable memory: 0x00007ff8d262c7f8 | f8 c7 62 d2 f8 7f 00 00
R13=0x000001898cec4fb8 points into unknown readable memory: 0x88000c005afceccc | cc ec fc 5a 00 0c 00 88
R14=0x00000000000003d8 is an unknown value
R15=0x000001898cec4bd0 points into unknown readable memory: 0x0000018991a68040 | 40 80 a6 91 89 01 00 00


Registers:
RAX=0x0000000000000000, RBX=0x0000018989d68518, RCX=0x0000003dcadfbca0, RDX=0x0000000090328278
RSP=0x0000003dcadfb810, RBP=0x0000003dcadfbca0, RSI=0x0000018989d68518, RDI=0x0000000000000000
R8 =0x00007ff8d25c16d0, R9 =0x0000000000000000, R10=0x0000000000000000, R11=0x0000000000000001
R12=0x000001898cec4be0, R13=0x000001898cec4fb8, R14=0x00000000000003d8, R15=0x000001898cec4bd0
RIP=0x00007ff8d1e27e52, EFLAGS=0x0000000000010286

Top of Stack: (sp=0x0000003dcadfb810)
0x0000003dcadfb810:   000001898cec4bd0 000001899683a330
0x0000003dcadfb820:   000001898cec4fb8 000001898cec4be0
0x0000003dcadfb830:   0000000000000000 0000000000000000
0x0000003dcadfb840:   00000000000004eb 00007ff8d1ef775d
0x0000003dcadfb850:   0000018990327bc0 00000000000003d8
0x0000003dcadfb860:   0000003dcadfbaa0 0000003dcadfbaa0
0x0000003dcadfb870:   00007ff800000009 00007ff8d1f20dc2
0x0000003dcadfb880:   0000003dcadfbe28 00007ff8d1ef7846
0x0000003dcadfb890:   0000003dcadfbaa0 00000000000004ea
0x0000003dcadfb8a0:   00000000000003d8 0000003dcadfb9c0
0x0000003dcadfb8b0:   0000000000000000 00007ff8d1eb398d
0x0000003dcadfb8c0:   0000003dcadfbd40 0000000000000000
0x0000003dcadfb8d0:   000001898cec4be0 00000000000003d8
0x0000003dcadfb8e0:   0000000000000000 00007ff8d25a3ca8
0x0000003dcadfb8f0:   0000000000000006 000001898cec4bd0
0x0000003dcadfb900:   000001899372b760 000001899372bed8 

Instructions: (pc=0x00007ff8d1e27e52)
0x00007ff8d1e27d52:   5f 41 5e 41 5d 41 5c 5f 5e 5d 5b c3 cc cc 44 8b
0x00007ff8d1e27d62:   51 18 4c 8b c9 45 85 d2 74 09 48 8b 41 20 48 8b
0x00007ff8d1e27d72:   08 eb 02 33 c9 80 79 2c e0 0f 84 9e 00 00 00 45
0x00007ff8d1e27d82:   85 d2 74 09 49 8b 41 20 48 8b 08 eb 02 33 c9 8b
0x00007ff8d1e27d92:   41 2c 83 e0 0f 3c 09 0f 84 80 00 00 00 41 8b 51
0x00007ff8d1e27da2:   28 41 bb 02 00 00 00 ff ca 85 d2 7e 25 41 3b d2
0x00007ff8d1e27db2:   73 0a 49 8b 41 20 4c 8b 04 d0 eb 03 45 33 c0 41
0x00007ff8d1e27dc2:   8b 40 2c 83 e0 3f 3c 2a 75 08 41 bb 01 00 00 00
0x00007ff8d1e27dd2:   ff ca 45 85 d2 74 09 49 8b 41 20 48 8b 08 eb 02
0x00007ff8d1e27de2:   33 c9 83 79 18 01 76 31 48 63 ca 85 d2 7e 28 41
0x00007ff8d1e27df2:   3b d2 73 0a 49 8b 41 20 4c 8b 04 c8 eb 03 45 33
0x00007ff8d1e27e02:   c0 41 8b 40 2c 24 03 3c 02 74 0a ff ca 48 ff c9
0x00007ff8d1e27e12:   48 85 c9 7f da 85 d2 75 04 41 8b c3 c3 33 c0 c3
0x00007ff8d1e27e22:   cc cc cc cc cc cc cc cc cc cc cc cc cc cc 48 89
0x00007ff8d1e27e32:   5c 24 18 48 89 6c 24 20 57 48 83 ec 30 48 8b da
0x00007ff8d1e27e42:   33 ff 8b 52 18 48 8b e9 85 d2 74 09 48 8b 43 20
0x00007ff8d1e27e52:   4c 8b 00 eb 03 4c 8b c7 41 80 78 2c e0 0f 29 74
0x00007ff8d1e27e62:   24 20 0f 84 ca 01 00 00 85 d2 74 09 48 8b 43 20
0x00007ff8d1e27e72:   48 8b 08 eb 03 48 8b cf 8b 41 2c 83 e0 0f 3c 09
0x00007ff8d1e27e82:   0f 84 ac 01 00 00 f2 0f 10 35 80 cc 77 00 66 0f
0x00007ff8d1e27e92:   2f 73 08 0f 87 95 01 00 00 48 89 74 24 40 8b 73
0x00007ff8d1e27ea2:   28 ff ce 4c 89 74 24 48 3b f2 73 0a 48 8b 43 20
0x00007ff8d1e27eb2:   4c 8b 34 f0 eb 03 4c 8b f7 49 8b 06 49 8b ce ff
0x00007ff8d1e27ec2:   50 20 49 3b c6 4c 8b 74 24 48 74 03 2b 73 48 3b
0x00007ff8d1e27ed2:   73 18 73 0a 48 8b 43 20 48 8b 0c f0 eb 03 48 8b
0x00007ff8d1e27ee2:   cf 8b 41 2c 48 8b 74 24 40 83 e0 3f 3c 2a 75 07
0x00007ff8d1e27ef2:   48 8b 41 08 48 8b 08 8b 41 2c 83 e0 1f 3c 1d 75
0x00007ff8d1e27f02:   07 48 8b 41 08 48 8b 08 8b 51 2c 8b c2 25 ff 03
0x00007ff8d1e27f12:   00 00 3d 08 02 00 00 75 37 48 8b 41 08 4c 8b 00
0x00007ff8d1e27f22:   41 8b 40 2c 83 e0 1f 3c 1e 75 25 f3 41 0f 10 88
0x00007ff8d1e27f32:   88 00 00 00 0f 2e 0d e7 cb 77 00 7a 02 74 11 f3
0x00007ff8d1e27f42:   0f 10 05 af cb 77 00 0f 2f c1 0f 83 de 00 00 00 


Stack slot to memory mapping:
stack at sp + 0 slots: 0x000001898cec4bd0 points into unknown readable memory: 0x0000018991a68040 | 40 80 a6 91 89 01 00 00
stack at sp + 1 slots: 0x000001899683a330 points into unknown readable memory: 0x00007ff8d25a0628 | 28 06 5a d2 f8 7f 00 00
stack at sp + 2 slots: 0x000001898cec4fb8 points into unknown readable memory: 0x88000c005afceccc | cc ec fc 5a 00 0c 00 88
stack at sp + 3 slots: 0x000001898cec4be0 points into unknown readable memory: 0x00007ff8d262c7f8 | f8 c7 62 d2 f8 7f 00 00
stack at sp + 4 slots: 0x0 is NULL
stack at sp + 5 slots: 0x0 is NULL
stack at sp + 6 slots: 0x00000000000004eb is an unknown value
stack at sp + 7 slots: 0x00007ff8d1ef775d jvm.dll


---------------  P R O C E S S  ---------------

Threads class SMR info:
_java_thread_list=0x000001898a45d960, length=97, elements={
0x00000189ecb49800, 0x00000189867d8000, 0x00000189867e5800, 0x0000018987162800,
0x00000189867f1000, 0x00000189867f3000, 0x0000018986803800, 0x0000018986804800,
0x0000018986808000, 0x00000189872ab800, 0x0000018988b4a000, 0x0000018989850000,
0x0000018988ff3800, 0x0000018988b9e000, 0x0000018988b9e800, 0x0000018988ba2000,
0x0000018988b9d000, 0x0000018988ba1000, 0x0000018988b9f800, 0x000001898a5da800,
0x000001898a5d8000, 0x000001898a5db000, 0x000001898a5dc000, 0x000001898a5d7000,
0x0000018988179000, 0x0000018988182000, 0x00000189904ed800, 0x00000189904ef000,
0x00000189904f0800, 0x00000189904eb000, 0x00000189904f4000, 0x000001898a5dd800,
0x00000189904f5800, 0x00000189904f2800, 0x000001898e8d7000, 0x000001898a5e3800,
0x000001898e8cf800, 0x000001898e8d1000, 0x000001898e8cd000, 0x000001898e8cb800,
0x000001898e8ce000, 0x000001898e8d2000, 0x000001898e8d0800, 0x000001898e8cc000,
0x000001898e8d2800, 0x000001898e8d3800, 0x000001898e8d4800, 0x000001898e8ce800,
0x000001898e8d6000, 0x000001898e8d9800, 0x000001898e8d8800, 0x000001898e8da000,
0x000001898e8d5000, 0x000001898e8d7800, 0x000001899082c000, 0x000001899082c800,
0x000001899082d800, 0x0000018990830000, 0x000001899082f000, 0x000001899082b000,
0x0000018990831800, 0x0000018990835000, 0x0000018990832800, 0x0000018990835800,
0x0000018990833000, 0x0000018990834000, 0x0000018990836800, 0x0000018990830800,
0x0000018990837000, 0x0000018990839800, 0x0000018990838000, 0x0000018990839000,
0x0000018988174000, 0x0000018988178000, 0x0000018988179800, 0x0000018988176800,
0x000001898817a800, 0x0000018988174800, 0x000001898817b000, 0x0000018988175800,
0x000001898817d000, 0x000001898817c000, 0x0000018988177000, 0x000001898817d800,
0x0000018988182800, 0x000001898817e800, 0x0000018988180000, 0x0000018988181000,
0x00000189904ec000, 0x000001898ef2c800, 0x00000189904ea000, 0x00000189904f1800,
0x00000189904f0000, 0x00000189904f3000, 0x00000189904ee000, 0x00000189904f5000,
0x00000189904f6800
}

Java Threads: ( => current thread )
  0x00000189ecb49800 JavaThread "main" [_thread_blocked, id=2812, stack(0x0000003dca100000,0x0000003dca200000)]
  0x00000189867d8000 JavaThread "Reference Handler" daemon [_thread_blocked, id=7596, stack(0x0000003dca800000,0x0000003dca900000)]
  0x00000189867e5800 JavaThread "Finalizer" daemon [_thread_blocked, id=5448, stack(0x0000003dca900000,0x0000003dcaa00000)]
  0x0000018987162800 JavaThread "Signal Dispatcher" daemon [_thread_blocked, id=4220, stack(0x0000003dcaa00000,0x0000003dcab00000)]
  0x00000189867f1000 JavaThread "Attach Listener" daemon [_thread_blocked, id=6920, stack(0x0000003dcab00000,0x0000003dcac00000)]
  0x00000189867f3000 JavaThread "Service Thread" daemon [_thread_blocked, id=11176, stack(0x0000003dcac00000,0x0000003dcad00000)]
=>0x0000018986803800 JavaThread "C2 CompilerThread0" daemon [_thread_in_native, id=2604, stack(0x0000003dcad00000,0x0000003dcae00000)]
  0x0000018986804800 JavaThread "C1 CompilerThread0" daemon [_thread_blocked, id=12788, stack(0x0000003dcae00000,0x0000003dcaf00000)]
  0x0000018986808000 JavaThread "Sweeper thread" daemon [_thread_blocked, id=4304, stack(0x0000003dcaf00000,0x0000003dcb000000)]
  0x00000189872ab800 JavaThread "Common-Cleaner" daemon [_thread_blocked, id=1764, stack(0x0000003dcb000000,0x0000003dcb100000)]
  0x0000018988b4a000 JavaThread "Daemon health stats" [_thread_blocked, id=6492, stack(0x0000003dcb500000,0x0000003dcb600000)]
  0x0000018989850000 JavaThread "Incoming local TCP Connector on port 63606" [_thread_in_native, id=4352, stack(0x0000003dcb200000,0x0000003dcb300000)]
  0x0000018988ff3800 JavaThread "Daemon periodic checks" [_thread_blocked, id=8276, stack(0x0000003dcb600000,0x0000003dcb700000)]
  0x0000018988b9e000 JavaThread "Cache worker for journal cache (C:\Users\ashish aggarwal\.gradle\caches\journal-1)" [_thread_blocked, id=9436, stack(0x0000003dcc100000,0x0000003dcc200000)]
  0x0000018988b9e800 JavaThread "File lock request listener" [_thread_in_native, id=9236, stack(0x0000003dcc200000,0x0000003dcc300000)]
  0x0000018988ba2000 JavaThread "Cache worker for file hash cache (C:\Users\ashish aggarwal\.gradle\caches\7.5\fileHashes)" [_thread_blocked, id=8864, stack(0x0000003dcc300000,0x0000003dcc400000)]
  0x0000018988b9d000 JavaThread "File watcher server" daemon [_thread_in_native, id=6424, stack(0x0000003dcc400000,0x0000003dcc500000)]
  0x0000018988ba1000 JavaThread "File watcher consumer" daemon [_thread_blocked, id=6912, stack(0x0000003dcc500000,0x0000003dcc600000)]
  0x0000018988b9f800 JavaThread "Cache worker for file content cache (C:\Users\ashish aggarwal\.gradle\caches\7.5\fileContent)" [_thread_blocked, id=8884, stack(0x0000003dcc800000,0x0000003dcc900000)]
  0x000001898a5da800 JavaThread "Cache worker for execution history cache (C:\Users\ashish aggarwal\.gradle\caches\7.5\executionHistory)" [_thread_blocked, id=11192, stack(0x0000003dccb00000,0x0000003dccc00000)]
  0x000001898a5d8000 JavaThread "jar transforms" [_thread_blocked, id=9460, stack(0x0000003dccc00000,0x0000003dccd00000)]
  0x000001898a5db000 JavaThread "jar transforms Thread 2" [_thread_blocked, id=11992, stack(0x0000003dccd00000,0x0000003dcce00000)]
  0x000001898a5dc000 JavaThread "jar transforms Thread 3" [_thread_blocked, id=376, stack(0x0000003dcce00000,0x0000003dccf00000)]
  0x000001898a5d7000 JavaThread "jar transforms Thread 4" [_thread_blocked, id=2900, stack(0x0000003dccf00000,0x0000003dcd000000)]
  0x0000018988179000 JavaThread "Memory manager" [_thread_blocked, id=9952, stack(0x0000003dcfb00000,0x0000003dcfc00000)]
  0x0000018988182000 JavaThread "pool-3-thread-1" [_thread_blocked, id=6552, stack(0x0000003dcfc00000,0x0000003dcfd00000)]
  0x00000189904ed800 JavaThread "RMI Scheduler(0)" daemon [_thread_blocked, id=8672, stack(0x0000003dd0400000,0x0000003dd0500000)]
  0x00000189904ef000 JavaThread "RMI GC Daemon" daemon [_thread_blocked, id=6448, stack(0x0000003dd0600000,0x0000003dd0700000)]
  0x00000189904f0800 JavaThread "RMI TCP Accept-0" daemon [_thread_in_native, id=9000, stack(0x0000003dd0700000,0x0000003dd0800000)]
  0x00000189904eb000 JavaThread "RMI Reaper" [_thread_blocked, id=10600, stack(0x0000003dd0800000,0x0000003dd0900000)]
  0x00000189904f4000 JavaThread "Cache worker for Java compile cache (C:\Users\ashish aggarwal\.gradle\caches\7.5\javaCompile)" [_thread_blocked, id=5196, stack(0x0000003dd0c00000,0x0000003dd0d00000)]
  0x000001898a5dd800 JavaThread "pool-7-thread-1" [_thread_blocked, id=2492, stack(0x0000003dcf800000,0x0000003dcf900000)]
  0x00000189904f5800 JavaThread "pool-12-thread-1" [_thread_blocked, id=11028, stack(0x0000003dcfa00000,0x0000003dcfb00000)]
  0x00000189904f2800 JavaThread "pool-16-thread-1" [_thread_blocked, id=11660, stack(0x0000003dcf900000,0x0000003dcfa00000)]
  0x000001898e8d7000 JavaThread "ForkJoinPool.commonPool-worker-7" daemon [_thread_blocked, id=12424, stack(0x0000003dd1300000,0x0000003dd1400000)]
  0x000001898a5e3800 JavaThread "pool-20-thread-1" [_thread_blocked, id=1680, stack(0x0000003dcfd00000,0x0000003dcfe00000)]
  0x000001898e8cf800 JavaThread "Daemon Thread 5" [_thread_blocked, id=2444, stack(0x0000003dc9f00000,0x0000003dca000000)]
  0x000001898e8d1000 JavaThread "Handler for socket connection from /127.0.0.1:63606 to /127.0.0.1:64695" [_thread_in_native, id=3656, stack(0x0000003dca000000,0x0000003dca100000)]
  0x000001898e8cd000 JavaThread "Cancel handler" [_thread_blocked, id=8476, stack(0x0000003dcb700000,0x0000003dcb800000)]
  0x000001898e8cb800 JavaThread "Daemon worker Thread 5" [_thread_in_Java, id=13088, stack(0x0000003dcb800000,0x0000003dcb900000)]
  0x000001898e8ce000 JavaThread "Asynchronous log dispatcher for DefaultDaemonConnection: socket connection from /127.0.0.1:63606 to /127.0.0.1:64695" [_thread_blocked, id=4200, stack(0x0000003dcb900000,0x0000003dcba00000)]
  0x000001898e8d2000 JavaThread "Stdin handler" [_thread_blocked, id=10804, stack(0x0000003dcba00000,0x0000003dcbb00000)]
  0x000001898e8d0800 JavaThread "Daemon client event forwarder" [_thread_blocked, id=9628, stack(0x0000003dcbb00000,0x0000003dcbc00000)]
  0x000001898e8cc000 JavaThread "Cache worker for checksums cache (C:\Users\ashish aggarwal\AndroidStudioProjects\YourMoney\.gradle\7.5\checksums)" [_thread_blocked, id=12356, stack(0x0000003dcbc00000,0x0000003dcbd00000)]
  0x000001898e8d2800 JavaThread "Cache worker for cache directory md-rule (C:\Users\ashish aggarwal\.gradle\caches\7.5\md-rule)" [_thread_blocked, id=12592, stack(0x0000003dcbf00000,0x0000003dcc000000)]
  0x000001898e8d3800 JavaThread "Cache worker for file hash cache (C:\Users\ashish aggarwal\AndroidStudioProjects\YourMoney\.gradle\7.5\fileHashes)" [_thread_blocked, id=13012, stack(0x0000003dcc000000,0x0000003dcc100000)]
  0x000001898e8d4800 JavaThread "Cache worker for cache directory md-supplier (C:\Users\ashish aggarwal\.gradle\caches\7.5\md-supplier)" [_thread_blocked, id=8956, stack(0x0000003dcc600000,0x0000003dcc700000)]
  0x000001898e8ce800 JavaThread "Cache worker for dependencies-accessors (C:\Users\ashish aggarwal\AndroidStudioProjects\YourMoney\.gradle\7.5\dependencies-accessors)" [_thread_blocked, id=13264, stack(0x0000003dcc900000,0x0000003dcca00000)]
  0x000001898e8d6000 JavaThread "Cache worker for Build Output Cleanup Cache (C:\Users\ashish aggarwal\AndroidStudioProjects\YourMoney\.gradle\buildOutputCleanup)" [_thread_blocked, id=11988, stack(0x0000003dcca00000,0x0000003dccb00000)]
  0x000001898e8d9800 JavaThread "Unconstrained build operations" [_thread_blocked, id=11144, stack(0x0000003dcd000000,0x0000003dcd100000)]
  0x000001898e8d8800 JavaThread "Unconstrained build operations Thread 2" [_thread_blocked, id=10856, stack(0x0000003dcd100000,0x0000003dcd200000)]
  0x000001898e8da000 JavaThread "Unconstrained build operations Thread 3" [_thread_blocked, id=5804, stack(0x0000003dcd200000,0x0000003dcd300000)]
  0x000001898e8d5000 JavaThread "Unconstrained build operations Thread 4" [_thread_blocked, id=5520, stack(0x0000003dcd300000,0x0000003dcd400000)]
  0x000001898e8d7800 JavaThread "Unconstrained build operations Thread 5" [_thread_blocked, id=10444, stack(0x0000003dcd400000,0x0000003dcd500000)]
  0x000001899082c000 JavaThread "Unconstrained build operations Thread 6" [_thread_blocked, id=5080, stack(0x0000003dcd500000,0x0000003dcd600000)]
  0x000001899082c800 JavaThread "Unconstrained build operations Thread 7" [_thread_blocked, id=10172, stack(0x0000003dcd600000,0x0000003dcd700000)]
  0x000001899082d800 JavaThread "Unconstrained build operations Thread 8" [_thread_blocked, id=7888, stack(0x0000003dcd700000,0x0000003dcd800000)]
  0x0000018990830000 JavaThread "Unconstrained build operations Thread 9" [_thread_blocked, id=5124, stack(0x0000003dcd800000,0x0000003dcd900000)]
  0x000001899082f000 JavaThread "Unconstrained build operations Thread 10" [_thread_blocked, id=12132, stack(0x0000003dcd900000,0x0000003dcda00000)]
  0x000001899082b000 JavaThread "Unconstrained build operations Thread 11" [_thread_blocked, id=12484, stack(0x0000003dcda00000,0x0000003dcdb00000)]
  0x0000018990831800 JavaThread "Unconstrained build operations Thread 12" [_thread_blocked, id=9736, stack(0x0000003dcdb00000,0x0000003dcdc00000)]
  0x0000018990835000 JavaThread "Unconstrained build operations Thread 13" [_thread_blocked, id=2588, stack(0x0000003dcdc00000,0x0000003dcdd00000)]
  0x0000018990832800 JavaThread "Unconstrained build operations Thread 14" [_thread_blocked, id=10676, stack(0x0000003dcdd00000,0x0000003dcde00000)]
  0x0000018990835800 JavaThread "Unconstrained build operations Thread 15" [_thread_blocked, id=5264, stack(0x0000003dcde00000,0x0000003dcdf00000)]
  0x0000018990833000 JavaThread "Unconstrained build operations Thread 16" [_thread_blocked, id=7660, stack(0x0000003dcdf00000,0x0000003dce000000)]
  0x0000018990834000 JavaThread "Unconstrained build operations Thread 17" [_thread_blocked, id=3392, stack(0x0000003dce000000,0x0000003dce100000)]
  0x0000018990836800 JavaThread "Unconstrained build operations Thread 18" [_thread_blocked, id=3424, stack(0x0000003dce100000,0x0000003dce200000)]
  0x0000018990830800 JavaThread "Unconstrained build operations Thread 19" [_thread_blocked, id=5132, stack(0x0000003dce200000,0x0000003dce300000)]
  0x0000018990837000 JavaThread "Unconstrained build operations Thread 20" [_thread_blocked, id=8140, stack(0x0000003dce300000,0x0000003dce400000)]
  0x0000018990839800 JavaThread "Unconstrained build operations Thread 21" [_thread_blocked, id=11220, stack(0x0000003dce400000,0x0000003dce500000)]
  0x0000018990838000 JavaThread "Unconstrained build operations Thread 22" [_thread_blocked, id=11476, stack(0x0000003dce500000,0x0000003dce600000)]
  0x0000018990839000 JavaThread "Unconstrained build operations Thread 23" [_thread_blocked, id=7360, stack(0x0000003dce600000,0x0000003dce700000)]
  0x0000018988174000 JavaThread "Unconstrained build operations Thread 24" [_thread_blocked, id=12972, stack(0x0000003dce700000,0x0000003dce800000)]
  0x0000018988178000 JavaThread "Unconstrained build operations Thread 25" [_thread_blocked, id=8984, stack(0x0000003dce800000,0x0000003dce900000)]
  0x0000018988179800 JavaThread "Unconstrained build operations Thread 26" [_thread_blocked, id=3320, stack(0x0000003dce900000,0x0000003dcea00000)]
  0x0000018988176800 JavaThread "Unconstrained build operations Thread 27" [_thread_blocked, id=10468, stack(0x0000003dcea00000,0x0000003dceb00000)]
  0x000001898817a800 JavaThread "Unconstrained build operations Thread 28" [_thread_blocked, id=2380, stack(0x0000003dceb00000,0x0000003dcec00000)]
  0x0000018988174800 JavaThread "Unconstrained build operations Thread 29" [_thread_blocked, id=3812, stack(0x0000003dcec00000,0x0000003dced00000)]
  0x000001898817b000 JavaThread "Unconstrained build operations Thread 30" [_thread_blocked, id=12580, stack(0x0000003dced00000,0x0000003dcee00000)]
  0x0000018988175800 JavaThread "Unconstrained build operations Thread 31" [_thread_blocked, id=10464, stack(0x0000003dcee00000,0x0000003dcef00000)]
  0x000001898817d000 JavaThread "Unconstrained build operations Thread 32" [_thread_blocked, id=6540, stack(0x0000003dcef00000,0x0000003dcf000000)]
  0x000001898817c000 JavaThread "Unconstrained build operations Thread 33" [_thread_blocked, id=11748, stack(0x0000003dcf000000,0x0000003dcf100000)]
  0x0000018988177000 JavaThread "Unconstrained build operations Thread 34" [_thread_blocked, id=10396, stack(0x0000003dcf100000,0x0000003dcf200000)]
  0x000001898817d800 JavaThread "Unconstrained build operations Thread 35" [_thread_blocked, id=12492, stack(0x0000003dcf200000,0x0000003dcf300000)]
  0x0000018988182800 JavaThread "Unconstrained build operations Thread 36" [_thread_blocked, id=10288, stack(0x0000003dcf300000,0x0000003dcf400000)]
  0x000001898817e800 JavaThread "Unconstrained build operations Thread 37" [_thread_blocked, id=12640, stack(0x0000003dcf400000,0x0000003dcf500000)]
  0x0000018988180000 JavaThread "Unconstrained build operations Thread 38" [_thread_blocked, id=2116, stack(0x0000003dcf500000,0x0000003dcf600000)]
  0x0000018988181000 JavaThread "Unconstrained build operations Thread 39" [_thread_blocked, id=10728, stack(0x0000003dcf600000,0x0000003dcf700000)]
  0x00000189904ec000 JavaThread "Unconstrained build operations Thread 40" [_thread_blocked, id=12476, stack(0x0000003dcf700000,0x0000003dcf800000)]
  0x000001898ef2c800 JavaThread "C2 CompilerThread1" daemon [_thread_in_native, id=9208, stack(0x0000003dcc700000,0x0000003dcc800000)]
  0x00000189904ea000 JavaThread "pool-24-thread-1" [_thread_blocked, id=2572, stack(0x0000003dcfe00000,0x0000003dcff00000)]
  0x00000189904f1800 JavaThread "included builds" [_thread_blocked, id=10276, stack(0x0000003dcff00000,0x0000003dd0000000)]
  0x00000189904f0000 JavaThread "Execution worker" [_thread_blocked, id=10972, stack(0x0000003dd0000000,0x0000003dd0100000)]
  0x00000189904f3000 JavaThread "Execution worker Thread 2" [_thread_blocked, id=3048, stack(0x0000003dd0100000,0x0000003dd0200000)]
  0x00000189904ee000 JavaThread "Execution worker Thread 3" [_thread_blocked, id=12600, stack(0x0000003dd0200000,0x0000003dd0300000)]
  0x00000189904f5000 JavaThread "Cache worker for execution history cache (C:\Users\ashish aggarwal\AndroidStudioProjects\YourMoney\.gradle\7.5\executionHistory)" [_thread_blocked, id=6532, stack(0x0000003dd0300000,0x0000003dd0400000)]
  0x00000189904f6800 JavaThread "idea-tooling-model-converter" [_thread_blocked, id=5624, stack(0x0000003dd0500000,0x0000003dd0600000)]

Other Threads:
  0x00000189867d6000 VMThread "VM Thread" [stack: 0x0000003dca700000,0x0000003dca800000] [id=6736]
  0x00000189872ad000 WatcherThread [stack: 0x0000003dcb100000,0x0000003dcb200000] [id=7860]
  0x00000189ecb5d000 GCTaskThread "GC Thread#0" [stack: 0x0000003dca200000,0x0000003dca300000] [id=12536]
  0x0000018987d6f000 GCTaskThread "GC Thread#1" [stack: 0x0000003dcb300000,0x0000003dcb400000] [id=13200]
  0x0000018987d6f800 GCTaskThread "GC Thread#2" [stack: 0x0000003dcb400000,0x0000003dcb500000] [id=6880]
  0x0000018989308000 GCTaskThread "GC Thread#3" [stack: 0x0000003dcbd00000,0x0000003dcbe00000] [id=3664]
  0x00000189ecb8d800 ConcurrentGCThread "G1 Main Marker" [stack: 0x0000003dca300000,0x0000003dca400000] [id=1196]
  0x00000189ecb91000 ConcurrentGCThread "G1 Conc#0" [stack: 0x0000003dca400000,0x0000003dca500000] [id=6976]
  0x0000018986630800 ConcurrentGCThread "G1 Refine#0" [stack: 0x0000003dca500000,0x0000003dca600000] [id=5732]
  0x0000018989105800 ConcurrentGCThread "G1 Refine#1" [stack: 0x0000003dcbe00000,0x0000003dcbf00000] [id=1044]
  0x0000018986631000 ConcurrentGCThread "G1 Young RemSet Sampling" [stack: 0x0000003dca600000,0x0000003dca700000] [id=11096]

Threads with active compile tasks:
C2 CompilerThread0   943559 24262       4       groovy.lang.MetaClassImpl::inheritInterfaceNewMetaMethods (195 bytes)
C2 CompilerThread1   943559 24381       4       java.util.HashSet::add (20 bytes)

VM state:not at safepoint (normal execution)

VM Mutex/Monitor currently owned by a thread: None

Heap address: 0x0000000080000000, size: 2048 MB, Compressed Oops mode: 32-bit
Narrow klass base: 0x0000000000000000, Narrow klass shift: 3
Compressed class space size: 1073741824 Address: 0x0000000100000000

Heap:
 garbage-first heap   total 285696K, used 226858K [0x0000000080000000, 0x0000000100000000)
  region size 1024K, 11 young (11264K), 1 survivors (1024K)
 Metaspace       used 146053K, capacity 150698K, committed 150948K, reserved 1179648K
  class space    used 18186K, capacity 19995K, committed 20044K, reserved 1048576K
Heap Regions: E=young(eden), S=young(survivor), O=old, HS=humongous(starts), HC=humongous(continues), CS=collection set, F=free, A=archive, TAMS=top-at-mark-start (previous, next)
|   0|0x0000000080000000, 0x0000000080100000, 0x0000000080100000|100%|HS|  |TAMS 0x0000000080100000, 0x0000000080000000| Complete 
|   1|0x0000000080100000, 0x0000000080200000, 0x0000000080200000|100%|HC|  |TAMS 0x0000000080200000, 0x0000000080100000| Complete 
|   2|0x0000000080200000, 0x0000000080300000, 0x0000000080300000|100%|HC|  |TAMS 0x0000000080300000, 0x0000000080200000| Complete 
|   3|0x0000000080300000, 0x0000000080400000, 0x0000000080400000|100%| O|  |TAMS 0x0000000080400000, 0x0000000080300000| Untracked 
|   4|0x0000000080400000, 0x0000000080500000, 0x0000000080500000|100%| O|  |TAMS 0x0000000080500000, 0x0000000080400000| Untracked 
|   5|0x0000000080500000, 0x0000000080600000, 0x0000000080600000|100%| O|  |TAMS 0x0000000080600000, 0x0000000080500000| Untracked 
|   6|0x0000000080600000, 0x0000000080700000, 0x0000000080700000|100%| O|  |TAMS 0x0000000080700000, 0x0000000080600000| Untracked 
|   7|0x0000000080700000, 0x0000000080800000, 0x0000000080800000|100%| O|  |TAMS 0x0000000080800000, 0x0000000080700000| Untracked 
|   8|0x0000000080800000, 0x0000000080900000, 0x0000000080900000|100%| O|  |TAMS 0x0000000080900000, 0x0000000080800000| Untracked 
|   9|0x0000000080900000, 0x0000000080a00000, 0x0000000080a00000|100%| O|  |TAMS 0x0000000080a00000, 0x0000000080900000| Untracked 
|  10|0x0000000080a00000, 0x0000000080b00000, 0x0000000080b00000|100%| O|  |TAMS 0x0000000080b00000, 0x0000000080a00000| Untracked 
|  11|0x0000000080b00000, 0x0000000080c00000, 0x0000000080c00000|100%| O|  |TAMS 0x0000000080c00000, 0x0000000080b00000| Untracked 
|  12|0x0000000080c00000, 0x0000000080d00000, 0x0000000080d00000|100%| O|  |TAMS 0x0000000080d00000, 0x0000000080c00000| Untracked 
|  13|0x0000000080d00000, 0x0000000080e00000, 0x0000000080e00000|100%| O|  |TAMS 0x0000000080e00000, 0x0000000080d00000| Untracked 
|  14|0x0000000080e00000, 0x0000000080f00000, 0x0000000080f00000|100%| O|  |TAMS 0x0000000080f00000, 0x0000000080e00000| Untracked 
|  15|0x0000000080f00000, 0x0000000081000000, 0x0000000081000000|100%| O|  |TAMS 0x0000000081000000, 0x0000000080f00000| Untracked 
|  16|0x0000000081000000, 0x0000000081100000, 0x0000000081100000|100%|HS|  |TAMS 0x0000000081100000, 0x0000000081000000| Complete 
|  17|0x0000000081100000, 0x0000000081200000, 0x0000000081200000|100%| O|  |TAMS 0x0000000081200000, 0x0000000081100000| Untracked 
|  18|0x0000000081200000, 0x0000000081300000, 0x0000000081300000|100%| O|  |TAMS 0x0000000081300000, 0x0000000081200000| Untracked 
|  19|0x0000000081300000, 0x0000000081400000, 0x0000000081400000|100%| O|  |TAMS 0x0000000081400000, 0x0000000081300000| Untracked 
|  20|0x0000000081400000, 0x0000000081500000, 0x0000000081500000|100%| O|  |TAMS 0x0000000081500000, 0x0000000081400000| Untracked 
|  21|0x0000000081500000, 0x0000000081600000, 0x0000000081600000|100%| O|  |TAMS 0x0000000081600000, 0x0000000081500000| Untracked 
|  22|0x0000000081600000, 0x0000000081700000, 0x0000000081700000|100%| O|  |TAMS 0x0000000081700000, 0x0000000081600000| Untracked 
|  23|0x0000000081700000, 0x0000000081800000, 0x0000000081800000|100%| O|  |TAMS 0x0000000081800000, 0x0000000081700000| Untracked 
|  24|0x0000000081800000, 0x0000000081900000, 0x0000000081900000|100%| O|  |TAMS 0x0000000081900000, 0x0000000081800000| Untracked 
|  25|0x0000000081900000, 0x0000000081a00000, 0x0000000081a00000|100%| O|  |TAMS 0x0000000081a00000, 0x0000000081900000| Untracked 
|  26|0x0000000081a00000, 0x0000000081b00000, 0x0000000081b00000|100%| O|  |TAMS 0x0000000081b00000, 0x0000000081a00000| Untracked 
|  27|0x0000000081b00000, 0x0000000081c00000, 0x0000000081c00000|100%| O|  |TAMS 0x0000000081c00000, 0x0000000081b00000| Untracked 
|  28|0x0000000081c00000, 0x0000000081d00000, 0x0000000081d00000|100%| O|  |TAMS 0x0000000081d00000, 0x0000000081c00000| Untracked 
|  29|0x0000000081d00000, 0x0000000081e00000, 0x0000000081e00000|100%|HS|  |TAMS 0x0000000081e00000, 0x0000000081d00000| Complete 
|  30|0x0000000081e00000, 0x0000000081f00000, 0x0000000081f00000|100%|HS|  |TAMS 0x0000000081f00000, 0x0000000081e00000| Complete 
|  31|0x0000000081f00000, 0x0000000082000000, 0x0000000082000000|100%|HS|  |TAMS 0x0000000082000000, 0x0000000081f00000| Complete 
|  32|0x0000000082000000, 0x0000000082100000, 0x0000000082100000|100%|HC|  |TAMS 0x0000000082100000, 0x0000000082000000| Complete 
|  33|0x0000000082100000, 0x0000000082200000, 0x0000000082200000|100%|HC|  |TAMS 0x0000000082200000, 0x0000000082100000| Complete 
|  34|0x0000000082200000, 0x0000000082300000, 0x0000000082300000|100%| O|  |TAMS 0x0000000082300000, 0x0000000082200000| Untracked 
|  35|0x0000000082300000, 0x0000000082400000, 0x0000000082400000|100%| O|  |TAMS 0x0000000082400000, 0x0000000082300000| Untracked 
|  36|0x0000000082400000, 0x0000000082500000, 0x0000000082500000|100%| O|  |TAMS 0x0000000082500000, 0x0000000082400000| Untracked 
|  37|0x0000000082500000, 0x0000000082600000, 0x0000000082600000|100%| O|  |TAMS 0x0000000082600000, 0x0000000082500000| Untracked 
|  38|0x0000000082600000, 0x0000000082700000, 0x0000000082700000|100%| O|  |TAMS 0x0000000082700000, 0x0000000082600000| Untracked 
|  39|0x0000000082700000, 0x0000000082800000, 0x0000000082800000|100%| O|  |TAMS 0x0000000082800000, 0x0000000082700000| Untracked 
|  40|0x0000000082800000, 0x0000000082900000, 0x0000000082900000|100%| O|  |TAMS 0x0000000082900000, 0x0000000082800000| Untracked 
|  41|0x0000000082900000, 0x0000000082a00000, 0x0000000082a00000|100%| O|  |TAMS 0x0000000082a00000, 0x0000000082900000| Untracked 
|  42|0x0000000082a00000, 0x0000000082b00000, 0x0000000082b00000|100%| O|  |TAMS 0x0000000082b00000, 0x0000000082a00000| Untracked 
|  43|0x0000000082b00000, 0x0000000082c00000, 0x0000000082c00000|100%| O|  |TAMS 0x0000000082c00000, 0x0000000082b00000| Untracked 
|  44|0x0000000082c00000, 0x0000000082d00000, 0x0000000082d00000|100%| O|  |TAMS 0x0000000082d00000, 0x0000000082c00000| Untracked 
|  45|0x0000000082d00000, 0x0000000082e00000, 0x0000000082e00000|100%| O|  |TAMS 0x0000000082e00000, 0x0000000082d00000| Untracked 
|  46|0x0000000082e00000, 0x0000000082f00000, 0x0000000082f00000|100%| O|  |TAMS 0x0000000082f00000, 0x0000000082e00000| Untracked 
|  47|0x0000000082f00000, 0x0000000083000000, 0x0000000083000000|100%| O|  |TAMS 0x0000000083000000, 0x0000000082f00000| Untracked 
|  48|0x0000000083000000, 0x0000000083100000, 0x0000000083100000|100%| O|  |TAMS 0x0000000083100000, 0x0000000083000000| Untracked 
|  49|0x0000000083100000, 0x0000000083200000, 0x0000000083200000|100%| O|  |TAMS 0x0000000083200000, 0x0000000083100000| Untracked 
|  50|0x0000000083200000, 0x0000000083300000, 0x0000000083300000|100%| O|  |TAMS 0x0000000083300000, 0x0000000083200000| Untracked 
|  51|0x0000000083300000, 0x0000000083400000, 0x0000000083400000|100%| O|  |TAMS 0x0000000083400000, 0x0000000083300000| Untracked 
|  52|0x0000000083400000, 0x0000000083500000, 0x0000000083500000|100%| O|  |TAMS 0x0000000083500000, 0x0000000083400000| Untracked 
|  53|0x0000000083500000, 0x0000000083600000, 0x0000000083600000|100%| O|  |TAMS 0x0000000083600000, 0x0000000083500000| Untracked 
|  54|0x0000000083600000, 0x0000000083700000, 0x0000000083700000|100%| O|  |TAMS 0x0000000083700000, 0x0000000083600000| Untracked 
|  55|0x0000000083700000, 0x0000000083800000, 0x0000000083800000|100%| O|  |TAMS 0x0000000083800000, 0x0000000083700000| Untracked 
|  56|0x0000000083800000, 0x0000000083900000, 0x0000000083900000|100%| O|  |TAMS 0x0000000083900000, 0x0000000083800000| Untracked 
|  57|0x0000000083900000, 0x0000000083a00000, 0x0000000083a00000|100%| O|  |TAMS 0x0000000083a00000, 0x0000000083900000| Untracked 
|  58|0x0000000083a00000, 0x0000000083b00000, 0x0000000083b00000|100%| O|  |TAMS 0x0000000083b00000, 0x0000000083a00000| Untracked 
|  59|0x0000000083b00000, 0x0000000083c00000, 0x0000000083c00000|100%| O|  |TAMS 0x0000000083c00000, 0x0000000083b00000| Untracked 
|  60|0x0000000083c00000, 0x0000000083d00000, 0x0000000083d00000|100%| O|  |TAMS 0x0000000083d00000, 0x0000000083c00000| Untracked 
|  61|0x0000000083d00000, 0x0000000083d00000, 0x0000000083e00000|  0%| F|  |TAMS 0x0000000083d00000, 0x0000000083d00000| Untracked 
|  62|0x0000000083e00000, 0x0000000083f00000, 0x0000000083f00000|100%| O|  |TAMS 0x0000000083e00000, 0x0000000083e00000| Untracked 
|  63|0x0000000083f00000, 0x0000000084000000, 0x0000000084000000|100%| O|  |TAMS 0x0000000084000000, 0x0000000083f00000| Untracked 
|  64|0x0000000084000000, 0x0000000084100000, 0x0000000084100000|100%| O|  |TAMS 0x0000000084100000, 0x0000000084000000| Untracked 
|  65|0x0000000084100000, 0x0000000084200000, 0x0000000084200000|100%| O|  |TAMS 0x0000000084200000, 0x0000000084100000| Untracked 
|  66|0x0000000084200000, 0x0000000084300000, 0x0000000084300000|100%| O|  |TAMS 0x0000000084300000, 0x0000000084200000| Untracked 
|  67|0x0000000084300000, 0x0000000084400000, 0x0000000084400000|100%| O|  |TAMS 0x0000000084400000, 0x0000000084300000| Untracked 
|  68|0x0000000084400000, 0x0000000084500000, 0x0000000084500000|100%| O|  |TAMS 0x0000000084500000, 0x0000000084400000| Untracked 
|  69|0x0000000084500000, 0x0000000084600000, 0x0000000084600000|100%| O|  |TAMS 0x0000000084600000, 0x0000000084500000| Untracked 
|  70|0x0000000084600000, 0x0000000084700000, 0x0000000084700000|100%| O|  |TAMS 0x0000000084700000, 0x0000000084600000| Untracked 
|  71|0x0000000084700000, 0x0000000084800000, 0x0000000084800000|100%| O|  |TAMS 0x0000000084800000, 0x0000000084700000| Untracked 
|  72|0x0000000084800000, 0x0000000084900000, 0x0000000084900000|100%| O|  |TAMS 0x0000000084900000, 0x0000000084800000| Untracked 
|  73|0x0000000084900000, 0x0000000084a00000, 0x0000000084a00000|100%| O|  |TAMS 0x0000000084a00000, 0x0000000084900000| Untracked 
|  74|0x0000000084a00000, 0x0000000084b00000, 0x0000000084b00000|100%| O|  |TAMS 0x0000000084b00000, 0x0000000084a00000| Untracked 
|  75|0x0000000084b00000, 0x0000000084c00000, 0x0000000084c00000|100%| O|  |TAMS 0x0000000084c00000, 0x0000000084b00000| Untracked 
|  76|0x0000000084c00000, 0x0000000084d00000, 0x0000000084d00000|100%| O|  |TAMS 0x0000000084d00000, 0x0000000084c00000| Untracked 
|  77|0x0000000084d00000, 0x0000000084e00000, 0x0000000084e00000|100%| O|  |TAMS 0x0000000084e00000, 0x0000000084d00000| Untracked 
|  78|0x0000000084e00000, 0x0000000084f00000, 0x0000000084f00000|100%| O|  |TAMS 0x0000000084f00000, 0x0000000084e00000| Untracked 
|  79|0x0000000084f00000, 0x0000000085000000, 0x0000000085000000|100%| O|  |TAMS 0x0000000085000000, 0x0000000084f00000| Untracked 
|  80|0x0000000085000000, 0x0000000085100000, 0x0000000085100000|100%| O|  |TAMS 0x0000000085100000, 0x0000000085000000| Untracked 
|  81|0x0000000085100000, 0x0000000085200000, 0x0000000085200000|100%| O|  |TAMS 0x0000000085200000, 0x0000000085100000| Untracked 
|  82|0x0000000085200000, 0x0000000085300000, 0x0000000085300000|100%| O|  |TAMS 0x0000000085300000, 0x0000000085200000| Untracked 
|  83|0x0000000085300000, 0x0000000085400000, 0x0000000085400000|100%| O|  |TAMS 0x0000000085400000, 0x0000000085300000| Untracked 
|  84|0x0000000085400000, 0x0000000085500000, 0x0000000085500000|100%| O|  |TAMS 0x0000000085500000, 0x0000000085400000| Untracked 
|  85|0x0000000085500000, 0x0000000085500000, 0x0000000085600000|  0%| F|  |TAMS 0x0000000085500000, 0x0000000085500000| Untracked 
|  86|0x0000000085600000, 0x0000000085700000, 0x0000000085700000|100%| O|  |TAMS 0x0000000085700000, 0x0000000085600000| Untracked 
|  87|0x0000000085700000, 0x0000000085800000, 0x0000000085800000|100%| O|  |TAMS 0x0000000085800000, 0x0000000085700000| Untracked 
|  88|0x0000000085800000, 0x0000000085900000, 0x0000000085900000|100%| O|  |TAMS 0x0000000085900000, 0x0000000085800000| Untracked 
|  89|0x0000000085900000, 0x0000000085a00000, 0x0000000085a00000|100%| O|  |TAMS 0x0000000085a00000, 0x0000000085900000| Untracked 
|  90|0x0000000085a00000, 0x0000000085b00000, 0x0000000085b00000|100%| O|  |TAMS 0x0000000085b00000, 0x0000000085a00000| Untracked 
|  91|0x0000000085b00000, 0x0000000085c00000, 0x0000000085c00000|100%| O|  |TAMS 0x0000000085c00000, 0x0000000085b00000| Untracked 
|  92|0x0000000085c00000, 0x0000000085d00000, 0x0000000085d00000|100%| O|  |TAMS 0x0000000085d00000, 0x0000000085c00000| Untracked 
|  93|0x0000000085d00000, 0x0000000085e00000, 0x0000000085e00000|100%| O|  |TAMS 0x0000000085e00000, 0x0000000085d00000| Untracked 
|  94|0x0000000085e00000, 0x0000000085f00000, 0x0000000085f00000|100%| O|  |TAMS 0x0000000085f00000, 0x0000000085e00000| Untracked 
|  95|0x0000000085f00000, 0x0000000086000000, 0x0000000086000000|100%| O|  |TAMS 0x0000000086000000, 0x0000000085f00000| Untracked 
|  96|0x0000000086000000, 0x0000000086100000, 0x0000000086100000|100%| O|  |TAMS 0x0000000086100000, 0x0000000086000000| Untracked 
|  97|0x0000000086100000, 0x0000000086200000, 0x0000000086200000|100%| O|  |TAMS 0x0000000086200000, 0x0000000086100000| Untracked 
|  98|0x0000000086200000, 0x0000000086300000, 0x0000000086300000|100%| O|  |TAMS 0x0000000086300000, 0x0000000086200000| Untracked 
|  99|0x0000000086300000, 0x0000000086400000, 0x0000000086400000|100%| O|  |TAMS 0x0000000086400000, 0x0000000086300000| Untracked 
| 100|0x0000000086400000, 0x0000000086500000, 0x0000000086500000|100%| O|  |TAMS 0x0000000086500000, 0x0000000086400000| Untracked 
| 101|0x0000000086500000, 0x0000000086600000, 0x0000000086600000|100%| O|  |TAMS 0x0000000086500000, 0x0000000086500000| Untracked 
| 102|0x0000000086600000, 0x0000000086634c00, 0x0000000086700000| 20%| O|  |TAMS 0x0000000086600000, 0x0000000086600000| Untracked 
| 103|0x0000000086700000, 0x0000000086700000, 0x0000000086800000|  0%| F|  |TAMS 0x0000000086700000, 0x0000000086700000| Untracked 
| 104|0x0000000086800000, 0x0000000086800000, 0x0000000086900000|  0%| F|  |TAMS 0x0000000086800000, 0x0000000086800000| Untracked 
| 105|0x0000000086900000, 0x0000000086a00000, 0x0000000086a00000|100%| O|  |TAMS 0x0000000086a00000, 0x0000000086900000| Untracked 
| 106|0x0000000086a00000, 0x0000000086b00000, 0x0000000086b00000|100%| O|  |TAMS 0x0000000086b00000, 0x0000000086a00000| Untracked 
| 107|0x0000000086b00000, 0x0000000086c00000, 0x0000000086c00000|100%| O|  |TAMS 0x0000000086c00000, 0x0000000086b00000| Untracked 
| 108|0x0000000086c00000, 0x0000000086d00000, 0x0000000086d00000|100%| O|  |TAMS 0x0000000086d00000, 0x0000000086c00000| Untracked 
| 109|0x0000000086d00000, 0x0000000086d00000, 0x0000000086e00000|  0%| F|  |TAMS 0x0000000086d00000, 0x0000000086d00000| Untracked 
| 110|0x0000000086e00000, 0x0000000086e00000, 0x0000000086f00000|  0%| F|  |TAMS 0x0000000086e00000, 0x0000000086e00000| Untracked 
| 111|0x0000000086f00000, 0x0000000086f00000, 0x0000000087000000|  0%| F|  |TAMS 0x0000000086f00000, 0x0000000086f00000| Untracked 
| 112|0x0000000087000000, 0x0000000087100000, 0x0000000087100000|100%| O|  |TAMS 0x0000000087100000, 0x0000000087000000| Untracked 
| 113|0x0000000087100000, 0x0000000087200000, 0x0000000087200000|100%|HS|  |TAMS 0x0000000087200000, 0x0000000087100000| Complete 
| 114|0x0000000087200000, 0x0000000087300000, 0x0000000087300000|100%|HC|  |TAMS 0x0000000087300000, 0x0000000087200000| Complete 
| 115|0x0000000087300000, 0x0000000087400000, 0x0000000087400000|100%|HS|  |TAMS 0x0000000087400000, 0x0000000087300000| Complete 
| 116|0x0000000087400000, 0x0000000087500000, 0x0000000087500000|100%|HC|  |TAMS 0x0000000087500000, 0x0000000087400000| Complete 
| 117|0x0000000087500000, 0x0000000087600000, 0x0000000087600000|100%|HC|  |TAMS 0x0000000087600000, 0x0000000087500000| Complete 
| 118|0x0000000087600000, 0x0000000087700000, 0x0000000087700000|100%|HS|  |TAMS 0x0000000087700000, 0x0000000087600000| Complete 
| 119|0x0000000087700000, 0x0000000087800000, 0x0000000087800000|100%|HC|  |TAMS 0x0000000087800000, 0x0000000087700000| Complete 
| 120|0x0000000087800000, 0x0000000087800000, 0x0000000087900000|  0%| F|  |TAMS 0x0000000087800000, 0x0000000087800000| Untracked 
| 121|0x0000000087900000, 0x0000000087a00000, 0x0000000087a00000|100%| O|  |TAMS 0x0000000087a00000, 0x0000000087900000| Untracked 
| 122|0x0000000087a00000, 0x0000000087b00000, 0x0000000087b00000|100%| O|  |TAMS 0x0000000087b00000, 0x0000000087a00000| Untracked 
| 123|0x0000000087b00000, 0x0000000087c00000, 0x0000000087c00000|100%| O|  |TAMS 0x0000000087c00000, 0x0000000087b00000| Untracked 
| 124|0x0000000087c00000, 0x0000000087d00000, 0x0000000087d00000|100%| O|  |TAMS 0x0000000087d00000, 0x0000000087c00000| Untracked 
| 125|0x0000000087d00000, 0x0000000087e00000, 0x0000000087e00000|100%| O|  |TAMS 0x0000000087e00000, 0x0000000087d00000| Untracked 
| 126|0x0000000087e00000, 0x0000000087f00000, 0x0000000087f00000|100%| O|  |TAMS 0x0000000087f00000, 0x0000000087e00000| Untracked 
| 127|0x0000000087f00000, 0x0000000088000000, 0x0000000088000000|100%| O|  |TAMS 0x0000000088000000, 0x0000000087f00000| Untracked 
| 128|0x0000000088000000, 0x0000000088100000, 0x0000000088100000|100%| O|  |TAMS 0x0000000088100000, 0x0000000088000000| Untracked 
| 129|0x0000000088100000, 0x0000000088100000, 0x0000000088200000|  0%| F|  |TAMS 0x0000000088100000, 0x0000000088100000| Untracked 
| 130|0x0000000088200000, 0x0000000088200000, 0x0000000088300000|  0%| F|  |TAMS 0x0000000088200000, 0x0000000088200000| Untracked 
| 131|0x0000000088300000, 0x0000000088400000, 0x0000000088400000|100%| O|  |TAMS 0x0000000088400000, 0x0000000088300000| Untracked 
| 132|0x0000000088400000, 0x0000000088500000, 0x0000000088500000|100%| O|  |TAMS 0x0000000088500000, 0x0000000088400000| Untracked 
| 133|0x0000000088500000, 0x0000000088600000, 0x0000000088600000|100%| O|  |TAMS 0x0000000088600000, 0x0000000088500000| Untracked 
| 134|0x0000000088600000, 0x0000000088600000, 0x0000000088700000|  0%| F|  |TAMS 0x0000000088600000, 0x0000000088600000| Untracked 
| 135|0x0000000088700000, 0x0000000088700000, 0x0000000088800000|  0%| F|  |TAMS 0x0000000088700000, 0x0000000088700000| Untracked 
| 136|0x0000000088800000, 0x0000000088800000, 0x0000000088900000|  0%| F|  |TAMS 0x0000000088800000, 0x0000000088800000| Untracked 
| 137|0x0000000088900000, 0x0000000088900000, 0x0000000088a00000|  0%| F|  |TAMS 0x0000000088900000, 0x0000000088900000| Untracked 
| 138|0x0000000088a00000, 0x0000000088b00000, 0x0000000088b00000|100%| O|  |TAMS 0x0000000088b00000, 0x0000000088a00000| Untracked 
| 139|0x0000000088b00000, 0x0000000088c00000, 0x0000000088c00000|100%| O|  |TAMS 0x0000000088c00000, 0x0000000088b00000| Untracked 
| 140|0x0000000088c00000, 0x0000000088c00000, 0x0000000088d00000|  0%| F|  |TAMS 0x0000000088c00000, 0x0000000088c00000| Untracked 
| 141|0x0000000088d00000, 0x0000000088e00000, 0x0000000088e00000|100%|HS|  |TAMS 0x0000000088e00000, 0x0000000088d00000| Complete 
| 142|0x0000000088e00000, 0x0000000088f00000, 0x0000000088f00000|100%|HC|  |TAMS 0x0000000088f00000, 0x0000000088e00000| Complete 
| 143|0x0000000088f00000, 0x0000000089000000, 0x0000000089000000|100%|HS|  |TAMS 0x0000000089000000, 0x0000000088f00000| Complete 
| 144|0x0000000089000000, 0x0000000089100000, 0x0000000089100000|100%|HC|  |TAMS 0x0000000089100000, 0x0000000089000000| Complete 
| 145|0x0000000089100000, 0x0000000089200000, 0x0000000089200000|100%|HS|  |TAMS 0x0000000089200000, 0x0000000089100000| Complete 
| 146|0x0000000089200000, 0x0000000089300000, 0x0000000089300000|100%|HC|  |TAMS 0x0000000089300000, 0x0000000089200000| Complete 
| 147|0x0000000089300000, 0x0000000089400000, 0x0000000089400000|100%|HC|  |TAMS 0x0000000089400000, 0x0000000089300000| Complete 
| 148|0x0000000089400000, 0x0000000089500000, 0x0000000089500000|100%|HS|  |TAMS 0x0000000089500000, 0x0000000089400000| Complete 
| 149|0x0000000089500000, 0x0000000089600000, 0x0000000089600000|100%|HC|  |TAMS 0x0000000089600000, 0x0000000089500000| Complete 
| 150|0x0000000089600000, 0x0000000089700000, 0x0000000089700000|100%|HC|  |TAMS 0x0000000089700000, 0x0000000089600000| Complete 
| 151|0x0000000089700000, 0x0000000089800000, 0x0000000089800000|100%|HC|  |TAMS 0x0000000089800000, 0x0000000089700000| Complete 
| 152|0x0000000089800000, 0x0000000089900000, 0x0000000089900000|100%|HC|  |TAMS 0x0000000089900000, 0x0000000089800000| Complete 
| 153|0x0000000089900000, 0x0000000089a00000, 0x0000000089a00000|100%|HS|  |TAMS 0x0000000089a00000, 0x0000000089900000| Complete 
| 154|0x0000000089a00000, 0x0000000089b00000, 0x0000000089b00000|100%|HC|  |TAMS 0x0000000089b00000, 0x0000000089a00000| Complete 
| 155|0x0000000089b00000, 0x0000000089c00000, 0x0000000089c00000|100%|HS|  |TAMS 0x0000000089c00000, 0x0000000089b00000| Complete 
| 156|0x0000000089c00000, 0x0000000089d00000, 0x0000000089d00000|100%|HC|  |TAMS 0x0000000089d00000, 0x0000000089c00000| Complete 
| 157|0x0000000089d00000, 0x0000000089e00000, 0x0000000089e00000|100%|HC|  |TAMS 0x0000000089e00000, 0x0000000089d00000| Complete 
| 158|0x0000000089e00000, 0x0000000089f00000, 0x0000000089f00000|100%|HS|  |TAMS 0x0000000089f00000, 0x0000000089e00000| Complete 
| 159|0x0000000089f00000, 0x000000008a000000, 0x000000008a000000|100%|HC|  |TAMS 0x000000008a000000, 0x0000000089f00000| Complete 
| 160|0x000000008a000000, 0x000000008a100000, 0x000000008a100000|100%|HC|  |TAMS 0x000000008a100000, 0x000000008a000000| Complete 
| 161|0x000000008a100000, 0x000000008a200000, 0x000000008a200000|100%|HC|  |TAMS 0x000000008a200000, 0x000000008a100000| Complete 
| 162|0x000000008a200000, 0x000000008a300000, 0x000000008a300000|100%|HC|  |TAMS 0x000000008a300000, 0x000000008a200000| Complete 
| 163|0x000000008a300000, 0x000000008a400000, 0x000000008a400000|100%|HC|  |TAMS 0x000000008a400000, 0x000000008a300000| Complete 
| 164|0x000000008a400000, 0x000000008a500000, 0x000000008a500000|100%|HC|  |TAMS 0x000000008a500000, 0x000000008a400000| Complete 
| 165|0x000000008a500000, 0x000000008a600000, 0x000000008a600000|100%|HC|  |TAMS 0x000000008a600000, 0x000000008a500000| Complete 
| 166|0x000000008a600000, 0x000000008a700000, 0x000000008a700000|100%|HC|  |TAMS 0x000000008a700000, 0x000000008a600000| Complete 
| 167|0x000000008a700000, 0x000000008a800000, 0x000000008a800000|100%|HC|  |TAMS 0x000000008a800000, 0x000000008a700000| Complete 
| 168|0x000000008a800000, 0x000000008a900000, 0x000000008a900000|100%|HS|  |TAMS 0x000000008a900000, 0x000000008a800000| Complete 
| 169|0x000000008a900000, 0x000000008aa00000, 0x000000008aa00000|100%|HC|  |TAMS 0x000000008aa00000, 0x000000008a900000| Complete 
| 170|0x000000008aa00000, 0x000000008ab00000, 0x000000008ab00000|100%|HS|  |TAMS 0x000000008ab00000, 0x000000008aa00000| Complete 
| 171|0x000000008ab00000, 0x000000008ac00000, 0x000000008ac00000|100%|HC|  |TAMS 0x000000008ac00000, 0x000000008ab00000| Complete 
| 172|0x000000008ac00000, 0x000000008ad00000, 0x000000008ad00000|100%|HC|  |TAMS 0x000000008ad00000, 0x000000008ac00000| Complete 
| 173|0x000000008ad00000, 0x000000008ae00000, 0x000000008ae00000|100%|HC|  |TAMS 0x000000008ae00000, 0x000000008ad00000| Complete 
| 174|0x000000008ae00000, 0x000000008af00000, 0x000000008af00000|100%|HC|  |TAMS 0x000000008af00000, 0x000000008ae00000| Complete 
| 175|0x000000008af00000, 0x000000008b000000, 0x000000008b000000|100%|HC|  |TAMS 0x000000008b000000, 0x000000008af00000| Complete 
| 176|0x000000008b000000, 0x000000008b100000, 0x000000008b100000|100%|HC|  |TAMS 0x000000008b100000, 0x000000008b000000| Complete 
| 177|0x000000008b100000, 0x000000008b200000, 0x000000008b200000|100%|HC|  |TAMS 0x000000008b200000, 0x000000008b100000| Complete 
| 178|0x000000008b200000, 0x000000008b300000, 0x000000008b300000|100%|HC|  |TAMS 0x000000008b300000, 0x000000008b200000| Complete 
| 179|0x000000008b300000, 0x000000008b400000, 0x000000008b400000|100%|HC|  |TAMS 0x000000008b400000, 0x000000008b300000| Complete 
| 180|0x000000008b400000, 0x000000008b500000, 0x000000008b500000|100%|HS|  |TAMS 0x000000008b500000, 0x000000008b400000| Complete 
| 181|0x000000008b500000, 0x000000008b600000, 0x000000008b600000|100%|HC|  |TAMS 0x000000008b600000, 0x000000008b500000| Complete 
| 182|0x000000008b600000, 0x000000008b700000, 0x000000008b700000|100%|HS|  |TAMS 0x000000008b700000, 0x000000008b600000| Complete 
| 183|0x000000008b700000, 0x000000008b800000, 0x000000008b800000|100%|HC|  |TAMS 0x000000008b800000, 0x000000008b700000| Complete 
| 184|0x000000008b800000, 0x000000008b900000, 0x000000008b900000|100%|HC|  |TAMS 0x000000008b900000, 0x000000008b800000| Complete 
| 185|0x000000008b900000, 0x000000008ba00000, 0x000000008ba00000|100%|HS|  |TAMS 0x000000008ba00000, 0x000000008b900000| Complete 
| 186|0x000000008ba00000, 0x000000008bb00000, 0x000000008bb00000|100%|HC|  |TAMS 0x000000008bb00000, 0x000000008ba00000| Complete 
| 187|0x000000008bb00000, 0x000000008bc00000, 0x000000008bc00000|100%|HS|  |TAMS 0x000000008bc00000, 0x000000008bb00000| Complete 
| 188|0x000000008bc00000, 0x000000008bd00000, 0x000000008bd00000|100%|HC|  |TAMS 0x000000008bd00000, 0x000000008bc00000| Complete 
| 189|0x000000008bd00000, 0x000000008be00000, 0x000000008be00000|100%|HC|  |TAMS 0x000000008be00000, 0x000000008bd00000| Complete 
| 190|0x000000008be00000, 0x000000008bf00000, 0x000000008bf00000|100%|HS|  |TAMS 0x000000008bf00000, 0x000000008be00000| Complete 
| 191|0x000000008bf00000, 0x000000008c000000, 0x000000008c000000|100%|HC|  |TAMS 0x000000008c000000, 0x000000008bf00000| Complete 
| 192|0x000000008c000000, 0x000000008c100000, 0x000000008c100000|100%|HC|  |TAMS 0x000000008c100000, 0x000000008c000000| Complete 
| 193|0x000000008c100000, 0x000000008c200000, 0x000000008c200000|100%|HC|  |TAMS 0x000000008c200000, 0x000000008c100000| Complete 
| 194|0x000000008c200000, 0x000000008c300000, 0x000000008c300000|100%|HC|  |TAMS 0x000000008c300000, 0x000000008c200000| Complete 
| 195|0x000000008c300000, 0x000000008c400000, 0x000000008c400000|100%|HS|  |TAMS 0x000000008c400000, 0x000000008c300000| Complete 
| 196|0x000000008c400000, 0x000000008c500000, 0x000000008c500000|100%|HC|  |TAMS 0x000000008c500000, 0x000000008c400000| Complete 
| 197|0x000000008c500000, 0x000000008c600000, 0x000000008c600000|100%|HC|  |TAMS 0x000000008c600000, 0x000000008c500000| Complete 
| 198|0x000000008c600000, 0x000000008c700000, 0x000000008c700000|100%|HC|  |TAMS 0x000000008c700000, 0x000000008c600000| Complete 
| 199|0x000000008c700000, 0x000000008c800000, 0x000000008c800000|100%|HC|  |TAMS 0x000000008c800000, 0x000000008c700000| Complete 
| 200|0x000000008c800000, 0x000000008c900000, 0x000000008c900000|100%|HS|  |TAMS 0x000000008c900000, 0x000000008c800000| Complete 
| 201|0x000000008c900000, 0x000000008ca00000, 0x000000008ca00000|100%|HC|  |TAMS 0x000000008ca00000, 0x000000008c900000| Complete 
| 202|0x000000008ca00000, 0x000000008cb00000, 0x000000008cb00000|100%|HC|  |TAMS 0x000000008cb00000, 0x000000008ca00000| Complete 
| 203|0x000000008cb00000, 0x000000008cc00000, 0x000000008cc00000|100%|HS|  |TAMS 0x000000008cc00000, 0x000000008cb00000| Complete 
| 204|0x000000008cc00000, 0x000000008cd00000, 0x000000008cd00000|100%|HC|  |TAMS 0x000000008cd00000, 0x000000008cc00000| Complete 
| 205|0x000000008cd00000, 0x000000008ce00000, 0x000000008ce00000|100%|HC|  |TAMS 0x000000008ce00000, 0x000000008cd00000| Complete 
| 206|0x000000008ce00000, 0x000000008cf00000, 0x000000008cf00000|100%|HC|  |TAMS 0x000000008cf00000, 0x000000008ce00000| Complete 
| 207|0x000000008cf00000, 0x000000008d000000, 0x000000008d000000|100%|HC|  |TAMS 0x000000008d000000, 0x000000008cf00000| Complete 
| 208|0x000000008d000000, 0x000000008d100000, 0x000000008d100000|100%|HC|  |TAMS 0x000000008d100000, 0x000000008d000000| Complete 
| 209|0x000000008d100000, 0x000000008d200000, 0x000000008d200000|100%|HC|  |TAMS 0x000000008d200000, 0x000000008d100000| Complete 
| 210|0x000000008d200000, 0x000000008d300000, 0x000000008d300000|100%|HC|  |TAMS 0x000000008d300000, 0x000000008d200000| Complete 
| 211|0x000000008d300000, 0x000000008d400000, 0x000000008d400000|100%|HC|  |TAMS 0x000000008d400000, 0x000000008d300000| Complete 
| 212|0x000000008d400000, 0x000000008d500000, 0x000000008d500000|100%|HC|  |TAMS 0x000000008d500000, 0x000000008d400000| Complete 
| 213|0x000000008d500000, 0x000000008d600000, 0x000000008d600000|100%| O|  |TAMS 0x000000008d600000, 0x000000008d500000| Untracked 
| 214|0x000000008d600000, 0x000000008d700000, 0x000000008d700000|100%| O|  |TAMS 0x000000008d700000, 0x000000008d600000| Untracked 
| 215|0x000000008d700000, 0x000000008d800000, 0x000000008d800000|100%| O|  |TAMS 0x000000008d800000, 0x000000008d700000| Untracked 
| 216|0x000000008d800000, 0x000000008d900000, 0x000000008d900000|100%| O|  |TAMS 0x000000008d900000, 0x000000008d800000| Untracked 
| 217|0x000000008d900000, 0x000000008da00000, 0x000000008da00000|100%| O|  |TAMS 0x000000008da00000, 0x000000008d900000| Untracked 
| 218|0x000000008da00000, 0x000000008db00000, 0x000000008db00000|100%| O|  |TAMS 0x000000008db00000, 0x000000008da00000| Untracked 
| 219|0x000000008db00000, 0x000000008dc00000, 0x000000008dc00000|100%| O|  |TAMS 0x000000008dc00000, 0x000000008db00000| Untracked 
| 220|0x000000008dc00000, 0x000000008dc00000, 0x000000008dd00000|  0%| F|  |TAMS 0x000000008dc00000, 0x000000008dc00000| Untracked 
| 221|0x000000008dd00000, 0x000000008dd00000, 0x000000008de00000|  0%| F|  |TAMS 0x000000008dd00000, 0x000000008dd00000| Untracked 
| 222|0x000000008de00000, 0x000000008de00000, 0x000000008df00000|  0%| F|  |TAMS 0x000000008de00000, 0x000000008de00000| Untracked 
| 223|0x000000008df00000, 0x000000008df00000, 0x000000008e000000|  0%| F|  |TAMS 0x000000008df00000, 0x000000008df00000| Untracked 
| 224|0x000000008e000000, 0x000000008e000000, 0x000000008e100000|  0%| F|  |TAMS 0x000000008e000000, 0x000000008e000000| Untracked 
| 225|0x000000008e100000, 0x000000008e100000, 0x000000008e200000|  0%| F|  |TAMS 0x000000008e100000, 0x000000008e100000| Untracked 
| 226|0x000000008e200000, 0x000000008e300000, 0x000000008e300000|100%| O|  |TAMS 0x000000008e300000, 0x000000008e200000| Untracked 
| 227|0x000000008e300000, 0x000000008e400000, 0x000000008e400000|100%| O|  |TAMS 0x000000008e400000, 0x000000008e300000| Untracked 
| 228|0x000000008e400000, 0x000000008e500000, 0x000000008e500000|100%| O|  |TAMS 0x000000008e500000, 0x000000008e400000| Untracked 
| 229|0x000000008e500000, 0x000000008e500000, 0x000000008e600000|  0%| F|  |TAMS 0x000000008e500000, 0x000000008e500000| Untracked 
| 230|0x000000008e600000, 0x000000008e700000, 0x000000008e700000|100%| O|  |TAMS 0x000000008e700000, 0x000000008e600000| Untracked 
| 231|0x000000008e700000, 0x000000008e800000, 0x000000008e800000|100%| O|  |TAMS 0x000000008e800000, 0x000000008e700000| Untracked 
| 232|0x000000008e800000, 0x000000008e900000, 0x000000008e900000|100%| O|  |TAMS 0x000000008e900000, 0x000000008e800000| Untracked 
| 233|0x000000008e900000, 0x000000008ea00000, 0x000000008ea00000|100%| O|  |TAMS 0x000000008e981000, 0x000000008e900000| Untracked 
| 234|0x000000008ea00000, 0x000000008ea00000, 0x000000008eb00000|  0%| F|  |TAMS 0x000000008ea00000, 0x000000008ea00000| Untracked 
| 235|0x000000008eb00000, 0x000000008eb00000, 0x000000008ec00000|  0%| F|  |TAMS 0x000000008eb00000, 0x000000008eb00000| Untracked 
| 236|0x000000008ec00000, 0x000000008ec00000, 0x000000008ed00000|  0%| F|  |TAMS 0x000000008ec00000, 0x000000008ec00000| Untracked 
| 237|0x000000008ed00000, 0x000000008ed00000, 0x000000008ee00000|  0%| F|  |TAMS 0x000000008ed00000, 0x000000008ed00000| Untracked 
| 238|0x000000008ee00000, 0x000000008ee00000, 0x000000008ef00000|  0%| F|  |TAMS 0x000000008ee00000, 0x000000008ee00000| Untracked 
| 239|0x000000008ef00000, 0x000000008ef00000, 0x000000008f000000|  0%| F|  |TAMS 0x000000008ef00000, 0x000000008ef00000| Untracked 
| 240|0x000000008f000000, 0x000000008f000000, 0x000000008f100000|  0%| F|  |TAMS 0x000000008f000000, 0x000000008f000000| Untracked 
| 241|0x000000008f100000, 0x000000008f100000, 0x000000008f200000|  0%| F|  |TAMS 0x000000008f100000, 0x000000008f100000| Untracked 
| 242|0x000000008f200000, 0x000000008f200000, 0x000000008f300000|  0%| F|  |TAMS 0x000000008f200000, 0x000000008f200000| Untracked 
| 243|0x000000008f300000, 0x000000008f300000, 0x000000008f400000|  0%| F|  |TAMS 0x000000008f300000, 0x000000008f300000| Untracked 
| 244|0x000000008f400000, 0x000000008f400000, 0x000000008f500000|  0%| F|  |TAMS 0x000000008f400000, 0x000000008f400000| Untracked 
| 245|0x000000008f500000, 0x000000008f500000, 0x000000008f600000|  0%| F|  |TAMS 0x000000008f500000, 0x000000008f500000| Untracked 
| 246|0x000000008f600000, 0x000000008f600000, 0x000000008f700000|  0%| F|  |TAMS 0x000000008f600000, 0x000000008f600000| Untracked 
| 247|0x000000008f700000, 0x000000008f700000, 0x000000008f800000|  0%| F|  |TAMS 0x000000008f700000, 0x000000008f700000| Untracked 
| 248|0x000000008f800000, 0x000000008f800000, 0x000000008f900000|  0%| F|  |TAMS 0x000000008f800000, 0x000000008f800000| Untracked 
| 249|0x000000008f900000, 0x000000008f900000, 0x000000008fa00000|  0%| F|  |TAMS 0x000000008f900000, 0x000000008f900000| Untracked 
| 250|0x000000008fa00000, 0x000000008fa00000, 0x000000008fb00000|  0%| F|  |TAMS 0x000000008fa00000, 0x000000008fa00000| Untracked 
| 251|0x000000008fb00000, 0x000000008fb00000, 0x000000008fc00000|  0%| F|  |TAMS 0x000000008fb00000, 0x000000008fb00000| Untracked 
| 252|0x000000008fc00000, 0x000000008fc00000, 0x000000008fd00000|  0%| F|  |TAMS 0x000000008fc00000, 0x000000008fc00000| Untracked 
| 253|0x000000008fd00000, 0x000000008fd00000, 0x000000008fe00000|  0%| F|  |TAMS 0x000000008fd00000, 0x000000008fd00000| Untracked 
| 254|0x000000008fe00000, 0x000000008fe00000, 0x000000008ff00000|  0%| F|  |TAMS 0x000000008fe00000, 0x000000008fe00000| Untracked 
| 255|0x000000008ff00000, 0x000000008ff00000, 0x0000000090000000|  0%| F|  |TAMS 0x000000008ff00000, 0x000000008ff00000| Untracked 
| 256|0x0000000090000000, 0x0000000090000000, 0x0000000090100000|  0%| F|  |TAMS 0x0000000090000000, 0x0000000090000000| Untracked 
| 257|0x0000000090100000, 0x0000000090100000, 0x0000000090200000|  0%| F|  |TAMS 0x0000000090100000, 0x0000000090100000| Untracked 
| 258|0x0000000090200000, 0x0000000090200000, 0x0000000090300000|  0%| F|  |TAMS 0x0000000090200000, 0x0000000090200000| Untracked 
| 259|0x0000000090300000, 0x0000000090300000, 0x0000000090400000|  0%| F|  |TAMS 0x0000000090300000, 0x0000000090300000| Untracked 
| 260|0x0000000090400000, 0x0000000090400000, 0x0000000090500000|  0%| F|  |TAMS 0x0000000090400000, 0x0000000090400000| Untracked 
| 261|0x0000000090500000, 0x0000000090500000, 0x0000000090600000|  0%| F|  |TAMS 0x0000000090500000, 0x0000000090500000| Untracked 
| 262|0x0000000090600000, 0x0000000090600000, 0x0000000090700000|  0%| F|  |TAMS 0x0000000090600000, 0x0000000090600000| Untracked 
| 263|0x0000000090700000, 0x0000000090700000, 0x0000000090800000|  0%| F|  |TAMS 0x0000000090700000, 0x0000000090700000| Untracked 
| 264|0x0000000090800000, 0x0000000090800000, 0x0000000090900000|  0%| F|  |TAMS 0x0000000090800000, 0x0000000090800000| Untracked 
| 265|0x0000000090900000, 0x0000000090900000, 0x0000000090a00000|  0%| F|  |TAMS 0x0000000090900000, 0x0000000090900000| Untracked 
| 266|0x0000000090a00000, 0x0000000090a00000, 0x0000000090b00000|  0%| F|  |TAMS 0x0000000090a00000, 0x0000000090a00000| Untracked 
| 267|0x0000000090b00000, 0x0000000090b55ec0, 0x0000000090c00000| 33%| S|CS|TAMS 0x0000000090b00000, 0x0000000090b00000| Complete 
| 268|0x0000000090c00000, 0x0000000090ce8998, 0x0000000090d00000| 90%| E|  |TAMS 0x0000000090c00000, 0x0000000090c00000| Complete 
| 269|0x0000000090d00000, 0x0000000090e00000, 0x0000000090e00000|100%| E|CS|TAMS 0x0000000090d00000, 0x0000000090d00000| Complete 
| 270|0x0000000090e00000, 0x0000000090f00000, 0x0000000090f00000|100%| E|CS|TAMS 0x0000000090e00000, 0x0000000090e00000| Complete 
| 271|0x0000000090f00000, 0x0000000091000000, 0x0000000091000000|100%| E|CS|TAMS 0x0000000090f00000, 0x0000000090f00000| Complete 
| 272|0x0000000091000000, 0x0000000091100000, 0x0000000091100000|100%| E|CS|TAMS 0x0000000091000000, 0x0000000091000000| Complete 
| 273|0x0000000091100000, 0x0000000091200000, 0x0000000091200000|100%| E|CS|TAMS 0x0000000091100000, 0x0000000091100000| Complete 
| 274|0x0000000091200000, 0x0000000091300000, 0x0000000091300000|100%| E|CS|TAMS 0x0000000091200000, 0x0000000091200000| Complete 
| 275|0x0000000091300000, 0x0000000091400000, 0x0000000091400000|100%| E|CS|TAMS 0x0000000091300000, 0x0000000091300000| Complete 
| 276|0x0000000091400000, 0x0000000091500000, 0x0000000091500000|100%| E|CS|TAMS 0x0000000091400000, 0x0000000091400000| Complete 
| 277|0x0000000091500000, 0x0000000091600000, 0x0000000091600000|100%| E|CS|TAMS 0x0000000091500000, 0x0000000091500000| Complete 
| 278|0x0000000091600000, 0x0000000091700000, 0x0000000091700000|100%| O|  |TAMS 0x0000000091700000, 0x0000000091600000| Untracked 

Card table byte_map: [0x00000189ffa70000,0x00000189ffe70000] _byte_map_base: 0x00000189ff670000

Marking Bits (Prev, Next): (CMBitMap*) 0x00000189ecb83ce0, (CMBitMap*) 0x00000189ecb83ca8
 Prev Bits: [0x0000018982400000, 0x0000018984400000)
 Next Bits: [0x0000018980400000, 0x0000018982400000)

Polling page: 0x00000189eaa10000

Metaspace:

Usage:
  Non-class:    127.71 MB capacity,   124.94 MB ( 98%) used,     2.23 MB (  2%) free+waste,   550.44 KB ( <1%) overhead. 
      Class:     19.53 MB capacity,    17.77 MB ( 91%) used,     1.52 MB (  8%) free+waste,   243.12 KB (  1%) overhead. 
       Both:    147.23 MB capacity,   142.71 MB ( 97%) used,     3.75 MB (  3%) free+waste,   793.56 KB ( <1%) overhead. 

Virtual space:
  Non-class space:      128.00 MB reserved,     127.84 MB (>99%) committed 
      Class space:        1.00 GB reserved,      19.57 MB (  2%) committed 
             Both:        1.12 GB reserved,     147.41 MB ( 13%) committed 

Chunk freelists:
   Non-Class:  4.00 KB
       Class:  36.00 KB
        Both:  40.00 KB

MaxMetaspaceSize: 17179869184.00 GB
CompressedClassSpaceSize: 1.00 GB
Initial GC threshold: 20.80 MB
Current GC threshold: 240.68 MB
CDS: off

CodeHeap 'non-profiled nmethods': size=120064Kb used=13807Kb max_used=14138Kb free=106257Kb
 bounds [0x00000189f8130000, 0x00000189f8f10000, 0x00000189ff670000]
CodeHeap 'profiled nmethods': size=120000Kb used=52723Kb max_used=54464Kb free=67276Kb
 bounds [0x00000189f0c00000, 0x00000189f4140000, 0x00000189f8130000]
CodeHeap 'non-nmethods': size=5696Kb used=2502Kb max_used=2576Kb free=3193Kb
 bounds [0x00000189f0670000, 0x00000189f0900000, 0x00000189f0c00000]
 total_blobs=23555 nmethods=22505 adapters=958
 compilation: enabled
              stopped_count=0, restarted_count=0
 full_count=0

Compilation events (20 events):
Event: 943.331 Thread 0x0000018986804800 24372       3       org.gradle.api.internal.plugins.DefaultPluginContainer$2$1::isSatisfiedBy (9 bytes)
Event: 943.331 Thread 0x0000018986804800 nmethod 24372 0x00000189f1174610 code [0x00000189f1174820, 0x00000189f1174f68]
Event: 943.331 Thread 0x0000018986804800 24373       3       org.gradle.api.internal.plugins.DefaultPluginContainer$2$1::isSatisfiedBy (17 bytes)
Event: 943.332 Thread 0x0000018986804800 nmethod 24373 0x00000189f0fc1590 code [0x00000189f0fc1780, 0x00000189f0fc1d68]
Event: 943.336 Thread 0x000001898ef2c800 nmethod 24368 0x00000189f849f490 code [0x00000189f849f720, 0x00000189f84a0788]
Event: 943.336 Thread 0x000001898ef2c800 24367       4       org.objectweb.asm.MethodWriter::visitTypeInsn (116 bytes)
Event: 943.343 Thread 0x000001898ef2c800 nmethod 24367 0x00000189f86a5790 code [0x00000189f86a5960, 0x00000189f86a5ca8]
Event: 943.343 Thread 0x000001898ef2c800 24369       4       org.objectweb.asm.Type::getOpcode (284 bytes)
Event: 943.345 Thread 0x000001898ef2c800 nmethod 24369 0x00000189f86a5390 code [0x00000189f86a5520, 0x00000189f86a5658]
Event: 943.356 Thread 0x000001898ef2c800 24374       4       org.objectweb.asm.Frame::putAbstractType (379 bytes)
Event: 943.356 Thread 0x0000018986804800 24375       3       org.gradle.internal.instantiation.generator.AsmBackedClassGenerator$ClassBuilderImpl$$Lambda$150/0x0000000100312440::get$Lambda (9 bytes)
Event: 943.357 Thread 0x0000018986804800 nmethod 24375 0x00000189f1416e10 code [0x00000189f1416fe0, 0x00000189f1417238]
Event: 943.357 Thread 0x0000018986804800 24376       3       org.gradle.internal.instantiation.generator.AsmBackedClassGenerator$ClassBuilderImpl$$Lambda$150/0x0000000100312440::<init> (10 bytes)
Event: 943.357 Thread 0x0000018986804800 nmethod 24376 0x00000189f14b7090 code [0x00000189f14b7240, 0x00000189f14b73f8]
Event: 943.357 Thread 0x0000018986804800 24377       3       org.gradle.internal.instantiation.generator.AsmBackedClassGenerator$ClassBuilderImpl::lambda$addDynamicMethods$13 (11 bytes)
Event: 943.357 Thread 0x0000018986804800 nmethod 24377 0x00000189f14d4590 code [0x00000189f14d4740, 0x00000189f14d48c8]
Event: 943.378 Thread 0x0000018986804800 24382       3       org.gradle.tooling.internal.adapter.TypeInspector::visit (198 bytes)
Event: 943.383 Thread 0x0000018986804800 nmethod 24382 0x00000189f1cacf90 code [0x00000189f1cad540, 0x00000189f1cb08e8]
Event: 943.443 Thread 0x0000018986804800 24383       3       org.gradle.composite.internal.DefaultRootBuildState::getBuildIdentifier (4 bytes)
Event: 943.444 Thread 0x0000018986804800 nmethod 24383 0x00000189f1110890 code [0x00000189f1110a40, 0x00000189f1110b58]

GC Heap History (20 events):
Event: 796.120 GC heap before
{Heap before GC invocations=38 (full 0):
 garbage-first heap   total 273408K, used 143963K [0x0000000080000000, 0x0000000100000000)
  region size 1024K, 13 young (13312K), 9 survivors (9216K)
 Metaspace       used 132536K, capacity 136563K, committed 137636K, reserved 1169408K
  class space    used 16479K, capacity 18027K, committed 18508K, reserved 1048576K
}
Event: 796.146 GC heap after
{Heap after GC invocations=39 (full 0):
 garbage-first heap   total 273408K, used 133440K [0x0000000080000000, 0x0000000100000000)
  region size 1024K, 1 young (1024K), 1 survivors (1024K)
 Metaspace       used 132536K, capacity 136563K, committed 137636K, reserved 1169408K
  class space    used 16479K, capacity 18027K, committed 18508K, reserved 1048576K
}
Event: 796.868 GC heap before
{Heap before GC invocations=39 (full 0):
 garbage-first heap   total 273408K, used 164160K [0x0000000080000000, 0x0000000100000000)
  region size 1024K, 33 young (33792K), 1 survivors (1024K)
 Metaspace       used 132732K, capacity 136728K, committed 137636K, reserved 1169408K
  class space    used 16479K, capacity 18028K, committed 18508K, reserved 1048576K
}
Event: 796.877 GC heap after
{Heap after GC invocations=40 (full 0):
 garbage-first heap   total 273408K, used 133020K [0x0000000080000000, 0x0000000100000000)
  region size 1024K, 1 young (1024K), 1 survivors (1024K)
 Metaspace       used 132732K, capacity 136728K, committed 137636K, reserved 1169408K
  class space    used 16479K, capacity 18028K, committed 18508K, reserved 1048576K
}
Event: 935.898 GC heap before
{Heap before GC invocations=41 (full 0):
 garbage-first heap   total 273408K, used 271260K [0x0000000080000000, 0x0000000100000000)
  region size 1024K, 74 young (75776K), 1 survivors (1024K)
 Metaspace       used 135269K, capacity 139593K, committed 140324K, reserved 1171456K
  class space    used 16853K, capacity 18538K, committed 18892K, reserved 1048576K
}
Event: 935.914 GC heap after
{Heap after GC invocations=42 (full 0):
 garbage-first heap   total 285696K, used 197930K [0x0000000080000000, 0x0000000100000000)
  region size 1024K, 11 young (11264K), 11 survivors (11264K)
 Metaspace       used 135269K, capacity 139593K, committed 140324K, reserved 1171456K
  class space    used 16853K, capacity 18538K, committed 18892K, reserved 1048576K
}
Event: 935.975 GC heap before
{Heap before GC invocations=42 (full 0):
 garbage-first heap   total 285696K, used 199978K [0x0000000080000000, 0x0000000100000000)
  region size 1024K, 13 young (13312K), 11 survivors (11264K)
 Metaspace       used 135579K, capacity 139849K, committed 140580K, reserved 1171456K
  class space    used 16933K, capacity 18602K, committed 18892K, reserved 1048576K
}
Event: 935.989 GC heap after
{Heap after GC invocations=43 (full 0):
 garbage-first heap   total 285696K, used 191928K [0x0000000080000000, 0x0000000100000000)
  region size 1024K, 1 young (1024K), 1 survivors (1024K)
 Metaspace       used 135579K, capacity 139849K, committed 140580K, reserved 1171456K
  class space    used 16933K, capacity 18602K, committed 18892K, reserved 1048576K
}
Event: 938.453 GC heap before
{Heap before GC invocations=43 (full 0):
 garbage-first heap   total 285696K, used 241080K [0x0000000080000000, 0x0000000100000000)
  region size 1024K, 49 young (50176K), 1 survivors (1024K)
 Metaspace       used 139601K, capacity 144008K, committed 144420K, reserved 1175552K
  class space    used 17477K, capacity 19153K, committed 19404K, reserved 1048576K
}
Event: 938.470 GC heap after
{Heap after GC invocations=44 (full 0):
 garbage-first heap   total 285696K, used 194462K [0x0000000080000000, 0x0000000100000000)
  region size 1024K, 3 young (3072K), 3 survivors (3072K)
 Metaspace       used 139601K, capacity 144008K, committed 144420K, reserved 1175552K
  class space    used 17477K, capacity 19153K, committed 19404K, reserved 1048576K
}
Event: 942.013 GC heap before
{Heap before GC invocations=45 (full 0):
 garbage-first heap   total 285696K, used 269214K [0x0000000080000000, 0x0000000100000000)
  region size 1024K, 51 young (52224K), 3 survivors (3072K)
 Metaspace       used 141660K, capacity 146197K, committed 146468K, reserved 1175552K
  class space    used 17732K, capacity 19501K, committed 19660K, reserved 1048576K
}
Event: 942.030 GC heap after
{Heap after GC invocations=46 (full 0):
 garbage-first heap   total 285696K, used 228545K [0x0000000080000000, 0x0000000100000000)
  region size 1024K, 7 young (7168K), 7 survivors (7168K)
 Metaspace       used 141660K, capacity 146197K, committed 146468K, reserved 1175552K
  class space    used 17732K, capacity 19501K, committed 19660K, reserved 1048576K
}
Event: 942.111 GC heap before
{Heap before GC invocations=46 (full 0):
 garbage-first heap   total 285696K, used 234689K [0x0000000080000000, 0x0000000100000000)
  region size 1024K, 13 young (13312K), 7 survivors (7168K)
 Metaspace       used 141877K, capacity 146491K, committed 146724K, reserved 1177600K
  class space    used 17757K, capacity 19535K, committed 19660K, reserved 1048576K
}
Event: 942.133 GC heap after
{Heap after GC invocations=47 (full 0):
 garbage-first heap   total 285696K, used 216277K [0x0000000080000000, 0x0000000100000000)
  region size 1024K, 1 young (1024K), 1 survivors (1024K)
 Metaspace       used 141877K, capacity 146491K, committed 146724K, reserved 1177600K
  class space    used 17757K, capacity 19535K, committed 19660K, reserved 1048576K
}
Event: 942.315 GC heap before
{Heap before GC invocations=47 (full 0):
 garbage-first heap   total 285696K, used 246997K [0x0000000080000000, 0x0000000100000000)
  region size 1024K, 31 young (31744K), 1 survivors (1024K)
 Metaspace       used 142485K, capacity 147012K, committed 147364K, reserved 1177600K
  class space    used 17840K, capacity 19602K, committed 19788K, reserved 1048576K
}
Event: 942.325 GC heap after
{Heap after GC invocations=48 (full 0):
 garbage-first heap   total 285696K, used 216631K [0x0000000080000000, 0x0000000100000000)
  region size 1024K, 2 young (2048K), 2 survivors (2048K)
 Metaspace       used 142485K, capacity 147012K, committed 147364K, reserved 1177600K
  class space    used 17840K, capacity 19602K, committed 19788K, reserved 1048576K
}
Event: 943.071 GC heap before
{Heap before GC invocations=49 (full 0):
 garbage-first heap   total 285696K, used 246327K [0x0000000080000000, 0x0000000100000000)
  region size 1024K, 32 young (32768K), 2 survivors (2048K)
 Metaspace       used 143700K, capacity 148275K, committed 148516K, reserved 1177600K
  class space    used 17962K, capacity 19765K, committed 19916K, reserved 1048576K
}
Event: 943.080 GC heap after
{Heap after GC invocations=50 (full 0):
 garbage-first heap   total 285696K, used 217781K [0x0000000080000000, 0x0000000100000000)
  region size 1024K, 3 young (3072K), 3 survivors (3072K)
 Metaspace       used 143700K, capacity 148275K, committed 148516K, reserved 1177600K
  class space    used 17962K, capacity 19765K, committed 19916K, reserved 1048576K
}
Event: 943.297 GC heap before
{Heap before GC invocations=50 (full 0):
 garbage-first heap   total 285696K, used 228021K [0x0000000080000000, 0x0000000100000000)
  region size 1024K, 13 young (13312K), 3 survivors (3072K)
 Metaspace       used 145158K, capacity 149881K, committed 150180K, reserved 1179648K
  class space    used 18079K, capacity 19895K, committed 20044K, reserved 1048576K
}
Event: 943.310 GC heap after
{Heap after GC invocations=51 (full 0):
 garbage-first heap   total 285696K, used 217642K [0x0000000080000000, 0x0000000100000000)
  region size 1024K, 1 young (1024K), 1 survivors (1024K)
 Metaspace       used 145158K, capacity 149881K, committed 150180K, reserved 1179648K
  class space    used 18079K, capacity 19895K, committed 20044K, reserved 1048576K
}

Deoptimization events (20 events):
Event: 943.220 Thread 0x000001898e8cb800 Uncommon trap: trap_request=0xffffff4d fr.pc=0x00000189f831b1c4 relative=0x0000000000002064
Event: 943.220 Thread 0x000001898e8cb800 Uncommon trap: reason=unstable_if action=reinterpret pc=0x00000189f831b1c4 method=org.gradle.internal.ImmutableActionSet.add(Lorg/gradle/api/Action;)Lorg/gradle/internal/ImmutableActionSet; @ 25 c2
Event: 943.220 Thread 0x000001898e8cb800 DEOPT PACKING pc=0x00000189f831b1c4 sp=0x0000003dcb8fae90
Event: 943.220 Thread 0x000001898e8cb800 DEOPT UNPACKING pc=0x00000189f06ba1af sp=0x0000003dcb8fae78 mode 2
Event: 943.248 Thread 0x000001898e8cb800 Uncommon trap: trap_request=0xffffff4d fr.pc=0x00000189f8af359c relative=0x00000000000000dc
Event: 943.248 Thread 0x000001898e8cb800 Uncommon trap: reason=unstable_if action=reinterpret pc=0x00000189f8af359c method=org.objectweb.asm.Handler.getExceptionTableLength(Lorg/objectweb/asm/Handler;)I @ 5 c2
Event: 943.249 Thread 0x000001898e8cb800 DEOPT PACKING pc=0x00000189f8af359c sp=0x0000003dcb8f9550
Event: 943.249 Thread 0x000001898e8cb800 DEOPT UNPACKING pc=0x00000189f06ba1af sp=0x0000003dcb8f9470 mode 2
Event: 943.280 Thread 0x000001898e8cb800 Uncommon trap: trap_request=0xfffffff4 fr.pc=0x00000189f8ac396c relative=0x00000000000007ec
Event: 943.280 Thread 0x000001898e8cb800 Uncommon trap: reason=null_check action=make_not_entrant pc=0x00000189f8ac396c method=org.gradle.internal.instantiation.generator.AbstractClassGenerator$DslMixInPropertyType.visitProperty(Lorg/gradle/internal/instantiation/generator/AbstractClassGenerator
Event: 943.280 Thread 0x000001898e8cb800 DEOPT PACKING pc=0x00000189f8ac396c sp=0x0000003dcb8fa7f0
Event: 943.280 Thread 0x000001898e8cb800 DEOPT UNPACKING pc=0x00000189f06ba1af sp=0x0000003dcb8fa7c8 mode 2
Event: 943.338 Thread 0x000001898e8cb800 Uncommon trap: trap_request=0xffffffde fr.pc=0x00000189f85df1f8 relative=0x0000000000000558
Event: 943.338 Thread 0x000001898e8cb800 Uncommon trap: reason=class_check action=maybe_recompile pc=0x00000189f85df1f8 method=java.util.regex.Matcher.search(I)Z @ 121 c2
Event: 943.338 Thread 0x000001898e8cb800 DEOPT PACKING pc=0x00000189f85df1f8 sp=0x0000003dcb8fb2d0
Event: 943.338 Thread 0x000001898e8cb800 DEOPT UNPACKING pc=0x00000189f06ba1af sp=0x0000003dcb8fb228 mode 2
Event: 943.348 Thread 0x000001898e8cb800 DEOPT PACKING pc=0x00000189f3d4bc8c sp=0x0000003dcb8fb360
Event: 943.348 Thread 0x000001898e8cb800 DEOPT UNPACKING pc=0x00000189f06ba95e sp=0x0000003dcb8fa908 mode 0
Event: 943.372 Thread 0x000001898e8cb800 DEOPT PACKING pc=0x00000189f410df56 sp=0x0000003dcb8f9080
Event: 943.372 Thread 0x000001898e8cb800 DEOPT UNPACKING pc=0x00000189f06ba95e sp=0x0000003dcb8f8588 mode 0

Classes redefined (0 events):
No events

Internal exceptions (20 events):
Event: 942.659 Thread 0x000001898e8cb800 Exception <a 'java/lang/ClassNotFoundException'{0x0000000090ab39a0}: java/lang/IntegerBeanInfo> (0x0000000090ab39a0) thrown at [src/hotspot/share/classfile/systemDictionary.cpp, line 230]
Event: 942.659 Thread 0x000001898e8cb800 Exception <a 'java/lang/ClassNotFoundException'{0x0000000090abcef0}: java/lang/NumberBeanInfo> (0x0000000090abcef0) thrown at [src/hotspot/share/classfile/systemDictionary.cpp, line 230]
Event: 942.660 Thread 0x000001898e8cb800 Exception <a 'java/lang/ClassNotFoundException'{0x0000000090ac6880}: java/lang/NumberCustomizer> (0x0000000090ac6880) thrown at [src/hotspot/share/classfile/systemDictionary.cpp, line 230]
Event: 942.662 Thread 0x000001898e8cb800 Exception <a 'java/lang/ClassNotFoundException'{0x0000000090ad3108}: java/lang/IntegerCustomizer> (0x0000000090ad3108) thrown at [src/hotspot/share/classfile/systemDictionary.cpp, line 230]
Event: 942.669 Thread 0x000001898e8cb800 Exception <a 'java/lang/ClassNotFoundException'{0x0000000090938988}: org/gradle/internal/extensibility/DefaultConventionBeanInfo> (0x0000000090938988) thrown at [src/hotspot/share/classfile/systemDictionary.cpp, line 230]
Event: 942.670 Thread 0x000001898e8cb800 Exception <a 'java/lang/ClassNotFoundException'{0x000000009094f620}: org/gradle/internal/extensibility/DefaultConventionCustomizer> (0x000000009094f620) thrown at [src/hotspot/share/classfile/systemDictionary.cpp, line 230]
Event: 942.685 Thread 0x000001898e8cb800 Exception <a 'java/lang/ClassNotFoundException'{0x00000000909f32e8}: org/gradle/internal/extensibility/DefaultExtensionsSchemaBeanInfo> (0x00000000909f32e8) thrown at [src/hotspot/share/classfile/systemDictionary.cpp, line 230]
Event: 942.686 Thread 0x000001898e8cb800 Exception <a 'java/lang/ClassNotFoundException'{0x000000009080b5c0}: org/gradle/internal/extensibility/DefaultExtensionsSchemaCustomizer> (0x000000009080b5c0) thrown at [src/hotspot/share/classfile/systemDictionary.cpp, line 230]
Event: 942.688 Thread 0x000001898e8cb800 Exception <a 'java/lang/ClassNotFoundException'{0x000000009084bc70}: org/gradle/internal/extensibility/ExtensionsStorage$ExtensionHolderBeanInfo> (0x000000009084bc70) thrown at [src/hotspot/share/classfile/systemDictionary.cpp, line 230]
Event: 942.689 Thread 0x000001898e8cb800 Exception <a 'java/lang/ClassNotFoundException'{0x0000000090864dd8}: org/gradle/internal/extensibility/ExtensionsStorage$ExtensionHolderCustomizer> (0x0000000090864dd8) thrown at [src/hotspot/share/classfile/systemDictionary.cpp, line 230]
Event: 942.716 Thread 0x000001898e8cb800 Exception <a 'java/lang/ClassNotFoundException'{0x00000000905187b0}: org/codehaus/groovy/runtime/NullObjectBeanInfo> (0x00000000905187b0) thrown at [src/hotspot/share/classfile/systemDictionary.cpp, line 230]
Event: 942.721 Thread 0x000001898e8cb800 Exception <a 'java/lang/ClassNotFoundException'{0x00000000904ee790}: org/codehaus/groovy/runtime/NullObjectCustomizer> (0x00000000904ee790) thrown at [src/hotspot/share/classfile/systemDictionary.cpp, line 230]
Event: 942.743 Thread 0x00000189904f6800 Exception <a 'java/lang/NoSuchMethodError'{0x000000009074d618}: <clinit>> (0x000000009074d618) thrown at [src/hotspot/share/prims/jni.cpp, line 1367]
Event: 942.900 Thread 0x000001898e8cb800 Exception <a 'java/lang/ClassNotFoundException'{0x000000008fc8f958}: org/gradle/api/internal/tasks/DefaultSourceSetContainer_DecoratedBeanInfo> (0x000000008fc8f958) thrown at [src/hotspot/share/classfile/systemDictionary.cpp, line 230]
Event: 942.904 Thread 0x000001898e8cb800 Exception <a 'java/lang/ClassNotFoundException'{0x000000008fcb26e8}: org/gradle/api/internal/tasks/DefaultSourceSetContainerBeanInfo> (0x000000008fcb26e8) thrown at [src/hotspot/share/classfile/systemDictionary.cpp, line 230]
Event: 942.906 Thread 0x000001898e8cb800 Exception <a 'java/lang/ClassNotFoundException'{0x000000008fcd5740}: org/gradle/api/internal/tasks/DefaultSourceSetContainerCustomizer> (0x000000008fcd5740) thrown at [src/hotspot/share/classfile/systemDictionary.cpp, line 230]
Event: 942.908 Thread 0x000001898e8cb800 Exception <a 'java/lang/ClassNotFoundException'{0x000000008fb07900}: org/gradle/api/internal/tasks/DefaultSourceSetContainer_DecoratedCustomizer> (0x000000008fb07900) thrown at [src/hotspot/share/classfile/systemDictionary.cpp, line 230]
Event: 943.000 Thread 0x00000189904f6800 Exception <a 'java/lang/NoSuchMethodError'{0x000000008fc6d5f8}: <clinit>> (0x000000008fc6d5f8) thrown at [src/hotspot/share/prims/jni.cpp, line 1367]
Event: 943.213 Thread 0x000001898e8cb800 Implicit null exception at 0x00000189f8ac4488 to 0x00000189f8ac4abc
Event: 943.280 Thread 0x000001898e8cb800 Implicit null exception at 0x00000189f8ac31ee to 0x00000189f8ac3958

Events (20 events):
Event: 943.442 loading class com/android/builder/model/NativeAndroidProject
Event: 943.442 loading class com/android/builder/model/NativeAndroidProject done
Event: 943.442 loading class com/android/builder/model/NativeVariantAbi
Event: 943.442 loading class com/android/builder/model/NativeVariantAbi done
Event: 943.442 loading class com/android/ide/gradle/model/artifacts/AdditionalClassifierArtifactsModel
Event: 943.442 loading class com/android/ide/gradle/model/artifacts/AdditionalClassifierArtifactsModel done
Event: 943.443 loading class com/android/ide/gradle/model/LegacyV1AgpVersionModel
Event: 943.443 loading class com/android/ide/gradle/model/LegacyV1AgpVersionModel done
Event: 943.444 loading class com/android/tools/idea/gradle/project/sync/BasicNonAndroidIncompleteGradleModule
Event: 943.444 loading class com/android/tools/idea/gradle/project/sync/BasicNonAndroidIncompleteGradleModule done
Event: 943.444 loading class com/android/tools/idea/gradle/project/sync/BasicIncompleteGradleModule
Event: 943.444 loading class com/android/tools/idea/gradle/project/sync/BasicIncompleteGradleModule done
Event: 943.445 loading class com/android/build/gradle/internal/ide/v2/VersionImpl
Event: 943.445 loading class com/android/build/gradle/internal/ide/v2/VersionImpl done
Event: 943.445 loading class com/android/builder/model/v2/models/Versions$Version
Event: 943.445 loading class com/android/builder/model/v2/models/Versions$Version done
Event: 943.446 loading class com/android/build/gradle/internal/ide/v2/VersionImpl$Companion
Event: 943.446 loading class com/android/build/gradle/internal/ide/v2/VersionImpl$Companion done
Event: 943.447 loading class com/android/build/gradle/internal/ide/v2/VersionsImpl
Event: 943.447 loading class com/android/build/gradle/internal/ide/v2/VersionsImpl done


Dynamic libraries:
0x00007ff6da780000 - 0x00007ff6da78a000 	C:\Program Files\Android\Android Studio\jbr\bin\java.exe
0x00007ff9227d0000 - 0x00007ff9229c8000 	C:\Windows\SYSTEM32\ntdll.dll
0x00007ff920910000 - 0x00007ff9209cf000 	C:\Windows\System32\KERNEL32.DLL
0x00007ff920120000 - 0x00007ff9203f2000 	C:\Windows\System32\KERNELBASE.dll
0x00007ff920020000 - 0x00007ff920120000 	C:\Windows\System32\ucrtbase.dll
0x00007ff90e550000 - 0x00007ff90e567000 	C:\Program Files\Android\Android Studio\jbr\bin\jli.dll
0x00007ff90ff60000 - 0x00007ff90ff7b000 	C:\Program Files\Android\Android Studio\jbr\bin\VCRUNTIME140.dll
0x00007ff922420000 - 0x00007ff9225c1000 	C:\Windows\System32\USER32.dll
0x00007ff91f2d0000 - 0x00007ff91f56a000 	C:\Windows\WinSxS\amd64_microsoft.windows.common-controls_6595b64144ccf1df_6.0.19041.1110_none_60b5254171f9507e\COMCTL32.dll
0x00007ff920400000 - 0x00007ff920422000 	C:\Windows\System32\win32u.dll
0x00007ff922300000 - 0x00007ff92239e000 	C:\Windows\System32\msvcrt.dll
0x00007ff921250000 - 0x00007ff92127b000 	C:\Windows\System32\GDI32.dll
0x00007ff9206c0000 - 0x00007ff9207cf000 	C:\Windows\System32\gdi32full.dll
0x00007ff91ff80000 - 0x00007ff92001d000 	C:\Windows\System32\msvcp_win.dll
0x00007ff9221c0000 - 0x00007ff9221f0000 	C:\Windows\System32\IMM32.DLL
0x00007ff8ff550000 - 0x00007ff8ff5dd000 	C:\Program Files\Android\Android Studio\jbr\bin\msvcp140.dll
0x00007ff91ae00000 - 0x00007ff91ae0c000 	C:\Windows\SYSTEM32\VCRUNTIME140_1.dll
0x00007ff8d1d00000 - 0x00007ff8d28bc000 	C:\Program Files\Android\Android Studio\jbr\bin\server\jvm.dll
0x00007ff9221f0000 - 0x00007ff92229e000 	C:\Windows\System32\ADVAPI32.dll
0x00007ff921900000 - 0x00007ff92199c000 	C:\Windows\System32\sechost.dll
0x00007ff921540000 - 0x00007ff921664000 	C:\Windows\System32\RPCRT4.dll
0x00007ff9209d0000 - 0x00007ff9209d8000 	C:\Windows\System32\PSAPI.DLL
0x00007ff911ff0000 - 0x00007ff912017000 	C:\Windows\SYSTEM32\WINMM.dll
0x00007ff91b650000 - 0x00007ff91b659000 	C:\Windows\SYSTEM32\WSOCK32.dll
0x00007ff915040000 - 0x00007ff91504a000 	C:\Windows\SYSTEM32\VERSION.dll
0x00007ff922150000 - 0x00007ff9221bb000 	C:\Windows\System32\WS2_32.dll
0x00007ff91d720000 - 0x00007ff91d732000 	C:\Windows\SYSTEM32\kernel.appcore.dll
0x00007ff91b640000 - 0x00007ff91b650000 	C:\Program Files\Android\Android Studio\jbr\bin\verify.dll
0x00007ff91f950000 - 0x00007ff91fb34000 	C:\Windows\SYSTEM32\DBGHELP.DLL
0x00007ff91f6a0000 - 0x00007ff91f6d5000 	C:\Windows\SYSTEM32\dbgcore.DLL
0x00007ff9204a0000 - 0x00007ff920522000 	C:\Windows\System32\bcryptPrimitives.dll
0x00007ff91aba0000 - 0x00007ff91abc8000 	C:\Program Files\Android\Android Studio\jbr\bin\java.dll
0x00007ff918460000 - 0x00007ff91846a000 	C:\Program Files\Android\Android Studio\jbr\bin\jimage.dll
0x00007ff918300000 - 0x00007ff918318000 	C:\Program Files\Android\Android Studio\jbr\bin\zip.dll
0x00007ff921a00000 - 0x00007ff922145000 	C:\Windows\System32\SHELL32.dll
0x00007ff91d920000 - 0x00007ff91e0b2000 	C:\Windows\SYSTEM32\windows.storage.dll
0x00007ff9209e0000 - 0x00007ff920d35000 	C:\Windows\System32\combase.dll
0x00007ff91f230000 - 0x00007ff91f260000 	C:\Windows\SYSTEM32\Wldp.dll
0x00007ff921850000 - 0x00007ff9218fd000 	C:\Windows\System32\SHCORE.dll
0x00007ff921670000 - 0x00007ff9216c5000 	C:\Windows\System32\shlwapi.dll
0x00007ff91fe10000 - 0x00007ff91fe2f000 	C:\Windows\SYSTEM32\profapi.dll
0x00007ff9182c0000 - 0x00007ff9182d9000 	C:\Program Files\Android\Android Studio\jbr\bin\net.dll
0x00007ff919e60000 - 0x00007ff919f6a000 	C:\Windows\SYSTEM32\WINHTTP.dll
0x00007ff91f100000 - 0x00007ff91f16a000 	C:\Windows\system32\mswsock.dll
0x00007ff90d5b0000 - 0x00007ff90d5c3000 	C:\Program Files\Android\Android Studio\jbr\bin\nio.dll
0x00007ff90fef0000 - 0x00007ff90ff17000 	C:\Users\ashish aggarwal\.gradle\native\e1d6ef7f7dcc3fd88c89a11ec53ec762bb8ba0a96d01ffa2cd45eb1d1d8dd5c5\windows-amd64\native-platform.dll
0x00007ff90ae50000 - 0x00007ff90af94000 	C:\Users\ashish aggarwal\.gradle\native\0d407fdbe67a94daf76414ababcb853783967236a71b16ec16e742cd7a986fd3\windows-amd64\native-platform-file-events.dll
0x00007ff918450000 - 0x00007ff91845a000 	C:\Program Files\Android\Android Studio\jbr\bin\management.dll
0x00007ff9182f0000 - 0x00007ff9182fb000 	C:\Program Files\Android\Android Studio\jbr\bin\management_ext.dll
0x00007ff91fc60000 - 0x00007ff91fc78000 	C:\Windows\SYSTEM32\CRYPTSP.dll
0x00007ff91e910000 - 0x00007ff91e944000 	C:\Windows\system32\rsaenh.dll
0x00007ff920690000 - 0x00007ff9206b7000 	C:\Windows\System32\bcrypt.dll
0x00007ff91fdd0000 - 0x00007ff91fdfe000 	C:\Windows\SYSTEM32\USERENV.dll
0x00007ff91f1f0000 - 0x00007ff91f1fc000 	C:\Windows\SYSTEM32\CRYPTBASE.dll
0x00007ff91ec80000 - 0x00007ff91ecbb000 	C:\Windows\SYSTEM32\IPHLPAPI.DLL
0x00007ff922780000 - 0x00007ff922788000 	C:\Windows\System32\NSI.dll
0x00007ff9157b0000 - 0x00007ff9157c7000 	C:\Windows\SYSTEM32\dhcpcsvc6.DLL
0x00007ff9155a0000 - 0x00007ff9155bd000 	C:\Windows\SYSTEM32\dhcpcsvc.DLL
0x00007ff91ecc0000 - 0x00007ff91ed8b000 	C:\Windows\SYSTEM32\DNSAPI.dll
0x00007ff91ad80000 - 0x00007ff91ad87000 	C:\Program Files\Android\Android Studio\jbr\bin\rmi.dll
0x00007ff90d5e0000 - 0x00007ff90d607000 	C:\Program Files\Android\Android Studio\jbr\bin\sunec.dll
0x00007ff91fc20000 - 0x00007ff91fc53000 	C:\Windows\SYSTEM32\ntmarta.dll

dbghelp: loaded successfully - version: 4.0.5 - missing functions: none
symbol engine: initialized successfully - sym options: 0x614 - pdb path: .;C:\Program Files\Android\Android Studio\jbr\bin;C:\Windows\SYSTEM32;C:\Windows\WinSxS\amd64_microsoft.windows.common-controls_6595b64144ccf1df_6.0.19041.1110_none_60b5254171f9507e;C:\Program Files\Android\Android Studio\jbr\bin\server;C:\Users\ashish aggarwal\.gradle\native\e1d6ef7f7dcc3fd88c89a11ec53ec762bb8ba0a96d01ffa2cd45eb1d1d8dd5c5\windows-amd64;C:\Users\ashish aggarwal\.gradle\native\0d407fdbe67a94daf76414ababcb853783967236a71b16ec16e742cd7a986fd3\windows-amd64

VM Arguments:
jvm_args: --add-opens=java.base/java.util=ALL-UNNAMED --add-opens=java.base/java.lang=ALL-UNNAMED --add-opens=java.base/java.lang.invoke=ALL-UNNAMED --add-opens=java.base/java.util=ALL-UNNAMED --add-opens=java.prefs/java.util.prefs=ALL-UNNAMED --add-opens=java.prefs/java.util.prefs=ALL-UNNAMED --add-opens=java.base/java.nio.charset=ALL-UNNAMED --add-opens=java.base/java.net=ALL-UNNAMED --add-opens=java.base/java.util.concurrent.atomic=ALL-UNNAMED -Xmx2048m -Dfile.encoding=UTF-8 -Duser.country=US -Duser.language=en -Duser.variant 
java_command: org.gradle.launcher.daemon.bootstrap.GradleDaemon 7.5
java_class_path (initial): C:\Users\ashish aggarwal\.gradle\wrapper\dists\gradle-7.5-bin\f1w0cc9nuo0eivz97x2xlu9sv\gradle-7.5\lib\gradle-launcher-7.5.jar
Launcher Type: SUN_STANDARD

[Global flags]
     intx CICompilerCount                          = 3                                         {product} {ergonomic}
     uint ConcGCThreads                            = 1                                         {product} {ergonomic}
     uint G1ConcRefinementThreads                  = 4                                         {product} {ergonomic}
   size_t G1HeapRegionSize                         = 1048576                                   {product} {ergonomic}
    uintx GCDrainStackTargetSize                   = 64                                        {product} {ergonomic}
   size_t InitialHeapSize                          = 134217728                                 {product} {ergonomic}
   size_t MarkStackSize                            = 4194304                                   {product} {ergonomic}
   size_t MaxHeapSize                              = 2147483648                                {product} {command line}
   size_t MaxNewSize                               = 1287651328                                {product} {ergonomic}
   size_t MinHeapDeltaBytes                        = 1048576                                   {product} {ergonomic}
    uintx NonNMethodCodeHeapSize                   = 5830732                                {pd product} {ergonomic}
    uintx NonProfiledCodeHeapSize                  = 122913754                              {pd product} {ergonomic}
    uintx ProfiledCodeHeapSize                     = 122913754                              {pd product} {ergonomic}
    uintx ReservedCodeCacheSize                    = 251658240                              {pd product} {ergonomic}
     bool SegmentedCodeCache                       = true                                      {product} {ergonomic}
     bool UseCompressedClassPointers               = true                                 {lp64_product} {ergonomic}
     bool UseCompressedOops                        = true                                 {lp64_product} {ergonomic}
     bool UseG1GC                                  = true                                      {product} {ergonomic}
     bool UseLargePagesIndividualAllocation        = false                                  {pd product} {ergonomic}

Logging:
Log output configuration:
 #0: stdout all=warning uptime,level,tags
 #1: stderr all=off uptime,level,tags

Environment Variables:
JAVA_HOME=C:\Program Files\Eclipse Adoptium\jdk-17.0.6.10-hotspot\
PATH=C:\Program Files\Eclipse Adoptium\jdk-17.0.6.10-hotspot\bin;C:\Program Files\Common Files\Oracle\Java\javapath;C:\Windows\system32;C:\Windows;C:\Windows\System32\Wbem;C:\Windows\System32\WindowsPowerShell\v1.0\;C:\Windows\System32\OpenSSH\;C:\Program Files\PowerShell\7\;C:\Users\ashish aggarwal\AppData\Local\Android\Sdk\platform-tools;C:\Program Files\Git\cmd;C:\Program Files\Git\mingw64\bin\;C:\Users\ashish aggarwal\AppData\Local\Microsoft\WindowsApps;C:\Program Files\Git\bin;C:\Users\ashish aggarwal\AppData\Local\Programs\Microsoft VS Code\bin
USERNAME=ashish-aggarwal
OS=Windows_NT
PROCESSOR_IDENTIFIER=Intel64 Family 6 Model 69 Stepping 1, GenuineIntel



---------------  S Y S T E M  ---------------

OS: Windows 10 , 64 bit Build 19041 (10.0.19041.2546)
OS uptime: 0 days 5:52 hours

CPU:total 4 (initial active 4) (2 cores per cpu, 2 threads per core) family 6 model 69 stepping 1 microcode 0x25, cmov, cx8, fxsr, mmx, sse, sse2, sse3, ssse3, sse4.1, sse4.2, popcnt, avx, avx2, aes, clmul, erms, lzcnt, ht, tsc, tscinvbit, bmi1, bmi2, fma

Memory: 4k page, system-wide physical 8123M (955M free)
TotalPageFile size 11963M (AvailPageFile size 3163M)
current process WorkingSet (physical memory assigned to process): 698M, peak: 698M
current process commit charge ("private bytes"): 725M, peak: 726M

vm_info: OpenJDK 64-Bit Server VM (11.0.15+0-b2043.56-8887301) for windows-amd64 JRE (11.0.15+0-b2043.56-8887301), built on Jul 29 2022 23:19:47 by "builduser" with unknown MS VC++:1929

END.
